<?xml version="1.0" encoding="UTF-8"?>
<coverage generated="1767220257628" clover="3.2.0">
  <project timestamp="1767220257628" name="All files">
    <metrics statements="2034" coveredstatements="1843" conditionals="1004" coveredconditionals="748" methods="285" coveredmethods="251" elements="3323" coveredelements="2842" complexity="0" loc="2034" ncloc="2034" packages="18" files="63" classes="63"/>
    <package name="scripts">
      <metrics statements="37" coveredstatements="25" conditionals="25" coveredconditionals="19" methods="8" coveredmethods="4"/>
      <file name="find-magic-values.js" path="D:\GitHub\NanoBotsIdle\scripts\find-magic-values.js">
        <metrics statements="37" coveredstatements="25" conditionals="25" coveredconditionals="19" methods="8" coveredmethods="4"/>
        <line num="4" count="1" type="stmt"/>
        <line num="7" count="22" type="stmt"/>
        <line num="8" count="22" type="stmt"/>
        <line num="9" count="22" type="stmt"/>
        <line num="10" count="141" type="cond" truecount="4" falsecount="1"/>
        <line num="11" count="141" type="stmt"/>
        <line num="12" count="141" type="cond" truecount="2" falsecount="0"/>
        <line num="13" count="21" type="stmt"/>
        <line num="14" count="21" type="stmt"/>
        <line num="15" count="120" type="cond" truecount="2" falsecount="0"/>
        <line num="16" count="118" type="stmt"/>
        <line num="19" count="22" type="stmt"/>
        <line num="23" count="1" type="stmt"/>
        <line num="24" count="1" type="stmt"/>
        <line num="25" count="1" type="stmt"/>
        <line num="27" count="118" type="stmt"/>
        <line num="28" count="118" type="stmt"/>
        <line num="29" count="118" type="stmt"/>
        <line num="31" count="9797" type="stmt"/>
        <line num="32" count="1936" type="stmt"/>
        <line num="33" count="1936" type="stmt"/>
        <line num="35" count="1936" type="cond" truecount="5" falsecount="0"/>
        <line num="36" count="948" type="stmt"/>
        <line num="41" count="1" type="stmt"/>
        <line num="45" count="0" type="stmt"/>
        <line num="46" count="0" type="cond" truecount="0" falsecount="2"/>
        <line num="47" count="0" type="stmt"/>
        <line num="48" count="0" type="stmt"/>
        <line num="50" count="0" type="stmt"/>
        <line num="51" count="0" type="stmt"/>
        <line num="52" count="0" type="stmt"/>
        <line num="54" count="0" type="stmt"/>
        <line num="57" count="1" type="cond" truecount="3" falsecount="1"/>
        <line num="58" count="0" type="stmt"/>
        <line num="59" count="0" type="cond" truecount="0" falsecount="2"/>
        <line num="61" count="0" type="stmt"/>
        <line num="62" count="0" type="stmt"/>
      </file>
    </package>
    <package name="src">
      <metrics statements="52" coveredstatements="51" conditionals="32" coveredconditionals="30" methods="18" coveredmethods="17"/>
      <file name="constants.ts" path="D:\GitHub\NanoBotsIdle\src\constants.ts">
        <metrics statements="9" coveredstatements="9" conditionals="0" coveredconditionals="0" methods="0" coveredmethods="0"/>
        <line num="3" count="3" type="stmt"/>
        <line num="4" count="3" type="stmt"/>
        <line num="5" count="3" type="stmt"/>
        <line num="6" count="3" type="stmt"/>
        <line num="8" count="3" type="stmt"/>
        <line num="11" count="3" type="stmt"/>
        <line num="12" count="3" type="stmt"/>
        <line num="13" count="3" type="stmt"/>
        <line num="14" count="3" type="stmt"/>
      </file>
      <file name="store.ts" path="D:\GitHub\NanoBotsIdle\src\store.ts">
        <metrics statements="23" coveredstatements="22" conditionals="14" coveredconditionals="12" methods="13" coveredmethods="12"/>
        <line num="35" count="6" type="stmt"/>
        <line num="36" count="6" type="stmt"/>
        <line num="38" count="6" type="stmt"/>
        <line num="40" count="6" type="stmt"/>
        <line num="54" count="9" type="stmt"/>
        <line num="56" count="4" type="stmt"/>
        <line num="58" count="1" type="stmt"/>
        <line num="61" count="1" type="stmt"/>
        <line num="70" count="16" type="stmt"/>
        <line num="71" count="16" type="stmt"/>
        <line num="72" count="16" type="stmt"/>
        <line num="76" count="6" type="stmt"/>
        <line num="77" count="6" type="stmt"/>
        <line num="79" count="6" type="cond" truecount="2" falsecount="0"/>
        <line num="80" count="5" type="stmt"/>
        <line num="81" count="5" type="stmt"/>
        <line num="82" count="5" type="cond" truecount="2" falsecount="0"/>
        <line num="83" count="5" type="cond" truecount="2" falsecount="0"/>
        <line num="84" count="5" type="cond" truecount="2" falsecount="0"/>
        <line num="85" count="5" type="cond" truecount="2" falsecount="0"/>
        <line num="86" count="5" type="cond" truecount="2" falsecount="0"/>
        <line num="87" count="5" type="stmt"/>
        <line num="97" count="0" type="cond" truecount="0" falsecount="2"/>
      </file>
      <file name="utils.ts" path="D:\GitHub\NanoBotsIdle\src\utils.ts">
        <metrics statements="20" coveredstatements="20" conditionals="18" coveredconditionals="18" methods="5" coveredmethods="5"/>
        <line num="13" count="15" type="stmt"/>
        <line num="14" count="3" type="stmt"/>
        <line num="15" count="3" type="stmt"/>
        <line num="22" count="15" type="cond" truecount="1" falsecount="0"/>
        <line num="24" count="1853033" type="cond" truecount="2" falsecount="0"/>
        <line num="25" count="1850918" type="cond" truecount="2" falsecount="0"/>
        <line num="26" count="1844283" type="cond" truecount="2" falsecount="0"/>
        <line num="27" count="1834101" type="cond" truecount="2" falsecount="0"/>
        <line num="28" count="1798015" type="cond" truecount="2" falsecount="0"/>
        <line num="29" count="1527016" type="cond" truecount="2" falsecount="0"/>
        <line num="30" count="879231" type="stmt"/>
        <line num="33" count="15" type="cond" truecount="1" falsecount="0"/>
        <line num="34" count="2" type="cond" truecount="2" falsecount="0"/>
        <line num="35" count="1" type="stmt"/>
        <line num="39" count="15" type="stmt"/>
        <line num="41" count="2" type="stmt"/>
        <line num="43" count="2" type="cond" truecount="2" falsecount="0"/>
        <line num="44" count="1" type="stmt"/>
        <line num="48" count="15" type="stmt"/>
        <line num="49" count="1" type="stmt"/>
      </file>
    </package>
    <package name="src.components">
      <metrics statements="30" coveredstatements="28" conditionals="6" coveredconditionals="4" methods="4" coveredmethods="4"/>
      <file name="DynamicResScaler.tsx" path="D:\GitHub\NanoBotsIdle\src\components\DynamicResScaler.tsx">
        <metrics statements="30" coveredstatements="28" conditionals="6" coveredconditionals="4" methods="4" coveredmethods="4"/>
        <line num="10" count="2" type="stmt"/>
        <line num="12" count="2" type="stmt"/>
        <line num="13" count="1" type="stmt"/>
        <line num="14" count="1" type="stmt"/>
        <line num="15" count="1" type="stmt"/>
        <line num="16" count="1" type="stmt"/>
        <line num="17" count="1" type="stmt"/>
        <line num="18" count="1" type="stmt"/>
        <line num="20" count="1" type="stmt"/>
        <line num="22" count="1" type="stmt"/>
        <line num="23" count="1" type="stmt"/>
        <line num="26" count="1" type="stmt"/>
        <line num="29" count="1" type="stmt"/>
        <line num="30" count="11" type="stmt"/>
        <line num="31" count="11" type="stmt"/>
        <line num="32" count="11" type="stmt"/>
        <line num="34" count="11" type="cond" truecount="2" falsecount="0"/>
        <line num="35" count="1" type="stmt"/>
        <line num="36" count="1" type="stmt"/>
        <line num="38" count="1" type="stmt"/>
        <line num="39" count="1" type="stmt"/>
        <line num="42" count="1" type="cond" truecount="1" falsecount="1"/>
        <line num="43" count="0" type="stmt"/>
        <line num="44" count="0" type="stmt"/>
        <line num="47" count="1" type="stmt"/>
        <line num="49" count="1" type="cond" truecount="1" falsecount="1"/>
        <line num="50" count="1" type="stmt"/>
        <line num="51" count="1" type="stmt"/>
        <line num="52" count="1" type="stmt"/>
        <line num="58" count="1" type="stmt"/>
      </file>
    </package>
    <package name="src.components.drones">
      <metrics statements="163" coveredstatements="146" conditionals="92" coveredconditionals="66" methods="4" coveredmethods="4"/>
      <file name="droneInstancedVisuals.ts" path="D:\GitHub\NanoBotsIdle\src\components\drones\droneInstancedVisuals.ts">
        <metrics statements="163" coveredstatements="146" conditionals="92" coveredconditionals="66" methods="4" coveredmethods="4"/>
        <line num="9" count="2" type="stmt"/>
        <line num="15" count="2" type="stmt"/>
        <line num="20" count="2" type="stmt"/>
        <line num="21" count="2" type="stmt"/>
        <line num="22" count="2" type="stmt"/>
        <line num="23" count="2" type="stmt"/>
        <line num="24" count="2" type="stmt"/>
        <line num="25" count="2" type="stmt"/>
        <line num="26" count="2" type="stmt"/>
        <line num="28" count="2" type="stmt"/>
        <line num="29" count="10" type="stmt"/>
        <line num="30" count="10" type="cond" truecount="4" falsecount="0"/>
        <line num="31" count="5" type="stmt"/>
        <line num="32" count="5" type="stmt"/>
        <line num="33" count="5" type="stmt"/>
        <line num="34" count="5" type="stmt"/>
        <line num="37" count="2" type="stmt"/>
        <line num="38" count="10" type="stmt"/>
        <line num="39" count="10" type="cond" truecount="4" falsecount="0"/>
        <line num="40" count="5" type="stmt"/>
        <line num="41" count="5" type="stmt"/>
        <line num="42" count="5" type="stmt"/>
        <line num="43" count="5" type="stmt"/>
        <line num="46" count="2" type="stmt"/>
        <line num="47" count="24" type="stmt"/>
        <line num="48" count="24" type="stmt"/>
        <line num="49" count="24" type="stmt"/>
        <line num="50" count="24" type="stmt"/>
        <line num="51" count="24" type="stmt"/>
        <line num="54" count="2" type="stmt"/>
        <line num="68" count="10" type="stmt"/>
        <line num="69" count="10" type="cond" truecount="1" falsecount="1"/>
        <line num="71" count="10" type="stmt"/>
        <line num="73" count="10" type="cond" truecount="2" falsecount="0"/>
        <line num="74" count="4" type="stmt"/>
        <line num="78" count="10" type="stmt"/>
        <line num="79" count="10" type="cond" truecount="1" falsecount="1"/>
        <line num="81" count="10" type="stmt"/>
        <line num="84" count="10" type="cond" truecount="2" falsecount="0"/>
        <line num="85" count="9" type="stmt"/>
        <line num="89" count="10" type="cond" truecount="1" falsecount="2"/>
        <line num="90" count="10" type="stmt"/>
        <line num="91" count="10" type="stmt"/>
        <line num="93" count="10" type="stmt"/>
        <line num="95" count="10" type="stmt"/>
        <line num="96" count="10" type="stmt"/>
        <line num="97" count="10" type="stmt"/>
        <line num="98" count="10" type="stmt"/>
        <line num="100" count="10" type="stmt"/>
        <line num="101" count="10" type="stmt"/>
        <line num="102" count="10" type="stmt"/>
        <line num="103" count="10" type="stmt"/>
        <line num="104" count="10" type="stmt"/>
        <line num="105" count="10" type="stmt"/>
        <line num="106" count="10" type="stmt"/>
        <line num="107" count="10" type="stmt"/>
        <line num="109" count="10" type="stmt"/>
        <line num="110" count="12" type="stmt"/>
        <line num="111" count="12" type="stmt"/>
        <line num="112" count="12" type="stmt"/>
        <line num="113" count="12" type="stmt"/>
        <line num="116" count="12" type="stmt"/>
        <line num="119" count="12" type="stmt"/>
        <line num="121" count="12" type="stmt"/>
        <line num="122" count="12" type="stmt"/>
        <line num="123" count="12" type="stmt"/>
        <line num="125" count="12" type="cond" truecount="3" falsecount="0"/>
        <line num="127" count="12" type="cond" truecount="1" falsecount="1"/>
        <line num="128" count="12" type="cond" truecount="2" falsecount="0"/>
        <line num="129" count="12" type="cond" truecount="2" falsecount="0"/>
        <line num="131" count="12" type="cond" truecount="2" falsecount="0"/>
        <line num="132" count="6" type="stmt"/>
        <line num="133" count="6" type="stmt"/>
        <line num="134" count="6" type="stmt"/>
        <line num="136" count="6" type="cond" truecount="1" falsecount="1"/>
        <line num="137" count="6" type="stmt"/>
        <line num="138" count="6" type="stmt"/>
        <line num="140" count="0" type="stmt"/>
        <line num="144" count="6" type="stmt"/>
        <line num="145" count="6" type="stmt"/>
        <line num="146" count="6" type="stmt"/>
        <line num="147" count="6" type="stmt"/>
        <line num="148" count="6" type="stmt"/>
        <line num="150" count="6" type="cond" truecount="1" falsecount="1"/>
        <line num="151" count="0" type="cond" truecount="0" falsecount="2"/>
        <line num="152" count="0" type="cond" truecount="0" falsecount="2"/>
        <line num="153" count="0" type="stmt"/>
        <line num="154" count="0" type="stmt"/>
        <line num="155" count="0" type="cond" truecount="0" falsecount="2"/>
        <line num="156" count="0" type="stmt"/>
        <line num="157" count="0" type="stmt"/>
        <line num="158" count="0" type="cond" truecount="0" falsecount="2"/>
        <line num="159" count="0" type="cond" truecount="0" falsecount="2"/>
        <line num="166" count="6" type="stmt"/>
        <line num="170" count="6" type="stmt"/>
        <line num="171" count="6" type="stmt"/>
        <line num="172" count="6" type="stmt"/>
        <line num="173" count="6" type="stmt"/>
        <line num="174" count="6" type="stmt"/>
        <line num="175" count="6" type="stmt"/>
        <line num="177" count="6" type="cond" truecount="2" falsecount="0"/>
        <line num="178" count="4" type="cond" truecount="2" falsecount="0"/>
        <line num="179" count="4" type="cond" truecount="2" falsecount="0"/>
        <line num="180" count="3" type="stmt"/>
        <line num="181" count="3" type="cond" truecount="2" falsecount="0"/>
        <line num="182" count="3" type="stmt"/>
        <line num="183" count="3" type="stmt"/>
        <line num="184" count="3" type="stmt"/>
        <line num="185" count="3" type="cond" truecount="1" falsecount="1"/>
        <line num="186" count="3" type="cond" truecount="1" falsecount="1"/>
        <line num="192" count="6" type="cond" truecount="4" falsecount="0"/>
        <line num="194" count="3" type="stmt"/>
        <line num="196" count="3" type="stmt"/>
        <line num="197" count="3" type="stmt"/>
        <line num="198" count="3" type="stmt"/>
        <line num="199" count="3" type="stmt"/>
        <line num="200" count="3" type="stmt"/>
        <line num="202" count="3" type="stmt"/>
        <line num="205" count="6" type="cond" truecount="4" falsecount="0"/>
        <line num="206" count="3" type="stmt"/>
        <line num="207" count="3" type="stmt"/>
        <line num="208" count="3" type="stmt"/>
        <line num="209" count="3" type="stmt"/>
        <line num="210" count="3" type="stmt"/>
        <line num="212" count="3" type="stmt"/>
        <line num="215" count="6" type="stmt"/>
        <line num="219" count="6" type="stmt"/>
        <line num="220" count="6" type="stmt"/>
        <line num="221" count="6" type="stmt"/>
        <line num="222" count="6" type="stmt"/>
        <line num="223" count="6" type="stmt"/>
        <line num="225" count="6" type="cond" truecount="1" falsecount="1"/>
        <line num="226" count="6" type="cond" truecount="1" falsecount="1"/>
        <line num="227" count="6" type="cond" truecount="2" falsecount="0"/>
        <line num="228" count="4" type="stmt"/>
        <line num="229" count="4" type="stmt"/>
        <line num="230" count="4" type="cond" truecount="2" falsecount="0"/>
        <line num="231" count="4" type="stmt"/>
        <line num="232" count="4" type="stmt"/>
        <line num="233" count="4" type="cond" truecount="2" falsecount="0"/>
        <line num="234" count="4" type="cond" truecount="1" falsecount="1"/>
        <line num="238" count="6" type="cond" truecount="1" falsecount="1"/>
        <line num="239" count="0" type="stmt"/>
        <line num="242" count="6" type="stmt"/>
        <line num="243" count="6" type="stmt"/>
        <line num="244" count="6" type="stmt"/>
        <line num="247" count="10" type="cond" truecount="1" falsecount="1"/>
        <line num="248" count="10" type="stmt"/>
        <line num="249" count="10" type="stmt"/>
        <line num="250" count="10" type="stmt"/>
        <line num="251" count="10" type="stmt"/>
        <line num="253" count="0" type="stmt"/>
        <line num="254" count="0" type="stmt"/>
        <line num="255" count="0" type="stmt"/>
        <line num="256" count="0" type="stmt"/>
        <line num="259" count="10" type="cond" truecount="4" falsecount="0"/>
        <line num="260" count="3" type="cond" truecount="1" falsecount="1"/>
        <line num="261" count="3" type="stmt"/>
        <line num="263" count="0" type="stmt"/>
        <line num="266" count="10" type="cond" truecount="4" falsecount="0"/>
        <line num="267" count="3" type="cond" truecount="1" falsecount="1"/>
        <line num="268" count="3" type="stmt"/>
        <line num="272" count="0" type="stmt"/>
      </file>
      <file name="droneVisuals.ts" path="D:\GitHub\NanoBotsIdle\src\components\drones\droneVisuals.ts">
        <metrics statements="0" coveredstatements="0" conditionals="0" coveredconditionals="0" methods="0" coveredmethods="0"/>
      </file>
    </package>
    <package name="src.components.world">
      <metrics statements="30" coveredstatements="30" conditionals="14" coveredconditionals="14" methods="4" coveredmethods="4"/>
      <file name="chunkHelpers.ts" path="D:\GitHub\NanoBotsIdle\src\components\world\chunkHelpers.ts">
        <metrics statements="30" coveredstatements="30" conditionals="14" coveredconditionals="14" methods="4" coveredmethods="4"/>
        <line num="3" count="2185" type="stmt"/>
        <line num="5" count="21" type="stmt"/>
        <line num="7" count="6" type="stmt"/>
        <line num="15" count="2" type="stmt"/>
        <line num="17" count="2" type="stmt"/>
        <line num="18" count="2" type="stmt"/>
        <line num="19" count="2" type="stmt"/>
        <line num="20" count="2" type="stmt"/>
        <line num="22" count="2" type="stmt"/>
        <line num="23" count="4" type="stmt"/>
        <line num="24" count="8" type="stmt"/>
        <line num="25" count="16" type="stmt"/>
        <line num="26" count="16" type="stmt"/>
        <line num="27" count="16" type="stmt"/>
        <line num="28" count="16" type="cond" truecount="2" falsecount="0"/>
        <line num="29" count="1" type="stmt"/>
        <line num="36" count="6" type="stmt"/>
        <line num="43" count="7" type="stmt"/>
        <line num="45" count="7" type="stmt"/>
        <line num="46" count="7" type="stmt"/>
        <line num="47" count="7" type="stmt"/>
        <line num="49" count="7" type="stmt"/>
        <line num="50" count="7" type="stmt"/>
        <line num="51" count="7" type="stmt"/>
        <line num="53" count="7" type="cond" truecount="2" falsecount="0"/>
        <line num="54" count="7" type="cond" truecount="2" falsecount="0"/>
        <line num="55" count="7" type="cond" truecount="2" falsecount="0"/>
        <line num="56" count="7" type="cond" truecount="2" falsecount="0"/>
        <line num="57" count="7" type="cond" truecount="2" falsecount="0"/>
        <line num="58" count="7" type="cond" truecount="2" falsecount="0"/>
      </file>
    </package>
    <package name="src.components.world.instancedVoxels">
      <metrics statements="181" coveredstatements="179" conditionals="47" coveredconditionals="37" methods="25" coveredmethods="24"/>
      <file name="rebuildManager.ts" path="D:\GitHub\NanoBotsIdle\src\components\world\instancedVoxels\rebuildManager.ts">
        <metrics statements="32" coveredstatements="32" conditionals="10" coveredconditionals="6" methods="6" coveredmethods="6"/>
        <line num="23" count="6" type="stmt"/>
        <line num="24" count="6" type="stmt"/>
        <line num="27" count="6" type="cond" truecount="1" falsecount="1"/>
        <line num="28" count="6" type="stmt"/>
        <line num="39" count="7" type="stmt"/>
        <line num="42" count="7" type="stmt"/>
        <line num="44" count="7" type="stmt"/>
        <line num="45" count="7" type="stmt"/>
        <line num="47" count="7" type="stmt"/>
        <line num="55" count="7" type="stmt"/>
        <line num="70" count="1" type="stmt"/>
        <line num="71" count="1" type="stmt"/>
        <line num="72" count="1" type="stmt"/>
        <line num="75" count="1" type="stmt"/>
        <line num="76" count="1" type="stmt"/>
        <line num="77" count="1" type="stmt"/>
        <line num="80" count="1" type="stmt"/>
        <line num="83" count="6" type="stmt"/>
        <line num="84" count="7" type="stmt"/>
        <line num="86" count="7" type="cond" truecount="2" falsecount="0"/>
        <line num="87" count="6" type="stmt"/>
        <line num="88" count="6" type="cond" truecount="1" falsecount="1"/>
        <line num="89" count="6" type="stmt"/>
        <line num="90" count="6" type="stmt"/>
        <line num="96" count="1" type="cond" truecount="1" falsecount="1"/>
        <line num="97" count="1" type="stmt"/>
        <line num="98" count="1" type="cond" truecount="1" falsecount="1"/>
        <line num="99" count="1" type="stmt"/>
        <line num="100" count="1" type="stmt"/>
        <line num="109" count="6" type="stmt"/>
        <line num="110" count="6" type="stmt"/>
        <line num="111" count="6" type="stmt"/>
      </file>
      <file name="rebuildWorkerFactory.ts" path="D:\GitHub\NanoBotsIdle\src\components\world\instancedVoxels\rebuildWorkerFactory.ts">
        <metrics statements="10" coveredstatements="10" conditionals="2" coveredconditionals="2" methods="5" coveredmethods="5"/>
        <line num="19" count="2" type="stmt"/>
        <line num="20" count="1" type="stmt"/>
        <line num="24" count="1" type="stmt"/>
        <line num="26" count="2" type="cond" truecount="2" falsecount="0"/>
        <line num="27" count="1" type="stmt"/>
        <line num="28" count="1" type="stmt"/>
        <line num="30" count="1" type="stmt"/>
        <line num="33" count="1" type="stmt"/>
        <line num="35" count="1" type="stmt"/>
        <line num="36" count="1" type="stmt"/>
      </file>
      <file name="rebuildWorkerHandler.ts" path="D:\GitHub\NanoBotsIdle\src\components\world\instancedVoxels\rebuildWorkerHandler.ts">
        <metrics statements="38" coveredstatements="37" conditionals="2" coveredconditionals="0" methods="1" coveredmethods="1"/>
        <line num="11" count="2" type="stmt"/>
        <line num="14" count="10" type="stmt"/>
        <line num="15" count="10" type="stmt"/>
        <line num="16" count="10" type="stmt"/>
        <line num="19" count="10" type="stmt"/>
        <line num="20" count="10" type="stmt"/>
        <line num="23" count="10" type="stmt"/>
        <line num="24" count="15" type="stmt"/>
        <line num="25" count="15" type="stmt"/>
        <line num="26" count="15" type="stmt"/>
        <line num="27" count="15" type="stmt"/>
        <line num="30" count="15" type="stmt"/>
        <line num="31" count="15" type="stmt"/>
        <line num="32" count="15" type="stmt"/>
        <line num="33" count="15" type="stmt"/>
        <line num="34" count="15" type="stmt"/>
        <line num="35" count="15" type="stmt"/>
        <line num="36" count="15" type="stmt"/>
        <line num="37" count="15" type="stmt"/>
        <line num="38" count="15" type="stmt"/>
        <line num="39" count="15" type="stmt"/>
        <line num="40" count="15" type="stmt"/>
        <line num="41" count="15" type="stmt"/>
        <line num="42" count="15" type="stmt"/>
        <line num="43" count="15" type="stmt"/>
        <line num="44" count="15" type="stmt"/>
        <line num="45" count="15" type="stmt"/>
        <line num="46" count="15" type="stmt"/>
        <line num="49" count="15" type="stmt"/>
        <line num="50" count="15" type="stmt"/>
        <line num="51" count="15" type="stmt"/>
        <line num="52" count="15" type="stmt"/>
        <line num="54" count="15" type="stmt"/>
        <line num="55" count="15" type="stmt"/>
        <line num="56" count="15" type="stmt"/>
        <line num="57" count="15" type="stmt"/>
        <line num="60" count="10" type="stmt"/>
        <line num="68" count="0" type="stmt"/>
      </file>
      <file name="voxelInstanceMesh.ts" path="D:\GitHub\NanoBotsIdle\src\components\world\instancedVoxels\voxelInstanceMesh.ts">
        <metrics statements="48" coveredstatements="47" conditionals="22" coveredconditionals="20" methods="7" coveredmethods="6"/>
        <line num="9" count="3" type="stmt"/>
        <line num="10" count="102" type="stmt"/>
        <line num="13" count="3" type="stmt"/>
        <line num="14" count="0" type="stmt"/>
        <line num="18" count="3" type="stmt"/>
        <line num="20" count="3" type="stmt"/>
        <line num="29" count="101" type="stmt"/>
        <line num="30" count="101" type="stmt"/>
        <line num="31" count="101" type="stmt"/>
        <line num="32" count="101" type="stmt"/>
        <line num="33" count="101" type="stmt"/>
        <line num="34" count="101" type="stmt"/>
        <line num="35" count="101" type="stmt"/>
        <line num="38" count="3" type="stmt"/>
        <line num="44" count="1" type="stmt"/>
        <line num="45" count="1" type="stmt"/>
        <line num="46" count="100" type="stmt"/>
        <line num="47" count="100" type="stmt"/>
        <line num="58" count="1" type="stmt"/>
        <line num="59" count="1" type="cond" truecount="1" falsecount="1"/>
        <line num="60" count="1" type="cond" truecount="1" falsecount="1"/>
        <line num="67" count="3" type="stmt"/>
        <line num="68" count="97" type="cond" truecount="2" falsecount="0"/>
        <line num="70" count="96" type="stmt"/>
        <line num="73" count="3" type="stmt"/>
        <line num="74" count="98" type="stmt"/>
        <line num="76" count="98" type="stmt"/>
        <line num="77" count="98" type="cond" truecount="2" falsecount="0"/>
        <line num="80" count="98" type="cond" truecount="4" falsecount="0"/>
        <line num="81" count="1" type="stmt"/>
        <line num="85" count="97" type="stmt"/>
        <line num="86" count="97" type="cond" truecount="2" falsecount="0"/>
        <line num="89" count="98" type="cond" truecount="4" falsecount="0"/>
        <line num="92" count="63" type="stmt"/>
        <line num="93" count="63" type="stmt"/>
        <line num="94" count="63" type="stmt"/>
        <line num="95" count="63" type="stmt"/>
        <line num="99" count="34" type="stmt"/>
        <line num="102" count="34" type="cond" truecount="4" falsecount="0"/>
        <line num="103" count="26" type="stmt"/>
        <line num="104" count="26" type="stmt"/>
        <line num="108" count="34" type="stmt"/>
        <line num="109" count="34" type="stmt"/>
        <line num="110" count="193047" type="stmt"/>
        <line num="113" count="34" type="stmt"/>
        <line num="114" count="34" type="stmt"/>
        <line num="115" count="34" type="stmt"/>
        <line num="116" count="34" type="stmt"/>
      </file>
      <file name="voxelInstanceStore.ts" path="D:\GitHub\NanoBotsIdle\src\components\world\instancedVoxels\voxelInstanceStore.ts">
        <metrics statements="53" coveredstatements="53" conditionals="11" coveredconditionals="9" methods="6" coveredmethods="6"/>
        <line num="1" count="1" type="stmt"/>
        <line num="3" count="1" type="stmt"/>
        <line num="4" count="17" type="stmt"/>
        <line num="5" count="17" type="stmt"/>
        <line num="6" count="17" type="stmt"/>
        <line num="7" count="17" type="stmt"/>
        <line num="17" count="1" type="cond" truecount="1" falsecount="0"/>
        <line num="18" count="5" type="stmt"/>
        <line num="19" count="5" type="stmt"/>
        <line num="27" count="1" type="stmt"/>
        <line num="28" count="10" type="cond" truecount="2" falsecount="0"/>
        <line num="29" count="1" type="stmt"/>
        <line num="30" count="1" type="stmt"/>
        <line num="31" count="1" type="cond" truecount="1" falsecount="1"/>
        <line num="32" count="1" type="stmt"/>
        <line num="34" count="1" type="stmt"/>
        <line num="35" count="1" type="stmt"/>
        <line num="38" count="1" type="stmt"/>
        <line num="39" count="11" type="stmt"/>
        <line num="40" count="11" type="cond" truecount="2" falsecount="0"/>
        <line num="42" count="10" type="stmt"/>
        <line num="43" count="10" type="stmt"/>
        <line num="45" count="10" type="stmt"/>
        <line num="46" count="10" type="stmt"/>
        <line num="47" count="10" type="stmt"/>
        <line num="48" count="10" type="stmt"/>
        <line num="49" count="10" type="stmt"/>
        <line num="50" count="10" type="stmt"/>
        <line num="51" count="10" type="stmt"/>
        <line num="53" count="10" type="stmt"/>
        <line num="56" count="1" type="stmt"/>
        <line num="62" count="4" type="stmt"/>
        <line num="63" count="4" type="stmt"/>
        <line num="64" count="4" type="cond" truecount="1" falsecount="1"/>
        <line num="66" count="4" type="stmt"/>
        <line num="68" count="4" type="stmt"/>
        <line num="70" count="4" type="cond" truecount="2" falsecount="0"/>
        <line num="71" count="2" type="stmt"/>
        <line num="72" count="2" type="stmt"/>
        <line num="73" count="2" type="stmt"/>
        <line num="74" count="2" type="stmt"/>
        <line num="75" count="2" type="stmt"/>
        <line num="77" count="2" type="stmt"/>
        <line num="78" count="2" type="stmt"/>
        <line num="79" count="2" type="stmt"/>
        <line num="81" count="2" type="stmt"/>
        <line num="82" count="2" type="stmt"/>
        <line num="85" count="4" type="stmt"/>
        <line num="86" count="4" type="stmt"/>
        <line num="88" count="4" type="stmt"/>
        <line num="91" count="1" type="stmt"/>
        <line num="92" count="1" type="stmt"/>
        <line num="93" count="1" type="stmt"/>
      </file>
    </package>
    <package name="src.config">
      <metrics statements="65" coveredstatements="65" conditionals="27" coveredconditionals="21" methods="19" coveredmethods="18"/>
      <file name="drones.ts" path="D:\GitHub\NanoBotsIdle\src\config\drones.ts">
        <metrics statements="10" coveredstatements="10" conditionals="6" coveredconditionals="4" methods="3" coveredmethods="3"/>
        <line num="57" count="36" type="stmt"/>
        <line num="115" count="36" type="stmt"/>
        <line num="116" count="2" type="cond" truecount="1" falsecount="1"/>
        <line num="117" count="2" type="stmt"/>
        <line num="120" count="36" type="stmt"/>
        <line num="121" count="2" type="cond" truecount="1" falsecount="1"/>
        <line num="122" count="2" type="stmt"/>
        <line num="128" count="36" type="stmt"/>
        <line num="129" count="4" type="cond" truecount="2" falsecount="0"/>
        <line num="130" count="3" type="stmt"/>
      </file>
      <file name="economy.ts" path="D:\GitHub\NanoBotsIdle\src\config\economy.ts">
        <metrics statements="1" coveredstatements="1" conditionals="0" coveredconditionals="0" methods="0" coveredmethods="0"/>
        <line num="12" count="36" type="stmt"/>
      </file>
      <file name="env.ts" path="D:\GitHub\NanoBotsIdle\src\config\env.ts">
        <metrics statements="17" coveredstatements="17" conditionals="10" coveredconditionals="8" methods="5" coveredmethods="5"/>
        <line num="3" count="1" type="stmt"/>
        <line num="4" count="3" type="stmt"/>
        <line num="5" count="3" type="stmt"/>
        <line num="6" count="6" type="cond" truecount="1" falsecount="1"/>
        <line num="8" count="6" type="cond" truecount="2" falsecount="0"/>
        <line num="9" count="5" type="stmt"/>
        <line num="10" count="15" type="stmt"/>
        <line num="11" count="5" type="cond" truecount="1" falsecount="1"/>
        <line num="12" count="5" type="stmt"/>
        <line num="13" count="5" type="stmt"/>
        <line num="14" count="5" type="stmt"/>
        <line num="15" count="5" type="cond" truecount="2" falsecount="0"/>
        <line num="16" count="5" type="stmt"/>
        <line num="17" count="5" type="cond" truecount="2" falsecount="0"/>
        <line num="19" count="3" type="stmt"/>
        <line num="22" count="1" type="stmt"/>
        <line num="23" count="1" type="stmt"/>
      </file>
      <file name="index.ts" path="D:\GitHub\NanoBotsIdle\src\config\index.ts">
        <metrics statements="29" coveredstatements="29" conditionals="11" coveredconditionals="9" methods="10" coveredmethods="9"/>
        <line num="27" count="36" type="stmt"/>
        <line num="29" count="36" type="stmt"/>
        <line num="30" count="1" type="stmt"/>
        <line num="31" count="1" type="stmt"/>
        <line num="32" count="1" type="stmt"/>
        <line num="36" count="36" type="stmt"/>
        <line num="37" count="89" type="stmt"/>
        <line num="45" count="36" type="stmt"/>
        <line num="46" count="426" type="cond" truecount="3" falsecount="0"/>
        <line num="49" count="36" type="stmt"/>
        <line num="50" count="114" type="stmt"/>
        <line num="51" count="114" type="cond" truecount="1" falsecount="1"/>
        <line num="52" count="368" type="stmt"/>
        <line num="53" count="368" type="cond" truecount="1" falsecount="1"/>
        <line num="54" count="368" type="stmt"/>
        <line num="55" count="368" type="cond" truecount="4" falsecount="0"/>
        <line num="56" count="58" type="stmt"/>
        <line num="58" count="310" type="stmt"/>
        <line num="61" count="114" type="stmt"/>
        <line num="64" count="36" type="stmt"/>
        <line num="74" count="2079326" type="stmt"/>
        <line num="76" count="36" type="stmt"/>
        <line num="77" count="56" type="stmt"/>
        <line num="78" count="56" type="stmt"/>
        <line num="79" count="56" type="stmt"/>
        <line num="82" count="36" type="stmt"/>
        <line num="83" count="33" type="stmt"/>
        <line num="92" count="33" type="stmt"/>
        <line num="93" count="33" type="stmt"/>
      </file>
      <file name="meshing.ts" path="D:\GitHub\NanoBotsIdle\src\config\meshing.ts">
        <metrics statements="1" coveredstatements="1" conditionals="0" coveredconditionals="0" methods="0" coveredmethods="0"/>
        <line num="6" count="36" type="stmt"/>
      </file>
      <file name="player.ts" path="D:\GitHub\NanoBotsIdle\src\config\player.ts">
        <metrics statements="1" coveredstatements="1" conditionals="0" coveredconditionals="0" methods="0" coveredmethods="0"/>
        <line num="17" count="36" type="stmt"/>
      </file>
      <file name="render.ts" path="D:\GitHub\NanoBotsIdle\src\config\render.ts">
        <metrics statements="2" coveredstatements="2" conditionals="0" coveredconditionals="0" methods="0" coveredmethods="0"/>
        <line num="45" count="37" type="stmt"/>
        <line num="77" count="37" type="stmt"/>
      </file>
      <file name="telemetry.ts" path="D:\GitHub\NanoBotsIdle\src\config\telemetry.ts">
        <metrics statements="1" coveredstatements="1" conditionals="0" coveredconditionals="0" methods="0" coveredmethods="0"/>
        <line num="10" count="36" type="stmt"/>
      </file>
      <file name="terrain.ts" path="D:\GitHub\NanoBotsIdle\src\config\terrain.ts">
        <metrics statements="1" coveredstatements="1" conditionals="0" coveredconditionals="0" methods="0" coveredmethods="0"/>
        <line num="15" count="36" type="stmt"/>
      </file>
      <file name="useConfig.ts" path="D:\GitHub\NanoBotsIdle\src\config\useConfig.ts">
        <metrics statements="2" coveredstatements="2" conditionals="0" coveredconditionals="0" methods="1" coveredmethods="1"/>
        <line num="5" count="2" type="stmt"/>
        <line num="6" count="1" type="stmt"/>
      </file>
    </package>
    <package name="src.economy">
      <metrics statements="25" coveredstatements="25" conditionals="12" coveredconditionals="12" methods="3" coveredmethods="3"/>
      <file name="upgrades.ts" path="D:\GitHub\NanoBotsIdle\src\economy\upgrades.ts">
        <metrics statements="25" coveredstatements="25" conditionals="12" coveredconditionals="12" methods="3" coveredmethods="3"/>
        <line num="11" count="7" type="stmt"/>
        <line num="12" count="43" type="stmt"/>
        <line num="14" count="43" type="cond" truecount="5" falsecount="0"/>
        <line num="16" count="15" type="stmt"/>
        <line num="18" count="7" type="stmt"/>
        <line num="20" count="7" type="stmt"/>
        <line num="22" count="7" type="stmt"/>
        <line num="24" count="7" type="stmt"/>
        <line num="28" count="7" type="stmt"/>
        <line num="29" count="1" type="stmt"/>
        <line num="38" count="7" type="stmt"/>
        <line num="39" count="6" type="stmt"/>
        <line num="40" count="6" type="cond" truecount="2" falsecount="0"/>
        <line num="42" count="5" type="stmt"/>
        <line num="44" count="5" type="cond" truecount="5" falsecount="0"/>
        <line num="46" count="1" type="stmt"/>
        <line num="47" count="1" type="stmt"/>
        <line num="49" count="1" type="stmt"/>
        <line num="50" count="1" type="stmt"/>
        <line num="52" count="1" type="stmt"/>
        <line num="53" count="1" type="stmt"/>
        <line num="55" count="1" type="stmt"/>
        <line num="56" count="1" type="stmt"/>
        <line num="58" count="1" type="stmt"/>
        <line num="59" count="1" type="stmt"/>
      </file>
    </package>
    <package name="src.engine">
      <metrics statements="182" coveredstatements="158" conditionals="91" coveredconditionals="64" methods="11" coveredmethods="11"/>
      <file name="keyIndex.ts" path="D:\GitHub\NanoBotsIdle\src\engine\keyIndex.ts">
        <metrics statements="19" coveredstatements="19" conditionals="4" coveredconditionals="4" methods="5" coveredmethods="5"/>
        <line num="6" count="4" type="stmt"/>
        <line num="7" count="5" type="stmt"/>
        <line num="10" count="4" type="stmt"/>
        <line num="11" count="3" type="stmt"/>
        <line num="12" count="3" type="stmt"/>
        <line num="13" count="6" type="stmt"/>
        <line num="16" count="4" type="stmt"/>
        <line num="17" count="3" type="cond" truecount="2" falsecount="0"/>
        <line num="18" count="2" type="stmt"/>
        <line num="19" count="2" type="stmt"/>
        <line num="22" count="4" type="stmt"/>
        <line num="23" count="3" type="stmt"/>
        <line num="24" count="3" type="cond" truecount="2" falsecount="0"/>
        <line num="25" count="2" type="stmt"/>
        <line num="26" count="2" type="stmt"/>
        <line num="27" count="2" type="stmt"/>
        <line num="28" count="2" type="stmt"/>
        <line num="29" count="2" type="stmt"/>
        <line num="30" count="2" type="stmt"/>
      </file>
      <file name="targeting.ts" path="D:\GitHub\NanoBotsIdle\src\engine\targeting.ts">
        <metrics statements="18" coveredstatements="18" conditionals="10" coveredconditionals="10" methods="1" coveredmethods="1"/>
        <line num="3" count="3" type="stmt"/>
        <line num="11" count="7" type="stmt"/>
        <line num="13" count="7" type="cond" truecount="2" falsecount="0"/>
        <line num="14" count="6" type="cond" truecount="2" falsecount="0"/>
        <line num="16" count="3" type="stmt"/>
        <line num="17" count="3" type="stmt"/>
        <line num="19" count="3" type="stmt"/>
        <line num="20" count="6" type="stmt"/>
        <line num="21" count="6" type="stmt"/>
        <line num="22" count="6" type="stmt"/>
        <line num="23" count="6" type="cond" truecount="2" falsecount="0"/>
        <line num="24" count="3" type="stmt"/>
        <line num="25" count="3" type="stmt"/>
        <line num="27" count="3" type="cond" truecount="4" falsecount="0"/>
        <line num="28" count="1" type="stmt"/>
        <line num="29" count="1" type="stmt"/>
        <line num="31" count="2" type="stmt"/>
        <line num="34" count="2" type="stmt"/>
      </file>
      <file name="tickDrones.ts" path="D:\GitHub\NanoBotsIdle\src\engine\tickDrones.ts">
        <metrics statements="145" coveredstatements="121" conditionals="77" coveredconditionals="50" methods="5" coveredmethods="5"/>
        <line num="10" count="3" type="stmt"/>
        <line num="18" count="5" type="stmt"/>
        <line num="19" count="5" type="stmt"/>
        <line num="20" count="5" type="stmt"/>
        <line num="21" count="5" type="stmt"/>
        <line num="23" count="5" type="cond" truecount="2" falsecount="0"/>
        <line num="24" count="4" type="stmt"/>
        <line num="25" count="4" type="stmt"/>
        <line num="26" count="4" type="stmt"/>
        <line num="27" count="4" type="stmt"/>
        <line num="28" count="4" type="stmt"/>
        <line num="30" count="5" type="stmt"/>
        <line num="33" count="3" type="stmt"/>
        <line num="66" count="13" type="stmt"/>
        <line num="68" count="13" type="stmt"/>
        <line num="69" count="20" type="cond" truecount="2" falsecount="0"/>
        <line num="70" count="15" type="cond" truecount="5" falsecount="1"/>
        <line num="72" count="5" type="stmt"/>
        <line num="80" count="5" type="cond" truecount="2" falsecount="0"/>
        <line num="81" count="1" type="stmt"/>
        <line num="82" count="1" type="stmt"/>
        <line num="83" count="1" type="stmt"/>
        <line num="84" count="1" type="stmt"/>
        <line num="85" count="1" type="stmt"/>
        <line num="86" count="1" type="stmt"/>
        <line num="88" count="5" type="stmt"/>
        <line num="91" count="1" type="cond" truecount="1" falsecount="1"/>
        <line num="92" count="0" type="stmt"/>
        <line num="93" count="0" type="stmt"/>
        <line num="95" count="1" type="stmt"/>
        <line num="96" count="1" type="stmt"/>
        <line num="104" count="1" type="cond" truecount="1" falsecount="1"/>
        <line num="105" count="1" type="stmt"/>
        <line num="106" count="1" type="stmt"/>
        <line num="108" count="1" type="stmt"/>
        <line num="111" count="5" type="stmt"/>
        <line num="112" count="5" type="cond" truecount="2" falsecount="0"/>
        <line num="114" count="4" type="stmt"/>
        <line num="115" count="4" type="cond" truecount="4" falsecount="0"/>
        <line num="116" count="3" type="stmt"/>
        <line num="117" count="3" type="cond" truecount="1" falsecount="1"/>
        <line num="118" count="3" type="stmt"/>
        <line num="119" count="3" type="stmt"/>
        <line num="120" count="3" type="stmt"/>
        <line num="121" count="3" type="stmt"/>
        <line num="123" count="3" type="stmt"/>
        <line num="124" count="1" type="stmt"/>
        <line num="125" count="1" type="stmt"/>
        <line num="126" count="1" type="stmt"/>
        <line num="129" count="3" type="stmt"/>
        <line num="130" count="1" type="stmt"/>
        <line num="131" count="1" type="stmt"/>
        <line num="132" count="1" type="stmt"/>
        <line num="135" count="3" type="stmt"/>
        <line num="136" count="3" type="stmt"/>
        <line num="139" count="3" type="stmt"/>
        <line num="143" count="4" type="cond" truecount="2" falsecount="0"/>
        <line num="144" count="1" type="stmt"/>
        <line num="145" count="1" type="stmt"/>
        <line num="147" count="3" type="stmt"/>
        <line num="148" count="3" type="stmt"/>
        <line num="150" count="4" type="stmt"/>
        <line num="151" count="4" type="stmt"/>
        <line num="155" count="3" type="cond" truecount="2" falsecount="0"/>
        <line num="156" count="1" type="stmt"/>
        <line num="157" count="1" type="stmt"/>
        <line num="160" count="2" type="stmt"/>
        <line num="161" count="2" type="cond" truecount="1" falsecount="1"/>
        <line num="163" count="2" type="stmt"/>
        <line num="172" count="2" type="cond" truecount="1" falsecount="1"/>
        <line num="173" count="0" type="stmt"/>
        <line num="174" count="0" type="stmt"/>
        <line num="176" count="2" type="stmt"/>
        <line num="179" count="1" type="stmt"/>
        <line num="180" count="1" type="cond" truecount="1" falsecount="1"/>
        <line num="181" count="1" type="stmt"/>
        <line num="182" count="1" type="stmt"/>
        <line num="183" count="1" type="stmt"/>
        <line num="184" count="1" type="stmt"/>
        <line num="186" count="1" type="stmt"/>
        <line num="189" count="0" type="cond" truecount="0" falsecount="2"/>
        <line num="190" count="0" type="stmt"/>
        <line num="192" count="5" type="cond" truecount="1" falsecount="1"/>
        <line num="194" count="5" type="stmt"/>
        <line num="197" count="5" type="cond" truecount="3" falsecount="2"/>
        <line num="200" count="2" type="stmt"/>
        <line num="201" count="2" type="stmt"/>
        <line num="203" count="2" type="stmt"/>
        <line num="204" count="5" type="cond" truecount="5" falsecount="0"/>
        <line num="205" count="3" type="stmt"/>
        <line num="206" count="3" type="stmt"/>
        <line num="207" count="3" type="stmt"/>
        <line num="208" count="3" type="stmt"/>
        <line num="210" count="3" type="stmt"/>
        <line num="211" count="3" type="cond" truecount="2" falsecount="0"/>
        <line num="213" count="3" type="cond" truecount="1" falsecount="1"/>
        <line num="214" count="3" type="stmt"/>
        <line num="215" count="3" type="stmt"/>
        <line num="220" count="2" type="cond" truecount="1" falsecount="1"/>
        <line num="221" count="2" type="stmt"/>
        <line num="222" count="2" type="stmt"/>
        <line num="223" count="0" type="cond" truecount="0" falsecount="2"/>
        <line num="224" count="0" type="stmt"/>
        <line num="226" count="2" type="stmt"/>
        <line num="229" count="2" type="cond" truecount="3" falsecount="1"/>
        <line num="230" count="0" type="stmt"/>
        <line num="231" count="0" type="stmt"/>
        <line num="233" count="2" type="stmt"/>
        <line num="234" count="3" type="stmt"/>
        <line num="236" count="2" type="cond" truecount="4" falsecount="1"/>
        <line num="237" count="0" type="cond" truecount="0" falsecount="2"/>
        <line num="238" count="0" type="stmt"/>
        <line num="239" count="0" type="stmt"/>
        <line num="242" count="2" type="stmt"/>
        <line num="243" count="2" type="stmt"/>
        <line num="244" count="2" type="stmt"/>
        <line num="246" count="2" type="stmt"/>
        <line num="248" count="2" type="cond" truecount="1" falsecount="1"/>
        <line num="249" count="2" type="stmt"/>
        <line num="250" count="2" type="stmt"/>
        <line num="252" count="2" type="stmt"/>
        <line num="253" count="2" type="stmt"/>
        <line num="255" count="2" type="cond" truecount="1" falsecount="1"/>
        <line num="256" count="2" type="stmt"/>
        <line num="257" count="2" type="stmt"/>
        <line num="259" count="0" type="stmt"/>
        <line num="260" count="0" type="stmt"/>
        <line num="263" count="2" type="stmt"/>
        <line num="266" count="0" type="stmt"/>
        <line num="267" count="0" type="cond" truecount="0" falsecount="2"/>
        <line num="269" count="0" type="stmt"/>
        <line num="271" count="0" type="cond" truecount="0" falsecount="2"/>
        <line num="272" count="0" type="stmt"/>
        <line num="273" count="0" type="stmt"/>
        <line num="275" count="0" type="stmt"/>
        <line num="278" count="1" type="stmt"/>
        <line num="279" count="1" type="cond" truecount="1" falsecount="1"/>
        <line num="280" count="1" type="stmt"/>
        <line num="281" count="1" type="stmt"/>
        <line num="282" count="1" type="stmt"/>
        <line num="283" count="1" type="stmt"/>
        <line num="285" count="1" type="stmt"/>
        <line num="288" count="0" type="stmt"/>
        <line num="289" count="0" type="stmt"/>
        <line num="294" count="13" type="stmt"/>
      </file>
    </package>
    <package name="src.engine.world">
      <metrics statements="147" coveredstatements="113" conditionals="64" coveredconditionals="36" methods="20" coveredmethods="16"/>
      <file name="initWorld.ts" path="D:\GitHub\NanoBotsIdle\src\engine\world\initWorld.ts">
        <metrics statements="13" coveredstatements="13" conditionals="4" coveredconditionals="3" methods="1" coveredmethods="1"/>
        <line num="13" count="1" type="stmt"/>
        <line num="14" count="2" type="stmt"/>
        <line num="15" count="2" type="cond" truecount="1" falsecount="1"/>
        <line num="16" count="2" type="stmt"/>
        <line num="18" count="2" type="stmt"/>
        <line num="19" count="4" type="stmt"/>
        <line num="20" count="4" type="stmt"/>
        <line num="21" count="4" type="stmt"/>
        <line num="22" count="4" type="cond" truecount="2" falsecount="0"/>
        <line num="23" count="1" type="stmt"/>
        <line num="33" count="1" type="stmt"/>
        <line num="34" count="1" type="stmt"/>
        <line num="35" count="1" type="stmt"/>
      </file>
      <file name="world.ts" path="D:\GitHub\NanoBotsIdle\src\engine\world\world.ts">
        <metrics statements="134" coveredstatements="100" conditionals="60" coveredconditionals="33" methods="19" coveredmethods="15"/>
        <line num="16" count="2" type="stmt"/>
        <line num="25" count="2" type="stmt"/>
        <line num="41" count="11" type="stmt"/>
        <line num="44" count="11" type="stmt"/>
        <line num="45" count="11" type="stmt"/>
        <line num="46" count="11" type="stmt"/>
        <line num="47" count="11" type="stmt"/>
        <line num="50" count="11" type="stmt"/>
        <line num="51" count="11" type="stmt"/>
        <line num="52" count="11" type="cond" truecount="1" falsecount="1"/>
        <line num="53" count="11" type="stmt"/>
        <line num="57" count="11" type="stmt"/>
        <line num="61" count="11" type="stmt"/>
        <line num="71" count="0" type="stmt"/>
        <line num="75" count="0" type="cond" truecount="0" falsecount="2"/>
        <line num="76" count="0" type="stmt"/>
        <line num="77" count="0" type="stmt"/>
        <line num="79" count="0" type="stmt"/>
        <line num="80" count="0" type="stmt"/>
        <line num="81" count="0" type="cond" truecount="0" falsecount="2"/>
        <line num="82" count="0" type="stmt"/>
        <line num="83" count="0" type="stmt"/>
        <line num="86" count="0" type="stmt"/>
        <line num="90" count="40796" type="stmt"/>
        <line num="94" count="10144" type="stmt"/>
        <line num="98" count="47" type="stmt"/>
        <line num="99" count="47" type="stmt"/>
        <line num="103" count="54" type="stmt"/>
        <line num="104" count="54" type="cond" truecount="2" falsecount="0"/>
        <line num="105" count="44" type="stmt"/>
        <line num="109" count="25" type="cond" truecount="2" falsecount="0"/>
        <line num="110" count="13" type="stmt"/>
        <line num="111" count="24" type="cond" truecount="2" falsecount="0"/>
        <line num="113" count="1" type="stmt"/>
        <line num="117" count="21" type="stmt"/>
        <line num="118" count="21" type="cond" truecount="2" falsecount="0"/>
        <line num="119" count="9" type="stmt"/>
        <line num="120" count="9" type="cond" truecount="1" falsecount="1"/>
        <line num="121" count="9" type="stmt"/>
        <line num="123" count="0" type="stmt"/>
        <line num="125" count="9" type="stmt"/>
        <line num="127" count="12" type="stmt"/>
        <line num="128" count="12" type="stmt"/>
        <line num="138" count="29768" type="stmt"/>
        <line num="145" count="29768" type="cond" truecount="1" falsecount="1"/>
        <line num="147" count="29768" type="stmt"/>
        <line num="150" count="29768" type="stmt"/>
        <line num="151" count="29768" type="cond" truecount="1" falsecount="1"/>
        <line num="152" count="29768" type="stmt"/>
        <line num="153" count="29768" type="cond" truecount="1" falsecount="1"/>
        <line num="154" count="29768" type="cond" truecount="1" falsecount="1"/>
        <line num="155" count="29768" type="stmt"/>
        <line num="156" count="29768" type="stmt"/>
        <line num="161" count="29768" type="stmt"/>
        <line num="163" count="29768" type="stmt"/>
        <line num="164" count="119072" type="stmt"/>
        <line num="171" count="119072" type="cond" truecount="2" falsecount="0"/>
        <line num="174" count="29768" type="stmt"/>
        <line num="175" count="29768" type="stmt"/>
        <line num="176" count="29768" type="stmt"/>
        <line num="177" count="29768" type="stmt"/>
        <line num="183" count="29768" type="stmt"/>
        <line num="185" count="29768" type="stmt"/>
        <line num="186" count="10929" type="stmt"/>
        <line num="187" count="10929" type="cond" truecount="1" falsecount="1"/>
        <line num="189" count="10929" type="stmt"/>
        <line num="190" count="10929" type="cond" truecount="1" falsecount="1"/>
        <line num="191" count="10929" type="cond" truecount="1" falsecount="1"/>
        <line num="192" count="10929" type="stmt"/>
        <line num="193" count="10929" type="stmt"/>
        <line num="196" count="29768" type="stmt"/>
        <line num="200" count="8" type="stmt"/>
        <line num="201" count="8" type="stmt"/>
        <line num="202" count="8" type="stmt"/>
        <line num="203" count="8" type="stmt"/>
        <line num="204" count="8" type="stmt"/>
        <line num="205" count="8" type="cond" truecount="1" falsecount="1"/>
        <line num="207" count="8" type="stmt"/>
        <line num="208" count="488" type="stmt"/>
        <line num="209" count="29768" type="stmt"/>
        <line num="221" count="8" type="stmt"/>
        <line num="222" count="8" type="cond" truecount="1" falsecount="1"/>
        <line num="223" count="0" type="stmt"/>
        <line num="224" count="0" type="stmt"/>
        <line num="225" count="0" type="stmt"/>
        <line num="230" count="8" type="stmt"/>
        <line num="234" count="0" type="stmt"/>
        <line num="235" count="0" type="cond" truecount="0" falsecount="2"/>
        <line num="236" count="0" type="stmt"/>
        <line num="238" count="0" type="stmt"/>
        <line num="239" count="0" type="cond" truecount="0" falsecount="2"/>
        <line num="240" count="0" type="stmt"/>
        <line num="241" count="0" type="stmt"/>
        <line num="242" count="0" type="stmt"/>
        <line num="243" count="0" type="stmt"/>
        <line num="246" count="0" type="cond" truecount="0" falsecount="2"/>
        <line num="247" count="0" type="stmt"/>
        <line num="252" count="0" type="stmt"/>
        <line num="254" count="0" type="stmt"/>
        <line num="255" count="0" type="stmt"/>
        <line num="256" count="0" type="stmt"/>
        <line num="260" count="0" type="cond" truecount="0" falsecount="2"/>
        <line num="261" count="0" type="cond" truecount="0" falsecount="2"/>
        <line num="262" count="0" type="stmt"/>
        <line num="266" count="0" type="stmt"/>
        <line num="270" count="2" type="stmt"/>
        <line num="274" count="2" type="stmt"/>
        <line num="275" count="2" type="stmt"/>
        <line num="276" count="2" type="stmt"/>
        <line num="277" count="10144" type="stmt"/>
        <line num="278" count="10144" type="stmt"/>
        <line num="279" count="10144" type="stmt"/>
        <line num="280" count="10144" type="stmt"/>
        <line num="281" count="10144" type="stmt"/>
        <line num="283" count="2" type="stmt"/>
        <line num="287" count="0" type="stmt"/>
        <line num="291" count="4" type="stmt"/>
        <line num="292" count="4" type="cond" truecount="1" falsecount="1"/>
        <line num="293" count="4" type="cond" truecount="1" falsecount="1"/>
        <line num="295" count="4" type="cond" truecount="2" falsecount="0"/>
        <line num="297" count="3" type="stmt"/>
        <line num="298" count="3" type="stmt"/>
        <line num="300" count="3" type="stmt"/>
        <line num="301" count="3" type="stmt"/>
        <line num="303" count="3" type="stmt"/>
        <line num="304" count="21" type="stmt"/>
        <line num="305" count="21" type="stmt"/>
        <line num="306" count="21" type="stmt"/>
        <line num="307" count="21" type="stmt"/>
        <line num="308" count="21" type="cond" truecount="4" falsecount="0"/>
        <line num="309" count="21" type="cond" truecount="4" falsecount="0"/>
        <line num="312" count="3" type="stmt"/>
        <line num="313" count="21" type="stmt"/>
        <line num="316" count="3" type="stmt"/>
      </file>
    </package>
    <package name="src.meshing">
      <metrics statements="379" coveredstatements="357" conditionals="180" coveredconditionals="130" methods="43" coveredmethods="37"/>
      <file name="apronField.ts" path="D:\GitHub\NanoBotsIdle\src\meshing\apronField.ts">
        <metrics statements="20" coveredstatements="19" conditionals="2" coveredconditionals="1" methods="3" coveredmethods="3"/>
        <line num="5" count="5" type="stmt"/>
        <line num="6" count="1827" type="stmt"/>
        <line num="9" count="5" type="stmt"/>
        <line num="10" count="3" type="stmt"/>
        <line num="11" count="3" type="stmt"/>
        <line num="14" count="5" type="stmt"/>
        <line num="22" count="1" type="stmt"/>
        <line num="23" count="1" type="stmt"/>
        <line num="24" count="1" type="stmt"/>
        <line num="25" count="1" type="cond" truecount="1" falsecount="1"/>
        <line num="26" count="0" type="stmt"/>
        <line num="29" count="1" type="stmt"/>
        <line num="30" count="1" type="stmt"/>
        <line num="31" count="4" type="stmt"/>
        <line num="32" count="4" type="stmt"/>
        <line num="33" count="16" type="stmt"/>
        <line num="34" count="16" type="stmt"/>
        <line num="35" count="64" type="stmt"/>
        <line num="36" count="64" type="stmt"/>
        <line num="37" count="64" type="stmt"/>
      </file>
      <file name="dirtyChunks.ts" path="D:\GitHub\NanoBotsIdle\src\meshing\dirtyChunks.ts">
        <metrics statements="25" coveredstatements="25" conditionals="14" coveredconditionals="9" methods="4" coveredmethods="4"/>
        <line num="3" count="9" type="stmt"/>
        <line num="5" count="5" type="stmt"/>
        <line num="7" count="1" type="stmt"/>
        <line num="13" count="3" type="stmt"/>
        <line num="15" count="3" type="stmt"/>
        <line num="16" count="3" type="stmt"/>
        <line num="17" count="3" type="stmt"/>
        <line num="19" count="3" type="stmt"/>
        <line num="20" count="3" type="stmt"/>
        <line num="21" count="3" type="stmt"/>
        <line num="23" count="3" type="stmt"/>
        <line num="24" count="3" type="stmt"/>
        <line num="26" count="3" type="stmt"/>
        <line num="27" count="5" type="stmt"/>
        <line num="28" count="5" type="cond" truecount="1" falsecount="1"/>
        <line num="29" count="5" type="stmt"/>
        <line num="30" count="5" type="stmt"/>
        <line num="33" count="3" type="stmt"/>
        <line num="36" count="3" type="cond" truecount="2" falsecount="0"/>
        <line num="37" count="3" type="cond" truecount="2" falsecount="0"/>
        <line num="38" count="3" type="cond" truecount="1" falsecount="1"/>
        <line num="39" count="3" type="cond" truecount="1" falsecount="1"/>
        <line num="40" count="3" type="cond" truecount="1" falsecount="1"/>
        <line num="41" count="3" type="cond" truecount="1" falsecount="1"/>
        <line num="43" count="3" type="stmt"/>
      </file>
      <file name="greedyMesher.ts" path="D:\GitHub\NanoBotsIdle\src\meshing\greedyMesher.ts">
        <metrics statements="127" coveredstatements="126" conditionals="40" coveredconditionals="35" methods="6" coveredmethods="6"/>
        <line num="4" count="4" type="stmt"/>
        <line num="6" count="4" type="stmt"/>
        <line num="7" count="10" type="cond" truecount="1" falsecount="1"/>
        <line num="8" count="10" type="stmt"/>
        <line num="11" count="4" type="stmt"/>
        <line num="16" count="2" type="cond" truecount="1" falsecount="1"/>
        <line num="18" count="2" type="stmt"/>
        <line num="19" count="2" type="stmt"/>
        <line num="20" count="2" type="stmt"/>
        <line num="22" count="2" type="stmt"/>
        <line num="23" count="2" type="stmt"/>
        <line num="24" count="434" type="cond" truecount="1" falsecount="1"/>
        <line num="26" count="2" type="stmt"/>
        <line num="27" count="8" type="stmt"/>
        <line num="28" count="8" type="stmt"/>
        <line num="29" count="8" type="stmt"/>
        <line num="30" count="32" type="stmt"/>
        <line num="31" count="32" type="stmt"/>
        <line num="32" count="32" type="stmt"/>
        <line num="33" count="128" type="stmt"/>
        <line num="34" count="128" type="stmt"/>
        <line num="36" count="128" type="stmt"/>
        <line num="37" count="128" type="stmt"/>
        <line num="38" count="188" type="stmt"/>
        <line num="39" count="284" type="stmt"/>
        <line num="40" count="434" type="stmt"/>
        <line num="41" count="434" type="cond" truecount="2" falsecount="0"/>
        <line num="42" count="54" type="stmt"/>
        <line num="43" count="54" type="stmt"/>
        <line num="49" count="128" type="stmt"/>
        <line num="54" count="2" type="stmt"/>
        <line num="57" count="4" type="stmt"/>
        <line num="58" count="10" type="stmt"/>
        <line num="59" count="10" type="cond" truecount="2" falsecount="0"/>
        <line num="61" count="10" type="stmt"/>
        <line num="62" count="10" type="stmt"/>
        <line num="63" count="10" type="cond" truecount="1" falsecount="1"/>
        <line num="64" count="0" type="stmt"/>
        <line num="69" count="10" type="stmt"/>
        <line num="71" count="1236" type="stmt"/>
        <line num="74" count="10" type="stmt"/>
        <line num="75" count="10" type="stmt"/>
        <line num="76" count="10" type="stmt"/>
        <line num="78" count="10" type="stmt"/>
        <line num="79" count="504" type="stmt"/>
        <line num="80" count="504" type="stmt"/>
        <line num="81" count="504" type="stmt"/>
        <line num="82" count="504" type="stmt"/>
        <line num="85" count="10" type="stmt"/>
        <line num="86" count="10" type="stmt"/>
        <line num="87" count="10" type="stmt"/>
        <line num="89" count="10" type="stmt"/>
        <line num="90" count="30" type="stmt"/>
        <line num="91" count="30" type="stmt"/>
        <line num="93" count="30" type="stmt"/>
        <line num="94" count="30" type="stmt"/>
        <line num="95" count="30" type="stmt"/>
        <line num="96" count="30" type="stmt"/>
        <line num="98" count="30" type="stmt"/>
        <line num="99" count="30" type="stmt"/>
        <line num="100" count="30" type="stmt"/>
        <line num="102" count="30" type="stmt"/>
        <line num="103" count="87" type="stmt"/>
        <line num="104" count="87" type="stmt"/>
        <line num="105" count="204" type="stmt"/>
        <line num="106" count="618" type="stmt"/>
        <line num="107" count="618" type="stmt"/>
        <line num="108" count="618" type="stmt"/>
        <line num="109" count="618" type="stmt"/>
        <line num="110" count="618" type="stmt"/>
        <line num="114" count="618" type="stmt"/>
        <line num="116" count="618" type="cond" truecount="4" falsecount="0"/>
        <line num="118" count="87" type="cond" truecount="2" falsecount="0"/>
        <line num="119" count="531" type="cond" truecount="4" falsecount="0"/>
        <line num="121" count="62" type="cond" truecount="1" falsecount="1"/>
        <line num="123" count="469" type="stmt"/>
        <line num="125" count="618" type="stmt"/>
        <line num="129" count="87" type="stmt"/>
        <line num="130" count="87" type="stmt"/>
        <line num="131" count="204" type="stmt"/>
        <line num="132" count="610" type="stmt"/>
        <line num="133" count="610" type="cond" truecount="2" falsecount="0"/>
        <line num="134" count="484" type="stmt"/>
        <line num="135" count="484" type="stmt"/>
        <line num="136" count="484" type="stmt"/>
        <line num="140" count="126" type="stmt"/>
        <line num="141" count="126" type="cond" truecount="2" falsecount="0"/>
        <line num="144" count="126" type="stmt"/>
        <line num="145" count="126" type="stmt"/>
        <line num="146" count="108" type="stmt"/>
        <line num="147" count="108" type="stmt"/>
        <line num="148" count="114" type="cond" truecount="2" falsecount="0"/>
        <line num="150" count="8" type="stmt"/>
        <line num="154" count="126" type="stmt"/>
        <line num="155" count="126" type="stmt"/>
        <line num="156" count="126" type="stmt"/>
        <line num="157" count="126" type="stmt"/>
        <line num="158" count="126" type="stmt"/>
        <line num="160" count="126" type="stmt"/>
        <line num="161" count="126" type="stmt"/>
        <line num="162" count="126" type="stmt"/>
        <line num="163" count="126" type="stmt"/>
        <line num="165" count="126" type="cond" truecount="2" falsecount="0"/>
        <line num="166" count="610" type="cond" truecount="2" falsecount="0"/>
        <line num="167" count="610" type="cond" truecount="2" falsecount="0"/>
        <line num="168" count="610" type="cond" truecount="2" falsecount="0"/>
        <line num="170" count="610" type="stmt"/>
        <line num="171" count="610" type="stmt"/>
        <line num="172" count="610" type="stmt"/>
        <line num="177" count="610" type="stmt"/>
        <line num="179" count="610" type="cond" truecount="2" falsecount="0"/>
        <line num="180" count="610" type="stmt"/>
        <line num="181" count="610" type="stmt"/>
        <line num="182" count="610" type="stmt"/>
        <line num="183" count="610" type="stmt"/>
        <line num="185" count="610" type="stmt"/>
        <line num="195" count="610" type="stmt"/>
        <line num="196" count="134" type="stmt"/>
        <line num="197" count="134" type="stmt"/>
        <line num="198" count="148" type="stmt"/>
        <line num="202" count="126" type="stmt"/>
        <line num="203" count="126" type="stmt"/>
        <line num="209" count="10" type="stmt"/>
        <line num="210" count="10" type="stmt"/>
        <line num="211" count="10" type="stmt"/>
        <line num="213" count="10" type="stmt"/>
        <line num="220" count="4" type="stmt"/>
      </file>
      <file name="meshingScheduler.ts" path="D:\GitHub\NanoBotsIdle\src\meshing\meshingScheduler.ts">
        <metrics statements="175" coveredstatements="157" conditionals="96" coveredconditionals="71" methods="27" coveredmethods="21"/>
        <line num="29" count="5" type="stmt"/>
        <line num="30" count="477" type="stmt"/>
        <line num="31" count="159" type="stmt"/>
        <line num="53" count="36" type="stmt"/>
        <line num="54" count="36" type="stmt"/>
        <line num="55" count="36" type="stmt"/>
        <line num="56" count="36" type="stmt"/>
        <line num="57" count="36" type="stmt"/>
        <line num="58" count="36" type="stmt"/>
        <line num="62" count="36" type="stmt"/>
        <line num="63" count="36" type="stmt"/>
        <line num="64" count="36" type="stmt"/>
        <line num="66" count="36" type="stmt"/>
        <line num="67" count="16" type="stmt"/>
        <line num="69" count="16" type="cond" truecount="2" falsecount="0"/>
        <line num="70" count="9" type="stmt"/>
        <line num="71" count="9" type="cond" truecount="1" falsecount="1"/>
        <line num="72" count="9" type="stmt"/>
        <line num="73" count="9" type="stmt"/>
        <line num="76" count="9" type="stmt"/>
        <line num="77" count="9" type="cond" truecount="1" falsecount="1"/>
        <line num="78" count="0" type="cond" truecount="0" falsecount="2"/>
        <line num="79" count="0" type="stmt"/>
        <line num="81" count="0" type="cond" truecount="0" falsecount="2"/>
        <line num="82" count="0" type="stmt"/>
        <line num="83" count="0" type="stmt"/>
        <line num="87" count="9" type="cond" truecount="2" falsecount="0"/>
        <line num="89" count="1" type="stmt"/>
        <line num="90" count="1" type="stmt"/>
        <line num="93" count="8" type="stmt"/>
        <line num="94" count="8" type="stmt"/>
        <line num="95" count="8" type="stmt"/>
        <line num="98" count="7" type="cond" truecount="1" falsecount="1"/>
        <line num="99" count="7" type="stmt"/>
        <line num="100" count="7" type="stmt"/>
        <line num="103" count="7" type="stmt"/>
        <line num="104" count="7" type="stmt"/>
        <line num="106" count="7" type="cond" truecount="1" falsecount="1"/>
        <line num="107" count="7" type="stmt"/>
        <line num="108" count="7" type="stmt"/>
        <line num="111" count="7" type="stmt"/>
        <line num="116" count="7" type="cond" truecount="2" falsecount="0"/>
        <line num="118" count="6" type="stmt"/>
        <line num="119" count="6" type="stmt"/>
        <line num="120" count="6" type="stmt"/>
        <line num="123" count="6" type="stmt"/>
        <line num="126" count="1" type="stmt"/>
        <line num="131" count="1" type="stmt"/>
        <line num="135" count="7" type="stmt"/>
        <line num="157" count="36" type="stmt"/>
        <line num="158" count="36" type="stmt"/>
        <line num="159" count="36" type="stmt"/>
        <line num="160" count="36" type="stmt"/>
        <line num="161" count="36" type="cond" truecount="2" falsecount="0"/>
        <line num="162" count="36" type="cond" truecount="2" falsecount="0"/>
        <line num="163" count="36" type="cond" truecount="2" falsecount="0"/>
        <line num="164" count="36" type="cond" truecount="2" falsecount="0"/>
        <line num="165" count="36" type="cond" truecount="2" falsecount="0"/>
        <line num="167" count="36" type="stmt"/>
        <line num="171" count="0" type="cond" truecount="0" falsecount="2"/>
        <line num="175" count="0" type="cond" truecount="0" falsecount="2"/>
        <line num="183" count="52" type="stmt"/>
        <line num="184" count="52" type="stmt"/>
        <line num="185" count="153" type="stmt"/>
        <line num="186" count="153" type="cond" truecount="1" falsecount="1"/>
        <line num="187" count="153" type="stmt"/>
        <line num="188" count="153" type="stmt"/>
        <line num="189" count="153" type="stmt"/>
        <line num="194" count="36" type="stmt"/>
        <line num="195" count="36" type="stmt"/>
        <line num="199" count="2175" type="stmt"/>
        <line num="200" count="2175" type="cond" truecount="2" falsecount="0"/>
        <line num="201" count="2175" type="stmt"/>
        <line num="204" count="2175" type="cond" truecount="4" falsecount="0"/>
        <line num="206" count="62" type="stmt"/>
        <line num="207" count="62" type="stmt"/>
        <line num="209" count="62" type="cond" truecount="3" falsecount="1"/>
        <line num="211" count="0" type="stmt"/>
        <line num="212" count="0" type="stmt"/>
        <line num="213" count="0" type="stmt"/>
        <line num="216" count="0" type="stmt"/>
        <line num="217" count="0" type="cond" truecount="0" falsecount="2"/>
        <line num="218" count="0" type="stmt"/>
        <line num="219" count="0" type="stmt"/>
        <line num="220" count="0" type="stmt"/>
        <line num="223" count="62" type="stmt"/>
        <line num="224" count="62" type="stmt"/>
        <line num="228" count="2113" type="stmt"/>
        <line num="229" count="2113" type="cond" truecount="2" falsecount="0"/>
        <line num="230" count="2113" type="stmt"/>
        <line num="231" count="2113" type="stmt"/>
        <line num="232" count="2113" type="stmt"/>
        <line num="233" count="2113" type="stmt"/>
        <line num="238" count="2328" type="cond" truecount="2" falsecount="0"/>
        <line num="240" count="2328" type="cond" truecount="4" falsecount="0"/>
        <line num="241" count="1" type="stmt"/>
        <line num="243" count="2328" type="stmt"/>
        <line num="247" count="62" type="cond" truecount="1" falsecount="1"/>
        <line num="250" count="62" type="stmt"/>
        <line num="251" count="62" type="stmt"/>
        <line num="252" count="2484" type="stmt"/>
        <line num="253" count="2484" type="cond" truecount="1" falsecount="1"/>
        <line num="254" count="2484" type="stmt"/>
        <line num="257" count="62" type="stmt"/>
        <line num="261" count="0" type="stmt"/>
        <line num="265" count="102" type="stmt"/>
        <line num="266" count="102" type="stmt"/>
        <line num="267" count="102" type="stmt"/>
        <line num="268" count="102" type="stmt"/>
        <line num="269" count="102" type="stmt"/>
        <line num="270" count="102" type="stmt"/>
        <line num="271" count="102" type="stmt"/>
        <line num="275" count="4706" type="cond" truecount="2" falsecount="0"/>
        <line num="276" count="2007" type="stmt"/>
        <line num="280" count="2266" type="stmt"/>
        <line num="281" count="2266" type="stmt"/>
        <line num="285" count="2266" type="stmt"/>
        <line num="286" count="2266" type="stmt"/>
        <line num="287" count="2074" type="stmt"/>
        <line num="288" count="2074" type="cond" truecount="2" falsecount="0"/>
        <line num="289" count="3" type="stmt"/>
        <line num="290" count="3" type="stmt"/>
        <line num="291" count="3" type="stmt"/>
        <line num="292" count="3" type="stmt"/>
        <line num="297" count="23" type="stmt"/>
        <line num="298" count="23" type="stmt"/>
        <line num="299" count="23" type="stmt"/>
        <line num="300" count="69" type="stmt"/>
        <line num="301" count="69" type="stmt"/>
        <line num="302" count="69" type="stmt"/>
        <line num="304" count="69" type="cond" truecount="4" falsecount="0"/>
        <line num="305" count="46" type="stmt"/>
        <line num="307" count="69" type="cond" truecount="4" falsecount="0"/>
        <line num="308" count="11" type="stmt"/>
        <line num="310" count="69" type="cond" truecount="2" falsecount="0"/>
        <line num="312" count="46" type="stmt"/>
        <line num="313" count="46" type="stmt"/>
        <line num="314" count="46" type="stmt"/>
        <line num="315" count="46" type="stmt"/>
        <line num="320" count="39" type="cond" truecount="1" falsecount="1"/>
        <line num="321" count="39" type="stmt"/>
        <line num="322" count="39" type="stmt"/>
        <line num="323" count="39" type="cond" truecount="2" falsecount="0"/>
        <line num="324" count="23" type="stmt"/>
        <line num="325" count="23" type="stmt"/>
        <line num="327" count="39" type="stmt"/>
        <line num="331" count="38" type="stmt"/>
        <line num="332" count="39" type="stmt"/>
        <line num="333" count="39" type="cond" truecount="1" falsecount="1"/>
        <line num="334" count="39" type="cond" truecount="1" falsecount="1"/>
        <line num="335" count="39" type="cond" truecount="1" falsecount="1"/>
        <line num="336" count="39" type="cond" truecount="2" falsecount="0"/>
        <line num="337" count="38" type="stmt"/>
        <line num="343" count="36" type="stmt"/>
        <line num="344" count="36" type="cond" truecount="2" falsecount="0"/>
        <line num="345" count="4" type="stmt"/>
        <line num="352" count="36" type="cond" truecount="2" falsecount="0"/>
        <line num="353" count="38" type="stmt"/>
        <line num="354" count="38" type="cond" truecount="1" falsecount="1"/>
        <line num="356" count="38" type="stmt"/>
        <line num="357" count="38" type="stmt"/>
        <line num="358" count="38" type="stmt"/>
        <line num="359" count="38" type="cond" truecount="1" falsecount="1"/>
        <line num="360" count="38" type="stmt"/>
        <line num="361" count="38" type="stmt"/>
        <line num="362" count="38" type="cond" truecount="2" falsecount="0"/>
        <line num="364" count="38" type="stmt"/>
        <line num="366" count="38" type="stmt"/>
        <line num="367" count="38" type="stmt"/>
        <line num="372" count="1" type="cond" truecount="1" falsecount="1"/>
        <line num="376" count="9" type="stmt"/>
        <line num="380" count="9" type="stmt"/>
        <line num="384" count="0" type="stmt"/>
        <line num="388" count="5" type="stmt"/>
        <line num="392" count="0" type="stmt"/>
      </file>
      <file name="workerHandler.ts" path="D:\GitHub\NanoBotsIdle\src\meshing\workerHandler.ts">
        <metrics statements="32" coveredstatements="30" conditionals="28" coveredconditionals="14" methods="3" coveredmethods="3"/>
        <line num="4" count="2" type="stmt"/>
        <line num="5" count="228" type="cond" truecount="1" falsecount="1"/>
        <line num="6" count="228" type="cond" truecount="1" falsecount="1"/>
        <line num="7" count="228" type="cond" truecount="1" falsecount="1"/>
        <line num="8" count="228" type="cond" truecount="1" falsecount="1"/>
        <line num="9" count="228" type="cond" truecount="1" falsecount="1"/>
        <line num="10" count="228" type="cond" truecount="2" falsecount="0"/>
        <line num="11" count="204" type="stmt"/>
        <line num="14" count="2" type="stmt"/>
        <line num="15" count="3" type="stmt"/>
        <line num="16" count="3" type="stmt"/>
        <line num="17" count="228" type="stmt"/>
        <line num="18" count="228" type="stmt"/>
        <line num="19" count="228" type="stmt"/>
        <line num="20" count="228" type="stmt"/>
        <line num="21" count="228" type="stmt"/>
        <line num="23" count="3" type="stmt"/>
        <line num="26" count="2" type="stmt"/>
        <line num="27" count="2" type="cond" truecount="1" falsecount="1"/>
        <line num="28" count="0" type="stmt"/>
        <line num="42" count="2" type="stmt"/>
        <line num="43" count="2" type="stmt"/>
        <line num="48" count="2" type="cond" truecount="2" falsecount="0"/>
        <line num="49" count="2" type="stmt"/>
        <line num="51" count="2" type="stmt"/>
        <line num="52" count="2" type="cond" truecount="2" falsecount="0"/>
        <line num="53" count="1" type="stmt"/>
        <line num="54" count="1" type="stmt"/>
        <line num="60" count="1" type="stmt"/>
        <line num="61" count="1" type="stmt"/>
        <line num="64" count="2" type="stmt"/>
        <line num="73" count="0" type="stmt"/>
      </file>
    </package>
    <package name="src.render">
[...]
      </file>
      <file name="simBridge.ts" path="D:\GitHub\NanoBotsIdle\src\simBridge\simBridge.ts">
        <metrics statements="5" coveredstatements="5" conditionals="2" coveredconditionals="2" methods="1" coveredmethods="1"/>
        <line num="7" count="5" type="stmt"/>
        <line num="9" count="5" type="stmt"/>
        <line num="10" count="7" type="cond" truecount="2" falsecount="0"/>
        <line num="11" count="2" type="stmt"/>
        <line num="13" count="7" type="stmt"/>
      </file>
      <file name="simControl.ts" path="D:\GitHub\NanoBotsIdle\src\simBridge\simControl.ts">
        <metrics statements="13" coveredstatements="12" conditionals="2" coveredconditionals="2" methods="4" coveredmethods="4"/>
        <line num="3" count="1" type="stmt"/>
        <line num="4" count="2" type="stmt"/>
        <line num="5" count="2" type="stmt"/>
        <line num="7" count="0" type="stmt"/>
        <line num="11" count="1" type="stmt"/>
        <line num="12" count="1" type="stmt"/>
        <line num="13" count="1" type="stmt"/>
        <line num="19" count="1" type="stmt"/>
        <line num="20" count="1" type="stmt"/>
        <line num="21" count="1" type="stmt"/>
        <line num="27" count="1" type="stmt"/>
        <line num="28" count="2" type="cond" truecount="2" falsecount="0"/>
        <line num="29" count="1" type="stmt"/>
      </file>
      <file name="workerFactory.ts" path="D:\GitHub\NanoBotsIdle\src\simBridge\workerFactory.ts">
        <metrics statements="2" coveredstatements="2" conditionals="0" coveredconditionals="0" methods="1" coveredmethods="1"/>
        <line num="3" count="5" type="stmt"/>
        <line num="4" count="1" type="stmt"/>
      </file>
    </package>
    <package name="src.telemetry">
      <metrics statements="96" coveredstatements="90" conditionals="32" coveredconditionals="24" methods="22" coveredmethods="21"/>
      <file name="TelemetryCollector.ts" path="D:\GitHub\NanoBotsIdle\src\telemetry\TelemetryCollector.ts">
        <metrics statements="96" coveredstatements="90" conditionals="32" coveredconditionals="24" methods="22" coveredmethods="21"/>
        <line num="52" count="34" type="stmt"/>
        <line num="55" count="34" type="stmt"/>
        <line num="56" count="34" type="stmt"/>
        <line num="57" count="34" type="stmt"/>
        <line num="60" count="34" type="stmt"/>
        <line num="61" count="34" type="stmt"/>
        <line num="64" count="34" type="stmt"/>
        <line num="65" count="34" type="stmt"/>
        <line num="66" count="34" type="stmt"/>
        <line num="67" count="34" type="stmt"/>
        <line num="68" count="34" type="stmt"/>
        <line num="69" count="34" type="stmt"/>
        <line num="72" count="34" type="stmt"/>
        <line num="73" count="34" type="stmt"/>
        <line num="74" count="34" type="stmt"/>
        <line num="75" count="34" type="stmt"/>
        <line num="78" count="34" type="stmt"/>
        <line num="79" count="34" type="stmt"/>
        <line num="82" count="34" type="stmt"/>
        <line num="83" count="34" type="stmt"/>
        <line num="86" count="34" type="stmt"/>
        <line num="90" count="3" type="stmt"/>
        <line num="91" count="3" type="cond" truecount="2" falsecount="0"/>
        <line num="92" count="1" type="stmt"/>
        <line num="97" count="45" type="stmt"/>
        <line num="101" count="2" type="stmt"/>
        <line num="102" count="2" type="stmt"/>
        <line num="103" count="2" type="stmt"/>
        <line num="104" count="2" type="stmt"/>
        <line num="105" count="2" type="stmt"/>
        <line num="106" count="2" type="stmt"/>
        <line num="107" count="2" type="stmt"/>
        <line num="108" count="2" type="stmt"/>
        <line num="109" count="2" type="stmt"/>
        <line num="110" count="2" type="stmt"/>
        <line num="111" count="2" type="stmt"/>
        <line num="112" count="2" type="stmt"/>
        <line num="113" count="2" type="stmt"/>
        <line num="114" count="2" type="stmt"/>
        <line num="118" count="156" type="cond" truecount="2" falsecount="0"/>
        <line num="119" count="155" type="stmt"/>
        <line num="120" count="155" type="stmt"/>
        <line num="121" count="155" type="stmt"/>
        <line num="122" count="155" type="stmt"/>
        <line num="123" count="155" type="stmt"/>
        <line num="127" count="5" type="cond" truecount="2" falsecount="0"/>
        <line num="128" count="4" type="stmt"/>
        <line num="129" count="4" type="stmt"/>
        <line num="130" count="4" type="stmt"/>
        <line num="131" count="4" type="stmt"/>
        <line num="135" count="4" type="cond" truecount="1" falsecount="1"/>
        <line num="136" count="4" type="stmt"/>
        <line num="137" count="4" type="stmt"/>
        <line num="138" count="4" type="stmt"/>
        <line num="139" count="4" type="cond" truecount="1" falsecount="1"/>
        <line num="140" count="0" type="stmt"/>
        <line num="145" count="5" type="cond" truecount="1" falsecount="1"/>
        <line num="146" count="5" type="stmt"/>
        <line num="147" count="5" type="stmt"/>
        <line num="148" count="5" type="stmt"/>
        <line num="152" count="0" type="cond" truecount="0" falsecount="2"/>
        <line num="153" count="0" type="stmt"/>
        <line num="154" count="0" type="stmt"/>
        <line num="155" count="0" type="cond" truecount="0" falsecount="2"/>
        <line num="156" count="0" type="stmt"/>
        <line num="161" count="2" type="cond" truecount="1" falsecount="1"/>
        <line num="162" count="2" type="stmt"/>
        <line num="163" count="2" type="stmt"/>
        <line num="167" count="9" type="cond" truecount="2" falsecount="0"/>
        <line num="168" count="1" type="stmt"/>
        <line num="172" count="6" type="cond" truecount="2" falsecount="0"/>
        <line num="173" count="1" type="stmt"/>
        <line num="177" count="7" type="cond" truecount="2" falsecount="0"/>
        <line num="178" count="3" type="stmt"/>
        <line num="182" count="6" type="cond" truecount="2" falsecount="0"/>
        <line num="183" count="2" type="stmt"/>
        <line num="187" count="159" type="stmt"/>
        <line num="188" count="30" type="stmt"/>
        <line num="193" count="44" type="cond" truecount="2" falsecount="0"/>
        <line num="194" count="39" type="stmt"/>
        <line num="196" count="130" type="stmt"/>
        <line num="197" count="130" type="stmt"/>
        <line num="198" count="5" type="stmt"/>
        <line num="206" count="11" type="stmt"/>
        <line num="207" count="11" type="stmt"/>
        <line num="208" count="11" type="stmt"/>
        <line num="209" count="11" type="stmt"/>
        <line num="211" count="11" type="stmt"/>
        <line num="241" count="1" type="stmt"/>
        <line num="246" count="14" type="stmt"/>
        <line num="248" count="14" type="stmt"/>
        <line num="249" count="64" type="cond" truecount="2" falsecount="0"/>
        <line num="250" count="24" type="stmt"/>
        <line num="252" count="64" type="stmt"/>
        <line num="255" count="14" type="stmt"/>
        <line num="256" count="20" type="stmt"/>
      </file>
      <file name="index.ts" path="D:\GitHub\NanoBotsIdle\src\telemetry\index.ts">
        <metrics statements="0" coveredstatements="0" conditionals="0" coveredconditionals="0" methods="0" coveredmethods="0"/>
      </file>
    </package>
    <package name="src.utils">
      <metrics statements="134" coveredstatements="114" conditionals="55" coveredconditionals="39" methods="24" coveredmethods="20"/>
      <file name="chunkPriority.ts" path="D:\GitHub\NanoBotsIdle\src\utils\chunkPriority.ts">
        <metrics statements="31" coveredstatements="21" conditionals="9" coveredconditionals="9" methods="5" coveredmethods="2"/>
        <line num="8" count="16" type="stmt"/>
        <line num="9" count="0" type="stmt"/>
        <line num="10" count="0" type="stmt"/>
        <line num="11" count="0" type="stmt"/>
        <line num="12" count="0" type="stmt"/>
        <line num="15" count="16" type="stmt"/>
        <line num="16" count="0" type="stmt"/>
        <line num="17" count="0" type="stmt"/>
        <line num="18" count="0" type="stmt"/>
        <line num="23" count="16" type="cond" truecount="1" falsecount="0"/>
        <line num="24" count="2" type="stmt"/>
        <line num="25" count="2" type="stmt"/>
        <line num="26" count="2" type="stmt"/>
        <line num="28" count="2" type="stmt"/>
        <line num="29" count="10" type="stmt"/>
        <line num="30" count="50" type="cond" truecount="2" falsecount="0"/>
        <line num="31" count="25" type="stmt"/>
        <line num="33" count="25" type="stmt"/>
        <line num="34" count="125" type="stmt"/>
        <line num="40" count="2" type="stmt"/>
        <line num="41" count="789" type="stmt"/>
        <line num="42" count="789" type="stmt"/>
        <line num="43" count="789" type="cond" truecount="2" falsecount="0"/>
        <line num="45" count="319" type="cond" truecount="2" falsecount="0"/>
        <line num="46" count="184" type="cond" truecount="2" falsecount="0"/>
        <line num="47" count="60" type="stmt"/>
        <line num="50" count="2" type="stmt"/>
        <line num="53" count="16" type="stmt"/>
        <line num="59" count="0" type="stmt"/>
        <line num="60" count="0" type="stmt"/>
        <line num="61" count="0" type="stmt"/>
      </file>
      <file name="dynamicResScaler.ts" path="D:\GitHub\NanoBotsIdle\src\utils\dynamicResScaler.ts">
        <metrics statements="10" coveredstatements="10" conditionals="8" coveredconditionals="8" methods="2" coveredmethods="2"/>
        <line num="1" count="3" type="stmt"/>
        <line num="2" count="3" type="stmt"/>
        <line num="3" count="3" type="stmt"/>
        <line num="4" count="3" type="cond" truecount="2" falsecount="0"/>
        <line num="5" count="3" type="stmt"/>
        <line num="18" count="6" type="stmt"/>
        <line num="19" count="6" type="cond" truecount="2" falsecount="0"/>
        <line num="20" count="3" type="cond" truecount="2" falsecount="0"/>
        <line num="21" count="1" type="stmt"/>
        <line num="25" count="2" type="stmt"/>
      </file>
      <file name="logger.ts" path="D:\GitHub\NanoBotsIdle\src\utils\logger.ts">
        <metrics statements="29" coveredstatements="19" conditionals="26" coveredconditionals="12" methods="9" coveredmethods="8"/>
        <line num="12" count="14" type="stmt"/>
        <line num="15" count="14" type="stmt"/>
        <line num="21" count="14" type="stmt"/>
        <line num="22" count="5" type="cond" truecount="1" falsecount="1"/>
        <line num="23" count="0" type="stmt"/>
        <line num="30" count="14" type="stmt"/>
        <line num="31" count="1" type="cond" truecount="1" falsecount="1"/>
        <line num="32" count="0" type="stmt"/>
        <line num="40" count="14" type="stmt"/>
        <line num="41" count="0" type="cond" truecount="0" falsecount="2"/>
        <line num="42" count="0" type="stmt"/>
        <line num="44" count="0" type="stmt"/>
        <line num="51" count="14" type="stmt"/>
        <line num="52" count="3" type="cond" truecount="2" falsecount="2"/>
        <line num="53" count="0" type="stmt"/>
        <line num="61" count="14" type="stmt"/>
        <line num="62" count="2" type="cond" truecount="2" falsecount="2"/>
        <line num="63" count="0" type="stmt"/>
        <line num="71" count="14" type="stmt"/>
        <line num="72" count="29" type="cond" truecount="2" falsecount="2"/>
        <line num="73" count="0" type="stmt"/>
        <line num="81" count="14" type="stmt"/>
        <line num="82" count="5" type="stmt"/>
        <line num="89" count="14" type="stmt"/>
        <line num="90" count="2" type="cond" truecount="2" falsecount="2"/>
        <line num="91" count="0" type="stmt"/>
        <line num="99" count="14" type="stmt"/>
        <line num="100" count="2" type="cond" truecount="2" falsecount="2"/>
        <line num="101" count="0" type="stmt"/>
      </file>
      <file name="saveUtils.ts" path="D:\GitHub\NanoBotsIdle\src\utils\saveUtils.ts">
        <metrics statements="64" coveredstatements="64" conditionals="12" coveredconditionals="10" methods="8" coveredmethods="8"/>
        <line num="16" count="2" type="stmt"/>
        <line num="17" count="1" type="stmt"/>
        <line num="28" count="1" type="stmt"/>
        <line num="30" count="1" type="stmt"/>
        <line num="36" count="1" type="stmt"/>
        <line num="37" count="1" type="stmt"/>
        <line num="38" count="1" type="stmt"/>
        <line num="39" count="1" type="stmt"/>
        <line num="40" count="1" type="stmt"/>
        <line num="41" count="1" type="stmt"/>
        <line num="42" count="1" type="stmt"/>
        <line num="50" count="2" type="stmt"/>
        <line num="51" count="6" type="stmt"/>
        <line num="52" count="6" type="stmt"/>
        <line num="53" count="6" type="stmt"/>
        <line num="54" count="5" type="stmt"/>
        <line num="55" count="5" type="stmt"/>
        <line num="56" count="5" type="stmt"/>
        <line num="59" count="5" type="stmt"/>
        <line num="60" count="5" type="cond" truecount="2" falsecount="0"/>
        <line num="61" count="1" type="stmt"/>
        <line num="62" count="1" type="stmt"/>
        <line num="63" count="1" type="stmt"/>
        <line num="64" count="1" type="stmt"/>
        <line num="68" count="3" type="cond" truecount="2" falsecount="0"/>
        <line num="69" count="1" type="stmt"/>
        <line num="72" count="3" type="stmt"/>
        <line num="75" count="3" type="stmt"/>
        <line num="76" count="3" type="cond" truecount="2" falsecount="0"/>
        <line num="77" count="2" type="stmt"/>
        <line num="78" count="2" type="stmt"/>
        <line num="79" count="2" type="stmt"/>
        <line num="83" count="1" type="stmt"/>
        <line num="84" count="1" type="stmt"/>
        <line num="85" count="1" type="stmt"/>
        <line num="86" count="1" type="stmt"/>
        <line num="91" count="2" type="stmt"/>
        <line num="92" count="2" type="cond" truecount="2" falsecount="0"/>
        <line num="93" count="1" type="stmt"/>
        <line num="94" count="1" type="stmt"/>
        <line num="95" count="1" type="stmt"/>
        <line num="96" count="1" type="stmt"/>
        <line num="100" count="1" type="cond" truecount="1" falsecount="1"/>
        <line num="101" count="1" type="stmt"/>
        <line num="105" count="1" type="stmt"/>
        <line num="106" count="1" type="stmt"/>
        <line num="108" count="1" type="stmt"/>
        <line num="110" count="1" type="cond" truecount="1" falsecount="1"/>
        <line num="111" count="1" type="stmt"/>
        <line num="112" count="1" type="stmt"/>
        <line num="115" count="6" type="stmt"/>
        <line num="116" count="1" type="stmt"/>
        <line num="117" count="1" type="stmt"/>
        <line num="118" count="1" type="stmt"/>
        <line num="120" count="6" type="stmt"/>
        <line num="126" count="2" type="stmt"/>
        <line num="128" count="2" type="stmt"/>
        <line num="129" count="2" type="stmt"/>
        <line num="130" count="2" type="stmt"/>
        <line num="133" count="1" type="stmt"/>
        <line num="137" count="2" type="stmt"/>
        <line num="138" count="2" type="stmt"/>
        <line num="143" count="2" type="stmt"/>
        <line num="144" count="2" type="stmt"/>
      </file>
    </package>
    <package name="src.utils.migrations">
      <metrics statements="59" coveredstatements="59" conditionals="75" coveredconditionals="75" methods="8" coveredmethods="8"/>
      <file name="registry.ts" path="D:\GitHub\NanoBotsIdle\src\utils\migrations\registry.ts">
        <metrics statements="21" coveredstatements="21" conditionals="8" coveredconditionals="8" methods="3" coveredmethods="3"/>
        <line num="15" count="3" type="stmt"/>
        <line num="29" count="12" type="cond" truecount="2" falsecount="0"/>
        <line num="30" count="1" type="stmt"/>
        <line num="33" count="11" type="cond" truecount="2" falsecount="0"/>
        <line num="34" count="1" type="stmt"/>
        <line num="37" count="10" type="stmt"/>
        <line num="38" count="10" type="stmt"/>
        <line num="40" count="10" type="stmt"/>
        <line num="41" count="11" type="stmt"/>
        <line num="42" count="11" type="cond" truecount="2" falsecount="0"/>
        <line num="45" count="11" type="cond" truecount="2" falsecount="0"/>
        <line num="46" count="1" type="stmt"/>
        <line num="52" count="10" type="stmt"/>
        <line num="53" count="10" type="stmt"/>
        <line num="56" count="9" type="stmt"/>
        <line num="66" count="8" type="stmt"/>
        <line num="68" count="8" type="stmt"/>
        <line num="69" count="8" type="stmt"/>
        <line num="70" count="8" type="stmt"/>
        <line num="72" count="1" type="stmt"/>
        <line num="78" count="7" type="stmt"/>
      </file>
      <file name="types.ts" path="D:\GitHub\NanoBotsIdle\src\utils\migrations\types.ts">
        <metrics statements="1" coveredstatements="1" conditionals="0" coveredconditionals="0" methods="0" coveredmethods="0"/>
        <line num="13" count="5" type="stmt"/>
      </file>
      <file name="v1-to-v2.ts" path="D:\GitHub\NanoBotsIdle\src\utils\migrations\v1-to-v2.ts">
        <metrics statements="5" coveredstatements="5" conditionals="18" coveredconditionals="18" methods="2" coveredmethods="2"/>
        <line num="46" count="7" type="stmt"/>
        <line num="61" count="3" type="stmt"/>
        <line num="67" count="8" type="cond" truecount="4" falsecount="0"/>
        <line num="68" count="1" type="stmt"/>
        <line num="71" count="7" type="stmt"/>
      </file>
      <file name="validation.ts" path="D:\GitHub\NanoBotsIdle\src\utils\migrations\validation.ts">
        <metrics statements="32" coveredstatements="32" conditionals="49" coveredconditionals="49" methods="3" coveredmethods="3"/>
        <line num="18" count="12" type="stmt"/>
        <line num="19" count="12" type="stmt"/>
        <line num="22" count="12" type="cond" truecount="4" falsecount="0"/>
        <line num="23" count="1" type="stmt"/>
        <line num="24" count="1" type="stmt"/>
        <line num="27" count="11" type="stmt"/>
        <line num="30" count="11" type="cond" truecount="2" falsecount="0"/>
        <line num="31" count="2" type="stmt"/>
        <line num="32" count="9" type="cond" truecount="2" falsecount="0"/>
        <line num="33" count="1" type="stmt"/>
        <line num="34" count="8" type="cond" truecount="2" falsecount="0"/>
        <line num="35" count="2" type="stmt"/>
        <line num="41" count="11" type="cond" truecount="2" falsecount="0"/>
        <line num="42" count="3" type="stmt"/>
        <line num="45" count="11" type="cond" truecount="4" falsecount="0"/>
        <line num="46" count="2" type="stmt"/>
        <line num="49" count="11" type="stmt"/>
        <line num="62" count="9" type="stmt"/>
        <line num="63" count="9" type="stmt"/>
        <line num="66" count="9" type="stmt"/>
        <line num="77" count="9" type="stmt"/>
        <line num="78" count="72" type="stmt"/>
        <line num="79" count="72" type="cond" truecount="5" falsecount="0"/>
        <line num="80" count="3" type="stmt"/>
        <line num="85" count="9" type="cond" truecount="4" falsecount="0"/>
        <line num="86" count="1" type="stmt"/>
        <line num="89" count="9" type="cond" truecount="4" falsecount="0"/>
        <line num="90" count="1" type="stmt"/>
        <line num="93" count="9" type="cond" truecount="4" falsecount="0"/>
        <line num="94" count="1" type="stmt"/>
        <line num="97" count="9" type="stmt"/>
        <line num="110" count="11" type="stmt"/>
      </file>
    </package>
  </project>
</coverage>
