<?xml version="1.0" encoding="UTF-8"?>
<coverage generated="1767199940142" clover="3.2.0">
  <project timestamp="1767199940142" name="All files">
    <metrics statements="1417" coveredstatements="1193" conditionals="738" coveredconditionals="514" methods="232" coveredmethods="183" elements="2387" coveredelements="1890" complexity="0" loc="1417" ncloc="1417" packages="16" files="51" classes="51"/>
    <package name="scripts">
      <metrics statements="37" coveredstatements="25" conditionals="25" coveredconditionals="19" methods="8" coveredmethods="4"/>
      <file name="find-magic-values.js" path="D:\GitHub\NanoBotsIdle\scripts\find-magic-values.js">
        <metrics statements="37" coveredstatements="25" conditionals="25" coveredconditionals="19" methods="8" coveredmethods="4"/>
        <line num="4" count="1" type="stmt"/>
        <line num="7" count="22" type="stmt"/>
        <line num="8" count="22" type="stmt"/>
        <line num="9" count="22" type="stmt"/>
        <line num="10" count="133" type="cond" truecount="4" falsecount="1"/>
        <line num="11" count="133" type="stmt"/>
        <line num="12" count="133" type="cond" truecount="2" falsecount="0"/>
        <line num="13" count="21" type="stmt"/>
        <line num="14" count="21" type="stmt"/>
        <line num="15" count="112" type="cond" truecount="2" falsecount="0"/>
        <line num="16" count="110" type="stmt"/>
        <line num="19" count="22" type="stmt"/>
        <line num="23" count="1" type="stmt"/>
        <line num="24" count="1" type="stmt"/>
        <line num="25" count="1" type="stmt"/>
        <line num="27" count="110" type="stmt"/>
        <line num="28" count="110" type="stmt"/>
        <line num="29" count="110" type="stmt"/>
        <line num="31" count="8925" type="stmt"/>
        <line num="32" count="1666" type="stmt"/>
        <line num="33" count="1666" type="stmt"/>
        <line num="35" count="1666" type="cond" truecount="5" falsecount="0"/>
        <line num="36" count="827" type="stmt"/>
        <line num="41" count="1" type="stmt"/>
        <line num="45" count="0" type="stmt"/>
        <line num="46" count="0" type="cond" truecount="0" falsecount="2"/>
        <line num="47" count="0" type="stmt"/>
        <line num="48" count="0" type="stmt"/>
        <line num="50" count="0" type="stmt"/>
        <line num="51" count="0" type="stmt"/>
        <line num="52" count="0" type="stmt"/>
        <line num="54" count="0" type="stmt"/>
        <line num="57" count="1" type="cond" truecount="3" falsecount="1"/>
        <line num="58" count="0" type="stmt"/>
        <line num="59" count="0" type="cond" truecount="0" falsecount="2"/>
        <line num="61" count="0" type="stmt"/>
        <line num="62" count="0" type="stmt"/>
      </file>
    </package>
    <package name="src">
      <metrics statements="49" coveredstatements="41" conditionals="30" coveredconditionals="25" methods="16" coveredmethods="12"/>
      <file name="constants.ts" path="D:\GitHub\NanoBotsIdle\src\constants.ts">
        <metrics statements="9" coveredstatements="9" conditionals="0" coveredconditionals="0" methods="0" coveredmethods="0"/>
        <line num="3" count="3" type="stmt"/>
        <line num="4" count="3" type="stmt"/>
        <line num="5" count="3" type="stmt"/>
        <line num="6" count="3" type="stmt"/>
        <line num="8" count="3" type="stmt"/>
        <line num="11" count="3" type="stmt"/>
        <line num="12" count="3" type="stmt"/>
        <line num="13" count="3" type="stmt"/>
        <line num="14" count="3" type="stmt"/>
      </file>
      <file name="store.ts" path="D:\GitHub\NanoBotsIdle\src\store.ts">
        <metrics statements="20" coveredstatements="20" conditionals="12" coveredconditionals="12" methods="11" coveredmethods="11"/>
        <line num="34" count="4" type="stmt"/>
        <line num="36" count="4" type="stmt"/>
        <line num="50" count="9" type="stmt"/>
        <line num="52" count="4" type="stmt"/>
        <line num="54" count="1" type="stmt"/>
        <line num="57" count="1" type="stmt"/>
        <line num="66" count="16" type="stmt"/>
        <line num="67" count="16" type="stmt"/>
        <line num="68" count="16" type="stmt"/>
        <line num="72" count="6" type="stmt"/>
        <line num="73" count="6" type="stmt"/>
        <line num="75" count="6" type="cond" truecount="2" falsecount="0"/>
        <line num="76" count="5" type="stmt"/>
        <line num="77" count="5" type="stmt"/>
        <line num="78" count="5" type="cond" truecount="2" falsecount="0"/>
        <line num="79" count="5" type="cond" truecount="2" falsecount="0"/>
        <line num="80" count="5" type="cond" truecount="2" falsecount="0"/>
        <line num="81" count="5" type="cond" truecount="2" falsecount="0"/>
        <line num="82" count="5" type="cond" truecount="2" falsecount="0"/>
        <line num="83" count="5" type="stmt"/>
      </file>
      <file name="utils.ts" path="D:\GitHub\NanoBotsIdle\src\utils.ts">
        <metrics statements="20" coveredstatements="12" conditionals="18" coveredconditionals="13" methods="5" coveredmethods="1"/>
        <line num="15" count="9" type="stmt"/>
        <line num="16" count="0" type="stmt"/>
        <line num="17" count="0" type="stmt"/>
        <line num="20" count="9" type="cond" truecount="1" falsecount="0"/>
        <line num="22" count="1852907" type="cond" truecount="2" falsecount="0"/>
        <line num="23" count="1850798" type="cond" truecount="2" falsecount="0"/>
        <line num="24" count="1844169" type="cond" truecount="2" falsecount="0"/>
        <line num="25" count="1833990" type="cond" truecount="2" falsecount="0"/>
        <line num="26" count="1797905" type="cond" truecount="2" falsecount="0"/>
        <line num="27" count="1526911" type="cond" truecount="2" falsecount="0"/>
        <line num="28" count="879137" type="stmt"/>
        <line num="31" count="9" type="cond" truecount="0" falsecount="1"/>
        <line num="32" count="0" type="cond" truecount="0" falsecount="2"/>
        <line num="33" count="0" type="stmt"/>
        <line num="37" count="9" type="stmt"/>
        <line num="39" count="0" type="stmt"/>
        <line num="41" count="0" type="cond" truecount="0" falsecount="2"/>
        <line num="42" count="0" type="stmt"/>
        <line num="46" count="9" type="stmt"/>
        <line num="47" count="0" type="stmt"/>
      </file>
    </package>
    <package name="src.components">
      <metrics statements="30" coveredstatements="28" conditionals="6" coveredconditionals="4" methods="4" coveredmethods="4"/>
      <file name="DynamicResScaler.tsx" path="D:\GitHub\NanoBotsIdle\src\components\DynamicResScaler.tsx">
        <metrics statements="30" coveredstatements="28" conditionals="6" coveredconditionals="4" methods="4" coveredmethods="4"/>
        <line num="10" count="2" type="stmt"/>
        <line num="12" count="2" type="stmt"/>
        <line num="13" count="1" type="stmt"/>
        <line num="14" count="1" type="stmt"/>
        <line num="15" count="1" type="stmt"/>
        <line num="16" count="1" type="stmt"/>
        <line num="17" count="1" type="stmt"/>
        <line num="18" count="1" type="stmt"/>
        <line num="20" count="1" type="stmt"/>
        <line num="22" count="1" type="stmt"/>
        <line num="23" count="1" type="stmt"/>
        <line num="26" count="1" type="stmt"/>
        <line num="29" count="1" type="stmt"/>
        <line num="30" count="11" type="stmt"/>
        <line num="31" count="11" type="stmt"/>
        <line num="32" count="11" type="stmt"/>
        <line num="34" count="11" type="cond" truecount="2" falsecount="0"/>
        <line num="35" count="1" type="stmt"/>
        <line num="36" count="1" type="stmt"/>
        <line num="38" count="1" type="stmt"/>
        <line num="39" count="1" type="stmt"/>
        <line num="42" count="1" type="cond" truecount="1" falsecount="1"/>
        <line num="43" count="0" type="stmt"/>
        <line num="44" count="0" type="stmt"/>
        <line num="47" count="1" type="stmt"/>
        <line num="49" count="1" type="cond" truecount="1" falsecount="1"/>
        <line num="50" count="1" type="stmt"/>
        <line num="51" count="1" type="stmt"/>
        <line num="52" count="1" type="stmt"/>
        <line num="58" count="1" type="stmt"/>
      </file>
    </package>
    <package name="src.components.world">
      <metrics statements="30" coveredstatements="30" conditionals="14" coveredconditionals="14" methods="4" coveredmethods="4"/>
      <file name="chunkHelpers.ts" path="D:\GitHub\NanoBotsIdle\src\components\world\chunkHelpers.ts">
        <metrics statements="30" coveredstatements="30" conditionals="14" coveredconditionals="14" methods="4" coveredmethods="4"/>
        <line num="3" count="2185" type="stmt"/>
        <line num="5" count="21" type="stmt"/>
        <line num="7" count="6" type="stmt"/>
        <line num="15" count="2" type="stmt"/>
        <line num="17" count="2" type="stmt"/>
        <line num="18" count="2" type="stmt"/>
        <line num="19" count="2" type="stmt"/>
        <line num="20" count="2" type="stmt"/>
        <line num="22" count="2" type="stmt"/>
        <line num="23" count="4" type="stmt"/>
        <line num="24" count="8" type="stmt"/>
        <line num="25" count="16" type="stmt"/>
        <line num="26" count="16" type="stmt"/>
        <line num="27" count="16" type="stmt"/>
        <line num="28" count="16" type="cond" truecount="2" falsecount="0"/>
        <line num="29" count="1" type="stmt"/>
        <line num="36" count="6" type="stmt"/>
        <line num="43" count="7" type="stmt"/>
        <line num="45" count="7" type="stmt"/>
        <line num="46" count="7" type="stmt"/>
        <line num="47" count="7" type="stmt"/>
        <line num="49" count="7" type="stmt"/>
        <line num="50" count="7" type="stmt"/>
        <line num="51" count="7" type="stmt"/>
        <line num="53" count="7" type="cond" truecount="2" falsecount="0"/>
        <line num="54" count="7" type="cond" truecount="2" falsecount="0"/>
        <line num="55" count="7" type="cond" truecount="2" falsecount="0"/>
        <line num="56" count="7" type="cond" truecount="2" falsecount="0"/>
        <line num="57" count="7" type="cond" truecount="2" falsecount="0"/>
        <line num="58" count="7" type="cond" truecount="2" falsecount="0"/>
      </file>
    </package>
    <package name="src.components.world.instancedVoxels">
      <metrics statements="35" coveredstatements="32" conditionals="6" coveredconditionals="5" methods="4" coveredmethods="3"/>
      <file name="voxelInstanceStore.ts" path="D:\GitHub\NanoBotsIdle\src\components\world\instancedVoxels\voxelInstanceStore.ts">
        <metrics statements="35" coveredstatements="32" conditionals="6" coveredconditionals="5" methods="4" coveredmethods="3"/>
        <line num="9" count="1" type="stmt"/>
        <line num="10" count="2" type="stmt"/>
        <line num="13" count="1" type="stmt"/>
        <line num="14" count="5" type="stmt"/>
        <line num="15" count="5" type="cond" truecount="2" falsecount="0"/>
        <line num="17" count="4" type="stmt"/>
        <line num="18" count="4" type="stmt"/>
        <line num="19" count="4" type="stmt"/>
        <line num="20" count="4" type="stmt"/>
        <line num="22" count="4" type="stmt"/>
        <line num="25" count="1" type="stmt"/>
        <line num="31" count="3" type="stmt"/>
        <line num="32" count="3" type="stmt"/>
        <line num="33" count="3" type="cond" truecount="1" falsecount="1"/>
        <line num="35" count="3" type="stmt"/>
        <line num="37" count="3" type="stmt"/>
        <line num="39" count="3" type="cond" truecount="2" falsecount="0"/>
        <line num="40" count="2" type="stmt"/>
        <line num="41" count="2" type="stmt"/>
        <line num="42" count="2" type="stmt"/>
        <line num="43" count="2" type="stmt"/>
        <line num="44" count="2" type="stmt"/>
        <line num="46" count="2" type="stmt"/>
        <line num="47" count="2" type="stmt"/>
        <line num="48" count="2" type="stmt"/>
        <line num="50" count="2" type="stmt"/>
        <line num="51" count="2" type="stmt"/>
        <line num="54" count="3" type="stmt"/>
        <line num="55" count="3" type="stmt"/>
        <line num="56" count="3" type="stmt"/>
        <line num="58" count="3" type="stmt"/>
        <line num="61" count="1" type="stmt"/>
        <line num="62" count="0" type="stmt"/>
        <line num="63" count="0" type="stmt"/>
        <line num="64" count="0" type="stmt"/>
      </file>
    </package>
    <package name="src.config">
      <metrics statements="65" coveredstatements="62" conditionals="27" coveredconditionals="17" methods="19" coveredmethods="16"/>
      <file name="drones.ts" path="D:\GitHub\NanoBotsIdle\src\config\drones.ts">
        <metrics statements="10" coveredstatements="8" conditionals="6" coveredconditionals="2" methods="3" coveredmethods="2"/>
        <line num="57" count="25" type="stmt"/>
        <line num="115" count="25" type="stmt"/>
        <line num="116" count="2" type="cond" truecount="1" falsecount="1"/>
        <line num="117" count="2" type="stmt"/>
        <line num="120" count="25" type="stmt"/>
        <line num="121" count="2" type="cond" truecount="1" falsecount="1"/>
        <line num="122" count="2" type="stmt"/>
        <line num="128" count="25" type="stmt"/>
        <line num="129" count="0" type="cond" truecount="0" falsecount="2"/>
        <line num="130" count="0" type="stmt"/>
      </file>
      <file name="economy.ts" path="D:\GitHub\NanoBotsIdle\src\config\economy.ts">
        <metrics statements="1" coveredstatements="1" conditionals="0" coveredconditionals="0" methods="0" coveredmethods="0"/>
        <line num="12" count="25" type="stmt"/>
      </file>
      <file name="env.ts" path="D:\GitHub\NanoBotsIdle\src\config\env.ts">
        <metrics statements="17" coveredstatements="16" conditionals="10" coveredconditionals="6" methods="5" coveredmethods="4"/>
        <line num="3" count="1" type="stmt"/>
        <line num="4" count="1" type="stmt"/>
        <line num="5" count="1" type="stmt"/>
        <line num="6" count="3" type="cond" truecount="1" falsecount="1"/>
        <line num="8" count="3" type="cond" truecount="1" falsecount="1"/>
        <line num="9" count="3" type="stmt"/>
        <line num="10" count="9" type="stmt"/>
        <line num="11" count="3" type="cond" truecount="1" falsecount="1"/>
        <line num="12" count="3" type="stmt"/>
        <line num="13" count="3" type="stmt"/>
        <line num="14" count="3" type="stmt"/>
        <line num="15" count="3" type="cond" truecount="2" falsecount="0"/>
        <line num="16" count="3" type="stmt"/>
        <line num="17" count="3" type="cond" truecount="1" falsecount="1"/>
        <line num="19" count="1" type="stmt"/>
        <line num="22" count="1" type="stmt"/>
        <line num="23" count="0" type="stmt"/>
      </file>
      <file name="index.ts" path="D:\GitHub\NanoBotsIdle\src\config\index.ts">
        <metrics statements="29" coveredstatements="29" conditionals="11" coveredconditionals="9" methods="10" coveredmethods="9"/>
        <line num="27" count="25" type="stmt"/>
        <line num="29" count="25" type="stmt"/>
        <line num="30" count="1" type="stmt"/>
        <line num="31" count="1" type="stmt"/>
        <line num="32" count="1" type="stmt"/>
        <line num="36" count="25" type="stmt"/>
        <line num="37" count="89" type="stmt"/>
        <line num="45" count="25" type="stmt"/>
        <line num="46" count="426" type="cond" truecount="3" falsecount="0"/>
        <line num="49" count="25" type="stmt"/>
        <line num="50" count="114" type="stmt"/>
        <line num="51" count="114" type="cond" truecount="1" falsecount="1"/>
        <line num="52" count="368" type="stmt"/>
        <line num="53" count="368" type="cond" truecount="1" falsecount="1"/>
        <line num="54" count="368" type="stmt"/>
        <line num="55" count="368" type="cond" truecount="4" falsecount="0"/>
        <line num="56" count="58" type="stmt"/>
        <line num="58" count="310" type="stmt"/>
        <line num="61" count="114" type="stmt"/>
        <line num="64" count="25" type="stmt"/>
        <line num="74" count="2079310" type="stmt"/>
        <line num="76" count="25" type="stmt"/>
        <line num="77" count="56" type="stmt"/>
        <line num="78" count="56" type="stmt"/>
        <line num="79" count="56" type="stmt"/>
        <line num="82" count="25" type="stmt"/>
        <line num="83" count="33" type="stmt"/>
        <line num="92" count="33" type="stmt"/>
        <line num="93" count="33" type="stmt"/>
      </file>
      <file name="meshing.ts" path="D:\GitHub\NanoBotsIdle\src\config\meshing.ts">
        <metrics statements="1" coveredstatements="1" conditionals="0" coveredconditionals="0" methods="0" coveredmethods="0"/>
        <line num="6" count="25" type="stmt"/>
      </file>
      <file name="player.ts" path="D:\GitHub\NanoBotsIdle\src\config\player.ts">
        <metrics statements="1" coveredstatements="1" conditionals="0" coveredconditionals="0" methods="0" coveredmethods="0"/>
        <line num="17" count="25" type="stmt"/>
      </file>
      <file name="render.ts" path="D:\GitHub\NanoBotsIdle\src\config\render.ts">
        <metrics statements="2" coveredstatements="2" conditionals="0" coveredconditionals="0" methods="0" coveredmethods="0"/>
        <line num="45" count="26" type="stmt"/>
        <line num="77" count="26" type="stmt"/>
      </file>
      <file name="telemetry.ts" path="D:\GitHub\NanoBotsIdle\src\config\telemetry.ts">
        <metrics statements="1" coveredstatements="1" conditionals="0" coveredconditionals="0" methods="0" coveredmethods="0"/>
        <line num="10" count="25" type="stmt"/>
      </file>
      <file name="terrain.ts" path="D:\GitHub\NanoBotsIdle\src\config\terrain.ts">
        <metrics statements="1" coveredstatements="1" conditionals="0" coveredconditionals="0" methods="0" coveredmethods="0"/>
        <line num="15" count="25" type="stmt"/>
      </file>
      <file name="useConfig.ts" path="D:\GitHub\NanoBotsIdle\src\config\useConfig.ts">
        <metrics statements="2" coveredstatements="2" conditionals="0" coveredconditionals="0" methods="1" coveredmethods="1"/>
        <line num="5" count="2" type="stmt"/>
        <line num="6" count="1" type="stmt"/>
      </file>
    </package>
    <package name="src.economy">
      <metrics statements="25" coveredstatements="25" conditionals="12" coveredconditionals="12" methods="3" coveredmethods="3"/>
      <file name="upgrades.ts" path="D:\GitHub\NanoBotsIdle\src\economy\upgrades.ts">
        <metrics statements="25" coveredstatements="25" conditionals="12" coveredconditionals="12" methods="3" coveredmethods="3"/>
        <line num="11" count="5" type="stmt"/>
        <line num="12" count="43" type="stmt"/>
        <line num="14" count="43" type="cond" truecount="5" falsecount="0"/>
        <line num="16" count="15" type="stmt"/>
        <line num="18" count="7" type="stmt"/>
        <line num="20" count="7" type="stmt"/>
        <line num="22" count="7" type="stmt"/>
        <line num="24" count="7" type="stmt"/>
        <line num="28" count="5" type="stmt"/>
        <line num="29" count="1" type="stmt"/>
        <line num="38" count="5" type="stmt"/>
        <line num="39" count="6" type="stmt"/>
        <line num="40" count="6" type="cond" truecount="2" falsecount="0"/>
        <line num="42" count="5" type="stmt"/>
        <line num="44" count="5" type="cond" truecount="5" falsecount="0"/>
        <line num="46" count="1" type="stmt"/>
        <line num="47" count="1" type="stmt"/>
        <line num="49" count="1" type="stmt"/>
        <line num="50" count="1" type="stmt"/>
        <line num="52" count="1" type="stmt"/>
        <line num="53" count="1" type="stmt"/>
        <line num="55" count="1" type="stmt"/>
        <line num="56" count="1" type="stmt"/>
        <line num="58" count="1" type="stmt"/>
        <line num="59" count="1" type="stmt"/>
      </file>
    </package>
    <package name="src.engine.world">
      <metrics statements="147" coveredstatements="113" conditionals="64" coveredconditionals="36" methods="20" coveredmethods="16"/>
      <file name="initWorld.ts" path="D:\GitHub\NanoBotsIdle\src\engine\world\initWorld.ts">
        <metrics statements="13" coveredstatements="13" conditionals="4" coveredconditionals="3" methods="1" coveredmethods="1"/>
        <line num="13" count="1" type="stmt"/>
        <line num="14" count="2" type="stmt"/>
        <line num="15" count="2" type="cond" truecount="1" falsecount="1"/>
        <line num="16" count="2" type="stmt"/>
        <line num="18" count="2" type="stmt"/>
        <line num="19" count="4" type="stmt"/>
        <line num="20" count="4" type="stmt"/>
        <line num="21" count="4" type="stmt"/>
        <line num="22" count="4" type="cond" truecount="2" falsecount="0"/>
        <line num="23" count="1" type="stmt"/>
        <line num="33" count="1" type="stmt"/>
        <line num="34" count="1" type="stmt"/>
        <line num="35" count="1" type="stmt"/>
      </file>
      <file name="world.ts" path="D:\GitHub\NanoBotsIdle\src\engine\world\world.ts">
        <metrics statements="134" coveredstatements="100" conditionals="60" coveredconditionals="33" methods="19" coveredmethods="15"/>
        <line num="16" count="2" type="stmt"/>
        <line num="25" count="2" type="stmt"/>
        <line num="41" count="11" type="stmt"/>
        <line num="44" count="11" type="stmt"/>
        <line num="45" count="11" type="stmt"/>
        <line num="46" count="11" type="stmt"/>
        <line num="47" count="11" type="stmt"/>
        <line num="50" count="11" type="stmt"/>
        <line num="51" count="11" type="stmt"/>
        <line num="52" count="11" type="cond" truecount="1" falsecount="1"/>
        <line num="53" count="11" type="stmt"/>
        <line num="57" count="11" type="stmt"/>
        <line num="61" count="11" type="stmt"/>
        <line num="71" count="0" type="stmt"/>
        <line num="75" count="0" type="cond" truecount="0" falsecount="2"/>
        <line num="76" count="0" type="stmt"/>
        <line num="77" count="0" type="stmt"/>
        <line num="79" count="0" type="stmt"/>
        <line num="80" count="0" type="stmt"/>
        <line num="81" count="0" type="cond" truecount="0" falsecount="2"/>
        <line num="82" count="0" type="stmt"/>
        <line num="83" count="0" type="stmt"/>
        <line num="86" count="0" type="stmt"/>
        <line num="90" count="40796" type="stmt"/>
        <line num="94" count="10144" type="stmt"/>
        <line num="98" count="47" type="stmt"/>
        <line num="99" count="47" type="stmt"/>
        <line num="103" count="54" type="stmt"/>
        <line num="104" count="54" type="cond" truecount="2" falsecount="0"/>
        <line num="105" count="44" type="stmt"/>
        <line num="109" count="25" type="cond" truecount="2" falsecount="0"/>
        <line num="110" count="13" type="stmt"/>
        <line num="111" count="24" type="cond" truecount="2" falsecount="0"/>
        <line num="113" count="1" type="stmt"/>
        <line num="117" count="21" type="stmt"/>
        <line num="118" count="21" type="cond" truecount="2" falsecount="0"/>
        <line num="119" count="9" type="stmt"/>
        <line num="120" count="9" type="cond" truecount="1" falsecount="1"/>
        <line num="121" count="9" type="stmt"/>
        <line num="123" count="0" type="stmt"/>
        <line num="125" count="9" type="stmt"/>
        <line num="127" count="12" type="stmt"/>
        <line num="128" count="12" type="stmt"/>
        <line num="138" count="29768" type="stmt"/>
        <line num="145" count="29768" type="cond" truecount="1" falsecount="1"/>
        <line num="147" count="29768" type="stmt"/>
        <line num="150" count="29768" type="stmt"/>
        <line num="151" count="29768" type="cond" truecount="1" falsecount="1"/>
        <line num="152" count="29768" type="stmt"/>
        <line num="153" count="29768" type="cond" truecount="1" falsecount="1"/>
        <line num="154" count="29768" type="cond" truecount="1" falsecount="1"/>
        <line num="155" count="29768" type="stmt"/>
        <line num="156" count="29768" type="stmt"/>
        <line num="161" count="29768" type="stmt"/>
        <line num="163" count="29768" type="stmt"/>
        <line num="164" count="119072" type="stmt"/>
        <line num="171" count="119072" type="cond" truecount="2" falsecount="0"/>
        <line num="174" count="29768" type="stmt"/>
        <line num="175" count="29768" type="stmt"/>
        <line num="176" count="29768" type="stmt"/>
        <line num="177" count="29768" type="stmt"/>
        <line num="183" count="29768" type="stmt"/>
        <line num="185" count="29768" type="stmt"/>
        <line num="186" count="10929" type="stmt"/>
        <line num="187" count="10929" type="cond" truecount="1" falsecount="1"/>
        <line num="189" count="10929" type="stmt"/>
        <line num="190" count="10929" type="cond" truecount="1" falsecount="1"/>
        <line num="191" count="10929" type="cond" truecount="1" falsecount="1"/>
        <line num="192" count="10929" type="stmt"/>
        <line num="193" count="10929" type="stmt"/>
        <line num="196" count="29768" type="stmt"/>
        <line num="200" count="8" type="stmt"/>
        <line num="201" count="8" type="stmt"/>
        <line num="202" count="8" type="stmt"/>
        <line num="203" count="8" type="stmt"/>
        <line num="204" count="8" type="stmt"/>
        <line num="205" count="8" type="cond" truecount="1" falsecount="1"/>
        <line num="207" count="8" type="stmt"/>
        <line num="208" count="488" type="stmt"/>
        <line num="209" count="29768" type="stmt"/>
        <line num="221" count="8" type="stmt"/>
        <line num="222" count="8" type="cond" truecount="1" falsecount="1"/>
        <line num="223" count="0" type="stmt"/>
        <line num="224" count="0" type="stmt"/>
        <line num="225" count="0" type="stmt"/>
        <line num="230" count="8" type="stmt"/>
        <line num="234" count="0" type="stmt"/>
        <line num="235" count="0" type="cond" truecount="0" falsecount="2"/>
        <line num="236" count="0" type="stmt"/>
        <line num="238" count="0" type="stmt"/>
        <line num="239" count="0" type="cond" truecount="0" falsecount="2"/>
        <line num="240" count="0" type="stmt"/>
        <line num="241" count="0" type="stmt"/>
        <line num="242" count="0" type="stmt"/>
        <line num="243" count="0" type="stmt"/>
        <line num="246" count="0" type="cond" truecount="0" falsecount="2"/>
        <line num="247" count="0" type="stmt"/>
        <line num="252" count="0" type="stmt"/>
        <line num="254" count="0" type="stmt"/>
        <line num="255" count="0" type="stmt"/>
        <line num="256" count="0" type="stmt"/>
        <line num="260" count="0" type="cond" truecount="0" falsecount="2"/>
        <line num="261" count="0" type="cond" truecount="0" falsecount="2"/>
        <line num="262" count="0" type="stmt"/>
        <line num="266" count="0" type="stmt"/>
        <line num="270" count="2" type="stmt"/>
        <line num="274" count="2" type="stmt"/>
        <line num="275" count="2" type="stmt"/>
        <line num="276" count="2" type="stmt"/>
        <line num="277" count="10144" type="stmt"/>
        <line num="278" count="10144" type="stmt"/>
        <line num="279" count="10144" type="stmt"/>
        <line num="280" count="10144" type="stmt"/>
        <line num="281" count="10144" type="stmt"/>
        <line num="283" count="2" type="stmt"/>
        <line num="287" count="0" type="stmt"/>
        <line num="291" count="4" type="stmt"/>
        <line num="292" count="4" type="cond" truecount="1" falsecount="1"/>
        <line num="293" count="4" type="cond" truecount="1" falsecount="1"/>
        <line num="295" count="4" type="cond" truecount="2" falsecount="0"/>
        <line num="297" count="3" type="stmt"/>
        <line num="298" count="3" type="stmt"/>
        <line num="300" count="3" type="stmt"/>
        <line num="301" count="3" type="stmt"/>
        <line num="303" count="3" type="stmt"/>
        <line num="304" count="21" type="stmt"/>
        <line num="305" count="21" type="stmt"/>
        <line num="306" count="21" type="stmt"/>
        <line num="307" count="21" type="stmt"/>
        <line num="308" count="21" type="cond" truecount="4" falsecount="0"/>
        <line num="309" count="21" type="cond" truecount="4" falsecount="0"/>
        <line num="312" count="3" type="stmt"/>
        <line num="313" count="21" type="stmt"/>
        <line num="316" count="3" type="stmt"/>
      </file>
    </package>
    <package name="src.meshing">
      <metrics statements="359" coveredstatements="337" conditionals="166" coveredconditionals="121" methods="41" coveredmethods="35"/>
      <file name="apronField.ts" path="D:\GitHub\NanoBotsIdle\src\meshing\apronField.ts">
        <metrics statements="20" coveredstatements="19" conditionals="2" coveredconditionals="1" methods="3" coveredmethods="3"/>
        <line num="5" count="5" type="stmt"/>
        <line num="6" count="1827" type="stmt"/>
        <line num="9" count="5" type="stmt"/>
        <line num="10" count="3" type="stmt"/>
        <line num="11" count="3" type="stmt"/>
        <line num="14" count="5" type="stmt"/>
        <line num="22" count="1" type="stmt"/>
        <line num="23" count="1" type="stmt"/>
        <line num="24" count="1" type="stmt"/>
        <line num="25" count="1" type="cond" truecount="1" falsecount="1"/>
        <line num="26" count="0" type="stmt"/>
        <line num="29" count="1" type="stmt"/>
        <line num="30" count="1" type="stmt"/>
        <line num="31" count="4" type="stmt"/>
        <line num="32" count="4" type="stmt"/>
        <line num="33" count="16" type="stmt"/>
        <line num="34" count="16" type="stmt"/>
        <line num="35" count="64" type="stmt"/>
        <line num="36" count="64" type="stmt"/>
        <line num="37" count="64" type="stmt"/>
      </file>
      <file name="dirtyChunks.ts" path="D:\GitHub\NanoBotsIdle\src\meshing\dirtyChunks.ts">
        <metrics statements="25" coveredstatements="25" conditionals="14" coveredconditionals="9" methods="4" coveredmethods="4"/>
        <line num="3" count="9" type="stmt"/>
        <line num="5" count="5" type="stmt"/>
        <line num="7" count="1" type="stmt"/>
        <line num="13" count="3" type="stmt"/>
        <line num="15" count="3" type="stmt"/>
        <line num="16" count="3" type="stmt"/>
        <line num="17" count="3" type="stmt"/>
        <line num="19" count="3" type="stmt"/>
        <line num="20" count="3" type="stmt"/>
        <line num="21" count="3" type="stmt"/>
        <line num="23" count="3" type="stmt"/>
        <line num="24" count="3" type="stmt"/>
        <line num="26" count="3" type="stmt"/>
        <line num="27" count="5" type="stmt"/>
        <line num="28" count="5" type="cond" truecount="1" falsecount="1"/>
        <line num="29" count="5" type="stmt"/>
        <line num="30" count="5" type="stmt"/>
        <line num="33" count="3" type="stmt"/>
        <line num="36" count="3" type="cond" truecount="2" falsecount="0"/>
        <line num="37" count="3" type="cond" truecount="2" falsecount="0"/>
        <line num="38" count="3" type="cond" truecount="1" falsecount="1"/>
        <line num="39" count="3" type="cond" truecount="1" falsecount="1"/>
        <line num="40" count="3" type="cond" truecount="1" falsecount="1"/>
        <line num="41" count="3" type="cond" truecount="1" falsecount="1"/>
        <line num="43" count="3" type="stmt"/>
      </file>
      <file name="greedyMesher.ts" path="D:\GitHub\NanoBotsIdle\src\meshing\greedyMesher.ts">
        <metrics statements="127" coveredstatements="126" conditionals="40" coveredconditionals="35" methods="6" coveredmethods="6"/>
        <line num="4" count="4" type="stmt"/>
        <line num="6" count="4" type="stmt"/>
        <line num="7" count="10" type="cond" truecount="1" falsecount="1"/>
        <line num="8" count="10" type="stmt"/>
        <line num="11" count="4" type="stmt"/>
        <line num="16" count="2" type="cond" truecount="1" falsecount="1"/>
        <line num="18" count="2" type="stmt"/>
        <line num="19" count="2" type="stmt"/>
        <line num="20" count="2" type="stmt"/>
        <line num="22" count="2" type="stmt"/>
        <line num="23" count="2" type="stmt"/>
        <line num="24" count="434" type="cond" truecount="1" falsecount="1"/>
        <line num="26" count="2" type="stmt"/>
        <line num="27" count="8" type="stmt"/>
        <line num="28" count="8" type="stmt"/>
        <line num="29" count="8" type="stmt"/>
        <line num="30" count="32" type="stmt"/>
        <line num="31" count="32" type="stmt"/>
        <line num="32" count="32" type="stmt"/>
        <line num="33" count="128" type="stmt"/>
        <line num="34" count="128" type="stmt"/>
        <line num="36" count="128" type="stmt"/>
        <line num="37" count="128" type="stmt"/>
        <line num="38" count="188" type="stmt"/>
        <line num="39" count="284" type="stmt"/>
        <line num="40" count="434" type="stmt"/>
        <line num="41" count="434" type="cond" truecount="2" falsecount="0"/>
        <line num="42" count="54" type="stmt"/>
        <line num="43" count="54" type="stmt"/>
        <line num="49" count="128" type="stmt"/>
        <line num="54" count="2" type="stmt"/>
        <line num="57" count="4" type="stmt"/>
        <line num="58" count="10" type="stmt"/>
        <line num="59" count="10" type="cond" truecount="2" falsecount="0"/>
        <line num="61" count="10" type="stmt"/>
        <line num="62" count="10" type="stmt"/>
        <line num="63" count="10" type="cond" truecount="1" falsecount="1"/>
        <line num="64" count="0" type="stmt"/>
        <line num="69" count="10" type="stmt"/>
        <line num="71" count="1236" type="stmt"/>
        <line num="74" count="10" type="stmt"/>
        <line num="75" count="10" type="stmt"/>
        <line num="76" count="10" type="stmt"/>
        <line num="78" count="10" type="stmt"/>
        <line num="79" count="504" type="stmt"/>
        <line num="80" count="504" type="stmt"/>
        <line num="81" count="504" type="stmt"/>
        <line num="82" count="504" type="stmt"/>
        <line num="85" count="10" type="stmt"/>
        <line num="86" count="10" type="stmt"/>
        <line num="87" count="10" type="stmt"/>
        <line num="89" count="10" type="stmt"/>
        <line num="90" count="30" type="stmt"/>
        <line num="91" count="30" type="stmt"/>
        <line num="93" count="30" type="stmt"/>
        <line num="94" count="30" type="stmt"/>
        <line num="95" count="30" type="stmt"/>
        <line num="96" count="30" type="stmt"/>
        <line num="98" count="30" type="stmt"/>
        <line num="99" count="30" type="stmt"/>
        <line num="100" count="30" type="stmt"/>
        <line num="102" count="30" type="stmt"/>
        <line num="103" count="87" type="stmt"/>
        <line num="104" count="87" type="stmt"/>
        <line num="105" count="204" type="stmt"/>
        <line num="106" count="618" type="stmt"/>
        <line num="107" count="618" type="stmt"/>
        <line num="108" count="618" type="stmt"/>
        <line num="109" count="618" type="stmt"/>
        <line num="110" count="618" type="stmt"/>
        <line num="114" count="618" type="stmt"/>
        <line num="116" count="618" type="cond" truecount="4" falsecount="0"/>
        <line num="118" count="87" type="cond" truecount="2" falsecount="0"/>
        <line num="119" count="531" type="cond" truecount="4" falsecount="0"/>
        <line num="121" count="62" type="cond" truecount="1" falsecount="1"/>
        <line num="123" count="469" type="stmt"/>
        <line num="125" count="618" type="stmt"/>
        <line num="129" count="87" type="stmt"/>
        <line num="130" count="87" type="stmt"/>
        <line num="131" count="204" type="stmt"/>
        <line num="132" count="610" type="stmt"/>
        <line num="133" count="610" type="cond" truecount="2" falsecount="0"/>
        <line num="134" count="484" type="stmt"/>
        <line num="135" count="484" type="stmt"/>
        <line num="136" count="484" type="stmt"/>
        <line num="140" count="126" type="stmt"/>
        <line num="141" count="126" type="cond" truecount="2" falsecount="0"/>
        <line num="144" count="126" type="stmt"/>
        <line num="145" count="126" type="stmt"/>
        <line num="146" count="108" type="stmt"/>
        <line num="147" count="108" type="stmt"/>
        <line num="148" count="114" type="cond" truecount="2" falsecount="0"/>
        <line num="150" count="8" type="stmt"/>
        <line num="154" count="126" type="stmt"/>
        <line num="155" count="126" type="stmt"/>
        <line num="156" count="126" type="stmt"/>
        <line num="157" count="126" type="stmt"/>
        <line num="158" count="126" type="stmt"/>
        <line num="160" count="126" type="stmt"/>
        <line num="161" count="126" type="stmt"/>
        <line num="162" count="126" type="stmt"/>
        <line num="163" count="126" type="stmt"/>
        <line num="165" count="126" type="cond" truecount="2" falsecount="0"/>
        <line num="166" count="610" type="cond" truecount="2" falsecount="0"/>
        <line num="167" count="610" type="cond" truecount="2" falsecount="0"/>
        <line num="168" count="610" type="cond" truecount="2" falsecount="0"/>
        <line num="170" count="610" type="stmt"/>
        <line num="171" count="610" type="stmt"/>
        <line num="172" count="610" type="stmt"/>
        <line num="177" count="610" type="stmt"/>
        <line num="179" count="610" type="cond" truecount="2" falsecount="0"/>
        <line num="180" count="610" type="stmt"/>
        <line num="181" count="610" type="stmt"/>
        <line num="182" count="610" type="stmt"/>
        <line num="183" count="610" type="stmt"/>
        <line num="185" count="610" type="stmt"/>
        <line num="195" count="610" type="stmt"/>
        <line num="196" count="134" type="stmt"/>
        <line num="197" count="134" type="stmt"/>
        <line num="198" count="148" type="stmt"/>
        <line num="202" count="126" type="stmt"/>
        <line num="203" count="126" type="stmt"/>
        <line num="209" count="10" type="stmt"/>
        <line num="210" count="10" type="stmt"/>
        <line num="211" count="10" type="stmt"/>
        <line num="213" count="10" type="stmt"/>
        <line num="220" count="4" type="stmt"/>
      </file>
      <file name="meshingScheduler.ts" path="D:\GitHub\NanoBotsIdle\src\meshing\meshingScheduler.ts">
        <metrics statements="175" coveredstatements="157" conditionals="96" coveredconditionals="71" methods="27" coveredmethods="21"/>
        <line num="29" count="5" type="stmt"/>
        <line num="30" count="477" type="stmt"/>
        <line num="31" count="159" type="stmt"/>
        <line num="53" count="36" type="stmt"/>
        <line num="54" count="36" type="stmt"/>
        <line num="55" count="36" type="stmt"/>
        <line num="56" count="36" type="stmt"/>
        <line num="57" count="36" type="stmt"/>
        <line num="58" count="36" type="stmt"/>
        <line num="62" count="36" type="stmt"/>
        <line num="63" count="36" type="stmt"/>
        <line num="64" count="36" type="stmt"/>
        <line num="66" count="36" type="stmt"/>
        <line num="67" count="16" type="stmt"/>
        <line num="69" count="16" type="cond" truecount="2" falsecount="0"/>
        <line num="70" count="9" type="stmt"/>
        <line num="71" count="9" type="cond" truecount="1" falsecount="1"/>
        <line num="72" count="9" type="stmt"/>
        <line num="73" count="9" type="stmt"/>
        <line num="76" count="9" type="stmt"/>
        <line num="77" count="9" type="cond" truecount="1" falsecount="1"/>
        <line num="78" count="0" type="cond" truecount="0" falsecount="2"/>
        <line num="79" count="0" type="stmt"/>
        <line num="81" count="0" type="cond" truecount="0" falsecount="2"/>
        <line num="82" count="0" type="stmt"/>
        <line num="83" count="0" type="stmt"/>
        <line num="87" count="9" type="cond" truecount="2" falsecount="0"/>
        <line num="89" count="1" type="stmt"/>
        <line num="90" count="1" type="stmt"/>
        <line num="93" count="8" type="stmt"/>
        <line num="94" count="8" type="stmt"/>
        <line num="95" count="8" type="stmt"/>
        <line num="98" count="7" type="cond" truecount="1" falsecount="1"/>
        <line num="99" count="7" type="stmt"/>
        <line num="100" count="7" type="stmt"/>
        <line num="103" count="7" type="stmt"/>
        <line num="104" count="7" type="stmt"/>
        <line num="106" count="7" type="cond" truecount="1" falsecount="1"/>
        <line num="107" count="7" type="stmt"/>
        <line num="108" count="7" type="stmt"/>
        <line num="111" count="7" type="stmt"/>
        <line num="116" count="7" type="cond" truecount="2" falsecount="0"/>
        <line num="118" count="6" type="stmt"/>
        <line num="119" count="6" type="stmt"/>
        <line num="120" count="6" type="stmt"/>
        <line num="123" count="6" type="stmt"/>
        <line num="126" count="1" type="stmt"/>
        <line num="131" count="1" type="stmt"/>
        <line num="135" count="7" type="stmt"/>
        <line num="157" count="36" type="stmt"/>
        <line num="158" count="36" type="stmt"/>
        <line num="159" count="36" type="stmt"/>
        <line num="160" count="36" type="stmt"/>
        <line num="161" count="36" type="cond" truecount="2" falsecount="0"/>
        <line num="162" count="36" type="cond" truecount="2" falsecount="0"/>
        <line num="163" count="36" type="cond" truecount="2" falsecount="0"/>
        <line num="164" count="36" type="cond" truecount="2" falsecount="0"/>
        <line num="165" count="36" type="cond" truecount="2" falsecount="0"/>
        <line num="167" count="36" type="stmt"/>
        <line num="171" count="0" type="cond" truecount="0" falsecount="2"/>
        <line num="175" count="0" type="cond" truecount="0" falsecount="2"/>
        <line num="183" count="52" type="stmt"/>
        <line num="184" count="52" type="stmt"/>
        <line num="185" count="153" type="stmt"/>
        <line num="186" count="153" type="cond" truecount="1" falsecount="1"/>
        <line num="187" count="153" type="stmt"/>
        <line num="188" count="153" type="stmt"/>
        <line num="189" count="153" type="stmt"/>
        <line num="194" count="36" type="stmt"/>
        <line num="195" count="36" type="stmt"/>
        <line num="199" count="2175" type="stmt"/>
        <line num="200" count="2175" type="cond" truecount="2" falsecount="0"/>
        <line num="201" count="2175" type="stmt"/>
        <line num="204" count="2175" type="cond" truecount="4" falsecount="0"/>
        <line num="206" count="62" type="stmt"/>
        <line num="207" count="62" type="stmt"/>
        <line num="209" count="62" type="cond" truecount="3" falsecount="1"/>
        <line num="211" count="0" type="stmt"/>
        <line num="212" count="0" type="stmt"/>
        <line num="213" count="0" type="stmt"/>
        <line num="216" count="0" type="stmt"/>
        <line num="217" count="0" type="cond" truecount="0" falsecount="2"/>
        <line num="218" count="0" type="stmt"/>
        <line num="219" count="0" type="stmt"/>
        <line num="220" count="0" type="stmt"/>
        <line num="223" count="62" type="stmt"/>
        <line num="224" count="62" type="stmt"/>
        <line num="228" count="2113" type="stmt"/>
        <line num="229" count="2113" type="cond" truecount="2" falsecount="0"/>
        <line num="230" count="2113" type="stmt"/>
        <line num="231" count="2113" type="stmt"/>
        <line num="232" count="2113" type="stmt"/>
        <line num="233" count="2113" type="stmt"/>
        <line num="238" count="2328" type="cond" truecount="2" falsecount="0"/>
        <line num="240" count="2328" type="cond" truecount="4" falsecount="0"/>
        <line num="241" count="1" type="stmt"/>
        <line num="243" count="2328" type="stmt"/>
        <line num="247" count="62" type="cond" truecount="1" falsecount="1"/>
        <line num="250" count="62" type="stmt"/>
        <line num="251" count="62" type="stmt"/>
        <line num="252" count="2484" type="stmt"/>
        <line num="253" count="2484" type="cond" truecount="1" falsecount="1"/>
        <line num="254" count="2484" type="stmt"/>
        <line num="257" count="62" type="stmt"/>
        <line num="261" count="0" type="stmt"/>
        <line num="265" count="102" type="stmt"/>
        <line num="266" count="102" type="stmt"/>
        <line num="267" count="102" type="stmt"/>
        <line num="268" count="102" type="stmt"/>
        <line num="269" count="102" type="stmt"/>
        <line num="270" count="102" type="stmt"/>
        <line num="271" count="102" type="stmt"/>
        <line num="275" count="4706" type="cond" truecount="2" falsecount="0"/>
        <line num="276" count="2007" type="stmt"/>
        <line num="280" count="2266" type="stmt"/>
        <line num="281" count="2266" type="stmt"/>
        <line num="285" count="2266" type="stmt"/>
        <line num="286" count="2266" type="stmt"/>
        <line num="287" count="2074" type="stmt"/>
        <line num="288" count="2074" type="cond" truecount="2" falsecount="0"/>
        <line num="289" count="3" type="stmt"/>
        <line num="290" count="3" type="stmt"/>
        <line num="291" count="3" type="stmt"/>
        <line num="292" count="3" type="stmt"/>
        <line num="297" count="23" type="stmt"/>
        <line num="298" count="23" type="stmt"/>
        <line num="299" count="23" type="stmt"/>
        <line num="300" count="69" type="stmt"/>
        <line num="301" count="69" type="stmt"/>
        <line num="302" count="69" type="stmt"/>
        <line num="304" count="69" type="cond" truecount="4" falsecount="0"/>
        <line num="305" count="46" type="stmt"/>
        <line num="307" count="69" type="cond" truecount="4" falsecount="0"/>
        <line num="308" count="11" type="stmt"/>
        <line num="310" count="69" type="cond" truecount="2" falsecount="0"/>
        <line num="312" count="46" type="stmt"/>
        <line num="313" count="46" type="stmt"/>
        <line num="314" count="46" type="stmt"/>
        <line num="315" count="46" type="stmt"/>
        <line num="320" count="39" type="cond" truecount="1" falsecount="1"/>
        <line num="321" count="39" type="stmt"/>
        <line num="322" count="39" type="stmt"/>
        <line num="323" count="39" type="cond" truecount="2" falsecount="0"/>
        <line num="324" count="23" type="stmt"/>
        <line num="325" count="23" type="stmt"/>
        <line num="327" count="39" type="stmt"/>
        <line num="331" count="38" type="stmt"/>
        <line num="332" count="39" type="stmt"/>
        <line num="333" count="39" type="cond" truecount="1" falsecount="1"/>
        <line num="334" count="39" type="cond" truecount="1" falsecount="1"/>
        <line num="335" count="39" type="cond" truecount="1" falsecount="1"/>
        <line num="336" count="39" type="cond" truecount="2" falsecount="0"/>
        <line num="337" count="38" type="stmt"/>
        <line num="343" count="36" type="stmt"/>
        <line num="344" count="36" type="cond" truecount="2" falsecount="0"/>
        <line num="345" count="4" type="stmt"/>
        <line num="352" count="36" type="cond" truecount="2" falsecount="0"/>
        <line num="353" count="38" type="stmt"/>
        <line num="354" count="38" type="cond" truecount="1" falsecount="1"/>
        <line num="356" count="38" type="stmt"/>
        <line num="357" count="38" type="stmt"/>
        <line num="358" count="38" type="stmt"/>
        <line num="359" count="38" type="cond" truecount="1" falsecount="1"/>
        <line num="360" count="38" type="stmt"/>
        <line num="361" count="38" type="stmt"/>
        <line num="362" count="38" type="cond" truecount="2" falsecount="0"/>
        <line num="364" count="38" type="stmt"/>
        <line num="366" count="38" type="stmt"/>
        <line num="367" count="38" type="stmt"/>
        <line num="372" count="1" type="cond" truecount="1" falsecount="1"/>
        <line num="376" count="9" type="stmt"/>
        <line num="380" count="9" type="stmt"/>
        <line num="384" count="0" type="stmt"/>
        <line num="388" count="5" type="stmt"/>
        <line num="392" count="0" type="stmt"/>
      </file>
      <file name="workerHandler.ts" path="D:\GitHub\NanoBotsIdle\src\meshing\workerHandler.ts">
        <metrics statements="12" coveredstatements="10" conditionals="14" coveredconditionals="5" methods="1" coveredmethods="1"/>
        <line num="4" count="2" type="stmt"/>
        <line num="5" count="2" type="cond" truecount="1" falsecount="1"/>
        <line num="6" count="0" type="stmt"/>
        <line num="20" count="2" type="stmt"/>
        <line num="21" count="2" type="stmt"/>
        <line num="27" count="2" type="stmt"/>
        <line num="28" count="2" type="cond" truecount="2" falsecount="0"/>
        <line num="29" count="1" type="stmt"/>
        <line num="30" count="1" type="stmt"/>
        <line num="36" count="1" type="stmt"/>
        <line num="39" count="2" type="stmt"/>
        <line num="48" count="0" type="stmt"/>
      </file>
    </package>
    <package name="src.render">
      <metrics statements="167" coveredstatements="92" conditionals="114" coveredconditionals="53" methods="22" coveredmethods="16"/>
      <file name="frustumUtils.ts" path="D:\GitHub\NanoBotsIdle\src\render\frustumUtils.ts">
        <metrics statements="11" coveredstatements="11" conditionals="0" coveredconditionals="0" methods="2" coveredmethods="2"/>
        <line num="4" count="6" type="stmt"/>
        <line num="5" count="6" type="stmt"/>
        <line num="6" count="6" type="stmt"/>
        <line num="8" count="6" type="stmt"/>
        <line num="9" count="8" type="stmt"/>
        <line num="10" count="8" type="stmt"/>
        <line num="11" count="8" type="stmt"/>
        <line num="14" count="6" type="stmt"/>
        <line num="19" count="251" type="stmt"/>
        <line num="20" count="251" type="stmt"/>
        <line num="21" count="251" type="stmt"/>
      </file>
      <file name="instanced.ts" path="D:\GitHub\NanoBotsIdle\src\render\instanced.ts">
        <metrics statements="36" coveredstatements="23" conditionals="33" coveredconditionals="19" methods="6" coveredmethods="5"/>
        <line num="5" count="3" type="stmt"/>
        <line num="7" count="3" type="stmt"/>
        <line num="16" count="1306" type="stmt"/>
        <line num="18" count="1306" type="cond" truecount="1" falsecount="1"/>
        <line num="19" count="1306" type="cond" truecount="1" falsecount="1"/>
        <line num="20" count="1306" type="cond" truecount="1" falsecount="1"/>
        <line num="22" count="1306" type="stmt"/>
        <line num="24" count="1306" type="stmt"/>
        <line num="25" count="1306" type="cond" truecount="1" falsecount="1"/>
        <line num="28" count="3" type="stmt"/>
        <line num="29" count="503" type="stmt"/>
        <line num="30" count="503" type="cond" truecount="1" falsecount="1"/>
        <line num="33" count="3" type="stmt"/>
        <line num="37" count="5" type="cond" truecount="1" falsecount="1"/>
        <line num="38" count="5" type="cond" truecount="4" falsecount="0"/>
        <line num="39" count="5" type="cond" truecount="4" falsecount="0"/>
        <line num="42" count="3" type="stmt"/>
        <line num="46" count="102" type="stmt"/>
        <line num="47" count="205" type="stmt"/>
        <line num="52" count="205" type="cond" truecount="2" falsecount="0"/>
        <line num="55" count="102" type="cond" truecount="1" falsecount="1"/>
        <line num="56" count="102" type="cond" truecount="2" falsecount="0"/>
        <line num="59" count="3" type="stmt"/>
        <line num="63" count="0" type="stmt"/>
        <line num="64" count="0" type="cond" truecount="0" falsecount="2"/>
        <line num="66" count="0" type="stmt"/>
        <line num="67" count="0" type="cond" truecount="0" falsecount="4"/>
        <line num="69" count="0" type="stmt"/>
        <line num="70" count="0" type="stmt"/>
        <line num="72" count="0" type="stmt"/>
        <line num="73" count="0" type="stmt"/>
        <line num="74" count="0" type="stmt"/>
        <line num="75" count="0" type="stmt"/>
        <line num="76" count="0" type="stmt"/>
        <line num="77" count="0" type="stmt"/>
        <line num="80" count="0" type="stmt"/>
      </file>
      <file name="lodGeometry.ts" path="D:\GitHub\NanoBotsIdle\src\render\lodGeometry.ts">
        <metrics statements="11" coveredstatements="7" conditionals="16" coveredconditionals="9" methods="2" coveredmethods="1"/>
        <line num="10" count="2" type="stmt"/>
        <line num="11" count="4" type="stmt"/>
        <line num="12" count="4" type="cond" truecount="1" falsecount="1"/>
        <line num="14" count="4" type="cond" truecount="4" falsecount="0"/>
        <line num="15" count="4" type="cond" truecount="4" falsecount="0"/>
        <line num="16" count="2" type="stmt"/>
        <line num="20" count="2" type="stmt"/>
        <line num="21" count="0" type="cond" truecount="0" falsecount="2"/>
        <line num="22" count="0" type="stmt"/>
        <line num="23" count="0" type="cond" truecount="0" falsecount="4"/>
        <line num="24" count="0" type="stmt"/>
      </file>
      <file name="lodUtils.ts" path="D:\GitHub\NanoBotsIdle\src\render\lodUtils.ts">
        <metrics statements="36" coveredstatements="35" conditionals="22" coveredconditionals="16" methods="4" coveredmethods="4"/>
        <line num="17" count="5" type="stmt"/>
        <line num="21" count="6" type="cond" truecount="1" falsecount="1"/>
        <line num="22" count="6" type="cond" truecount="1" falsecount="1"/>
        <line num="24" count="6" type="stmt"/>
        <line num="25" count="6" type="stmt"/>
        <line num="27" count="6" type="stmt"/>
        <line num="33" count="5" type="stmt"/>
        <line num="34" count="252" type="cond" truecount="2" falsecount="0"/>
        <line num="35" count="92" type="cond" truecount="2" falsecount="0"/>
        <line num="36" count="22" type="stmt"/>
        <line num="39" count="5" type="stmt"/>
        <line num="43" count="249" type="stmt"/>
        <line num="44" count="249" type="stmt"/>
        <line num="45" count="249" type="stmt"/>
        <line num="46" count="249" type="stmt"/>
        <line num="49" count="5" type="stmt"/>
        <line num="57" count="6" type="stmt"/>
        <line num="59" count="6" type="stmt"/>
        <line num="60" count="249" type="cond" truecount="1" falsecount="1"/>
        <line num="62" count="249" type="stmt"/>
        <line num="63" count="249" type="stmt"/>
        <line num="64" count="249" type="cond" truecount="1" falsecount="1"/>
        <line num="66" count="249" type="cond" truecount="1" falsecount="1"/>
        <line num="67" count="0" type="stmt"/>
        <line num="70" count="249" type="stmt"/>
        <line num="71" count="249" type="cond" truecount="1" falsecount="1"/>
        <line num="73" count="249" type="stmt"/>
        <line num="74" count="249" type="stmt"/>
        <line num="75" count="249" type="stmt"/>
        <line num="77" count="249" type="stmt"/>
        <line num="78" count="249" type="stmt"/>
        <line num="79" count="249" type="stmt"/>
        <line num="80" count="249" type="stmt"/>
        <line num="81" count="249" type="cond" truecount="2" falsecount="0"/>
        <line num="83" count="249" type="cond" truecount="4" falsecount="0"/>
        <line num="84" count="4" type="stmt"/>
      </file>
      <file name="occlusionCuller.ts" path="D:\GitHub\NanoBotsIdle\src\render\occlusionCuller.ts">
        <metrics statements="73" coveredstatements="16" conditionals="43" coveredconditionals="9" methods="8" coveredmethods="4"/>
        <line num="22" count="2" type="stmt"/>
        <line num="40" count="2" type="stmt"/>
        <line num="41" count="2" type="stmt"/>
        <line num="42" count="2" type="stmt"/>
        <line num="48" count="2" type="stmt"/>
        <line num="52" count="1" type="stmt"/>
        <line num="53" count="1" type="cond" truecount="1" falsecount="1"/>
        <line num="55" count="1" type="cond" truecount="2" falsecount="2"/>
        <line num="56" count="1" type="stmt"/>
        <line num="65" count="0" type="stmt"/>
        <line num="68" count="0" type="stmt"/>
        <line num="69" count="0" type="stmt"/>
        <line num="71" count="0" type="stmt"/>
        <line num="73" count="0" type="stmt"/>
        <line num="74" count="0" type="cond" truecount="0" falsecount="2"/>
        <line num="77" count="0" type="stmt"/>
        <line num="78" count="0" type="cond" truecount="0" falsecount="2"/>
        <line num="79" count="0" type="stmt"/>
        <line num="80" count="0" type="stmt"/>
        <line num="81" count="0" type="stmt"/>
        <line num="82" count="0" type="stmt"/>
        <line num="87" count="0" type="cond" truecount="0" falsecount="2"/>
        <line num="88" count="0" type="stmt"/>
        <line num="89" count="0" type="cond" truecount="0" falsecount="2"/>
        <line num="90" count="0" type="stmt"/>
        <line num="91" count="0" type="stmt"/>
        <line num="92" count="0" type="stmt"/>
        <line num="93" count="0" type="stmt"/>
        <line num="96" count="0" type="stmt"/>
        <line num="99" count="0" type="stmt"/>
        <line num="100" count="0" type="cond" truecount="0" falsecount="2"/>
        <line num="101" count="0" type="stmt"/>
        <line num="102" count="0" type="stmt"/>
        <line num="106" count="0" type="stmt"/>
        <line num="107" count="0" type="stmt"/>
        <line num="110" count="0" type="stmt"/>
        <line num="111" count="0" type="cond" truecount="0" falsecount="2"/>
        <line num="112" count="0" type="stmt"/>
        <line num="114" count="0" type="stmt"/>
        <line num="115" count="0" type="cond" truecount="0" falsecount="2"/>
        <line num="118" count="0" type="cond" truecount="0" falsecount="2"/>
        <line num="119" count="0" type="stmt"/>
        <line num="121" count="0" type="cond" truecount="0" falsecount="2"/>
        <line num="122" count="0" type="stmt"/>
        <line num="123" count="0" type="cond" truecount="0" falsecount="2"/>
        <line num="124" count="0" type="stmt"/>
        <line num="125" count="0" type="stmt"/>
        <line num="128" count="0" type="stmt"/>
        <line num="132" count="0" type="cond" truecount="0" falsecount="2"/>
        <line num="135" count="0" type="cond" truecount="0" falsecount="2"/>
        <line num="138" count="0" type="stmt"/>
        <line num="139" count="0" type="cond" truecount="0" falsecount="2"/>
        <line num="141" count="0" type="cond" truecount="0" falsecount="2"/>
        <line num="142" count="0" type="stmt"/>
        <line num="144" count="0" type="stmt"/>
        <line num="145" count="0" type="cond" truecount="0" falsecount="2"/>
        <line num="148" count="0" type="stmt"/>
        <line num="154" count="0" type="stmt"/>
        <line num="156" count="0" type="stmt"/>
        <line num="157" count="0" type="stmt"/>
        <line num="161" count="0" type="stmt"/>
        <line num="162" count="0" type="stmt"/>
        <line num="163" count="0" type="stmt"/>
        <line num="164" count="0" type="stmt"/>
        <line num="166" count="0" type="stmt"/>
        <line num="169" count="0" type="stmt"/>
        <line num="180" count="2" type="stmt"/>
        <line num="181" count="2" type="stmt"/>
        <line num="182" count="5" type="cond" truecount="1" falsecount="1"/>
        <line num="183" count="5" type="stmt"/>
        <line num="186" count="5" type="cond" truecount="4" falsecount="0"/>
        <line num="187" count="2" type="stmt"/>
        <line num="188" count="2" type="stmt"/>
      </file>
    </package>
    <package name="src.shared">
      <metrics statements="7" coveredstatements="7" conditionals="0" coveredconditionals="0" methods="3" coveredmethods="3"/>
      <file name="voxel.ts" path="D:\GitHub\NanoBotsIdle\src\shared\voxel.ts">
        <metrics statements="7" coveredstatements="7" conditionals="0" coveredconditionals="0" methods="3" coveredmethods="3"/>
        <line num="1" count="9" type="stmt"/>
        <line num="2" count="9" type="stmt"/>
        <line num="3" count="9" type="stmt"/>
        <line num="7" count="40808" type="stmt"/>
        <line num="9" count="9" type="stmt"/>
        <line num="10" count="30432" type="stmt"/>
        <line num="11" count="10144" type="stmt"/>
      </file>
    </package>
    <package name="src.sim">
      <metrics statements="122" coveredstatements="107" conditionals="75" coveredconditionals="48" methods="24" coveredmethods="19"/>
      <file name="biomes.ts" path="D:\GitHub\NanoBotsIdle\src\sim\biomes.ts">
        <metrics statements="35" coveredstatements="26" conditionals="30" coveredconditionals="14" methods="5" coveredmethods="4"/>
        <line num="20" count="8" type="stmt"/>
        <line num="23" count="1" type="stmt"/>
        <line num="25" count="1" type="stmt"/>
        <line num="26" count="4" type="cond" truecount="1" falsecount="1"/>
        <line num="27" count="4" type="stmt"/>
        <line num="28" count="4" type="cond" truecount="2" falsecount="0"/>
        <line num="32" count="3" type="stmt"/>
        <line num="33" count="3" type="stmt"/>
        <line num="34" count="3" type="stmt"/>
        <line num="35" count="3" type="stmt"/>
        <line num="36" count="3" type="stmt"/>
        <line num="39" count="8" type="stmt"/>
        <line num="41" count="1" type="stmt"/>
        <line num="49" count="4" type="stmt"/>
        <line num="50" count="4" type="stmt"/>
        <line num="51" count="4" type="stmt"/>
        <line num="55" count="4" type="cond" truecount="2" falsecount="2"/>
        <line num="56" count="4" type="cond" truecount="1" falsecount="1"/>
        <line num="57" count="4" type="cond" truecount="2" falsecount="0"/>
        <line num="58" count="3" type="cond" truecount="1" falsecount="1"/>
        <line num="59" count="3" type="cond" truecount="1" falsecount="3"/>
        <line num="60" count="3" type="cond" truecount="4" falsecount="0"/>
        <line num="61" count="2" type="stmt"/>
        <line num="62" count="1" type="stmt"/>
        <line num="64" count="4" type="stmt"/>
        <line num="67" count="1" type="stmt"/>
        <line num="68" count="0" type="cond" truecount="0" falsecount="8"/>
        <line num="70" count="0" type="stmt"/>
        <line num="72" count="0" type="stmt"/>
        <line num="74" count="0" type="stmt"/>
        <line num="76" count="0" type="stmt"/>
        <line num="78" count="0" type="stmt"/>
        <line num="80" count="0" type="stmt"/>
        <line num="82" count="0" type="stmt"/>
        <line num="84" count="0" type="stmt"/>
      </file>
      <file name="collision.ts" path="D:\GitHub\NanoBotsIdle\src\sim\collision.ts">
        <metrics statements="26" coveredstatements="20" conditionals="14" coveredconditionals="6" methods="6" coveredmethods="3"/>
        <line num="10" count="6" type="stmt"/>
        <line num="12" count="6" type="stmt"/>
        <line num="13" count="2" type="stmt"/>
        <line num="14" count="2" type="cond" truecount="1" falsecount="1"/>
        <line num="15" count="2" type="stmt"/>
        <line num="18" count="6" type="stmt"/>
        <line num="19" count="2" type="stmt"/>
        <line num="20" count="2" type="cond" truecount="1" falsecount="1"/>
        <line num="21" count="2" type="stmt"/>
        <line num="24" count="6" type="stmt"/>
        <line num="25" count="0" type="stmt"/>
        <line num="26" count="0" type="stmt"/>
        <line num="30" count="6" type="stmt"/>
        <line num="31" count="0" type="stmt"/>
        <line num="34" count="6" type="stmt"/>
        <line num="41" count="0" type="cond" truecount="0" falsecount="2"/>
        <line num="42" count="0" type="stmt"/>
        <line num="45" count="6" type="cond" truecount="1" falsecount="0"/>
        <line num="46" count="2" type="stmt"/>
        <line num="47" count="2" type="stmt"/>
        <line num="48" count="2" type="cond" truecount="1" falsecount="1"/>
        <line num="49" count="2" type="stmt"/>
        <line num="56" count="2" type="stmt"/>
        <line num="57" count="2" type="stmt"/>
        <line num="58" count="2" type="cond" truecount="2" falsecount="2"/>
        <line num="60" count="0" type="stmt"/>
      </file>
      <file name="noise.ts" path="D:\GitHub\NanoBotsIdle\src\sim\noise.ts">
        <metrics statements="8" coveredstatements="8" conditionals="5" coveredconditionals="4" methods="3" coveredmethods="3"/>
        <line num="7" count="17" type="stmt"/>
        <line num="11" count="43" type="cond" truecount="2" falsecount="0"/>
        <line num="13" count="30" type="cond" truecount="1" falsecount="1"/>
        <line num="14" count="30" type="stmt"/>
        <line num="17" count="1021640" type="stmt"/>
        <line num="23" count="13" type="stmt"/>
        <line num="26" count="70216" type="stmt"/>
        <line num="29" count="70216" type="stmt"/>
      </file>
      <file name="player.ts" path="D:\GitHub\NanoBotsIdle\src\sim\player.ts">
        <metrics statements="4" coveredstatements="4" conditionals="1" coveredconditionals="1" methods="1" coveredmethods="1"/>
        <line num="4" count="1" type="cond" truecount="1" falsecount="0"/>
        <line num="6" count="1" type="stmt"/>
        <line num="7" count="1" type="stmt"/>
        <line num="8" count="1" type="stmt"/>
      </file>
      <file name="seed.ts" path="D:\GitHub\NanoBotsIdle\src\sim\seed.ts">
        <metrics statements="3" coveredstatements="3" conditionals="1" coveredconditionals="1" methods="1" coveredmethods="1"/>
        <line num="3" count="15" type="cond" truecount="1" falsecount="0"/>
        <line num="4" count="236" type="stmt"/>
        <line num="5" count="236" type="stmt"/>
      </file>
      <file name="terrain-core.ts" path="D:\GitHub\NanoBotsIdle\src\sim\terrain-core.ts">
        <metrics statements="20" coveredstatements="20" conditionals="14" coveredconditionals="13" methods="3" coveredmethods="3"/>
        <line num="5" count="16" type="stmt"/>
        <line num="7" count="16" type="cond" truecount="1" falsecount="0"/>
        <line num="8" count="1091848" type="stmt"/>
        <line num="9" count="1091848" type="cond" truecount="1" falsecount="1"/>
        <line num="10" count="1091848" type="stmt"/>
        <line num="11" count="1091848" type="stmt"/>
        <line num="12" count="1091848" type="cond" truecount="2" falsecount="0"/>
        <line num="13" count="39" type="stmt"/>
        <line num="14" count="39" type="stmt"/>
        <line num="16" count="1091848" type="stmt"/>
        <line num="19" count="16" type="stmt"/>
        <line num="26" count="1091846" type="stmt"/>
        <line num="27" count="1091846" type="stmt"/>
        <line num="30" count="16" type="cond" truecount="1" falsecount="0"/>
        <line num="31" count="942962" type="cond" truecount="2" falsecount="0"/>
        <line num="32" count="938593" type="stmt"/>
        <line num="33" count="938593" type="cond" truecount="2" falsecount="0"/>
        <line num="34" count="929322" type="cond" truecount="2" falsecount="0"/>
        <line num="35" count="904190" type="cond" truecount="2" falsecount="0"/>
        <line num="36" count="846176" type="stmt"/>
      </file>
      <file name="terrain.ts" path="D:\GitHub\NanoBotsIdle\src\sim\terrain.ts">
        <metrics statements="21" coveredstatements="21" conditionals="6" coveredconditionals="5" methods="4" coveredmethods="3"/>
        <line num="20" count="8" type="stmt"/>
        <line num="21" count="942956" type="cond" truecount="2" falsecount="0"/>
        <line num="22" count="942956" type="stmt"/>
        <line num="23" count="942956" type="stmt"/>
        <line num="24" count="942956" type="stmt"/>
        <line num="25" count="942956" type="stmt"/>
        <line num="26" count="942956" type="cond" truecount="2" falsecount="0"/>
        <line num="28" count="942956" type="stmt"/>
        <line num="30" count="8" type="stmt"/>
        <line num="31" count="87850" type="stmt"/>
        <line num="33" count="8" type="stmt"/>
        <line num="36" count="8" type="stmt"/>
        <line num="37" count="44141" type="stmt"/>
        <line num="38" count="44141" type="cond" truecount="1" falsecount="1"/>
        <line num="39" count="44141" type="stmt"/>
        <line num="40" count="44141" type="stmt"/>
        <line num="41" count="44141" type="stmt"/>
        <line num="42" count="57221" type="stmt"/>
        <line num="43" count="855101" type="stmt"/>
        <line num="44" count="855101" type="stmt"/>
        <line num="47" count="44141" type="stmt"/>
      </file>
      <file name="voxelBaseMaterial.ts" path="D:\GitHub\NanoBotsIdle\src\sim\voxelBaseMaterial.ts">
        <metrics statements="5" coveredstatements="5" conditionals="4" coveredconditionals="4" methods="1" coveredmethods="1"/>
        <line num="10" count="8" type="stmt"/>
        <line num="18" count="49" type="cond" truecount="2" falsecount="0"/>
        <line num="20" count="48" type="stmt"/>
        <line num="28" count="48" type="cond" truecount="2" falsecount="0"/>
        <line num="29" count="16" type="stmt"/>
      </file>
    </package>
    <package name="src.simBridge">
      <metrics statements="119" coveredstatements="95" conditionals="49" coveredconditionals="32" methods="18" coveredmethods="7"/>
      <file name="createSimBridge.ts" path="D:\GitHub\NanoBotsIdle\src\simBridge\createSimBridge.ts">
        <metrics statements="112" coveredstatements="92" conditionals="47" coveredconditionals="32" methods="16" coveredmethods="7"/>
        <line num="8" count="2" type="cond" truecount="1" falsecount="0"/>
        <line num="9" count="7" type="cond" truecount="1" falsecount="1"/>
        <line num="10" count="7" type="cond" truecount="2" falsecount="0"/>
        <line num="11" count="7" type="cond" truecount="2" falsecount="0"/>
        <line num="12" count="7" type="cond" truecount="1" falsecount="1"/>
        <line num="13" count="7" type="cond" truecount="2" falsecount="0"/>
        <line num="14" count="7" type="cond" truecount="2" falsecount="0"/>
        <line num="16" count="7" type="stmt"/>
        <line num="17" count="7" type="stmt"/>
        <line num="18" count="7" type="stmt"/>
        <line num="19" count="7" type="stmt"/>
        <line num="20" count="7" type="stmt"/>
        <line num="21" count="7" type="stmt"/>
        <line num="22" count="7" type="stmt"/>
        <line num="23" count="7" type="stmt"/>
        <line num="24" count="7" type="stmt"/>
        <line num="25" count="7" type="stmt"/>
        <line num="26" count="7" type="stmt"/>
        <line num="27" count="7" type="stmt"/>
        <line num="29" count="7" type="stmt"/>
        <line num="31" count="7" type="stmt"/>
        <line num="32" count="11" type="stmt"/>
        <line num="33" count="11" type="cond" truecount="2" falsecount="0"/>
        <line num="34" count="2" type="stmt"/>
        <line num="35" count="2" type="stmt"/>
        <line num="36" count="2" type="stmt"/>
        <line num="37" count="2" type="stmt"/>
        <line num="40" count="9" type="cond" truecount="1" falsecount="1"/>
        <line num="41" count="9" type="stmt"/>
        <line num="42" count="9" type="stmt"/>
        <line num="43" count="9" type="stmt"/>
        <line num="45" count="9" type="stmt"/>
        <line num="46" count="9" type="stmt"/>
        <line num="47" count="9" type="stmt"/>
        <line num="49" count="9" type="cond" truecount="2" falsecount="0"/>
        <line num="51" count="6" type="stmt"/>
        <line num="52" count="6" type="stmt"/>
        <line num="54" count="6" type="cond" truecount="1" falsecount="1"/>
        <line num="55" count="0" type="stmt"/>
        <line num="58" count="6" type="stmt"/>
        <line num="59" count="4" type="stmt"/>
        <line num="60" count="4" type="stmt"/>
        <line num="64" count="3" type="stmt"/>
        <line num="65" count="3" type="stmt"/>
        <line num="70" count="7" type="stmt"/>
        <line num="71" count="4" type="cond" truecount="1" falsecount="1"/>
        <line num="74" count="4" type="cond" truecount="1" falsecount="1"/>
        <line num="75" count="4" type="stmt"/>
        <line num="76" count="4" type="stmt"/>
        <line num="77" count="4" type="stmt"/>
        <line num="78" count="4" type="stmt"/>
        <line num="82" count="4" type="stmt"/>
        <line num="83" count="4" type="stmt"/>
        <line num="84" count="4" type="stmt"/>
        <line num="86" count="0" type="stmt"/>
        <line num="87" count="0" type="stmt"/>
        <line num="91" count="7" type="stmt"/>
        <line num="92" count="19" type="cond" truecount="2" falsecount="0"/>
        <line num="93" count="12" type="stmt"/>
        <line num="94" count="12" type="stmt"/>
        <line num="95" count="12" type="cond" truecount="1" falsecount="1"/>
        <line num="96" count="12" type="stmt"/>
        <line num="98" count="12" type="stmt"/>
        <line num="130" count="12" type="stmt"/>
        <line num="131" count="12" type="stmt"/>
        <line num="135" count="7" type="stmt"/>
        <line num="136" count="17" type="cond" truecount="2" falsecount="0"/>
        <line num="137" count="15" type="stmt"/>
        <line num="138" count="15" type="cond" truecount="4" falsecount="0"/>
        <line num="140" count="14" type="stmt"/>
        <line num="141" count="14" type="stmt"/>
        <line num="142" count="14" type="stmt"/>
        <line num="150" count="14" type="stmt"/>
        <line num="151" count="14" type="stmt"/>
        <line num="152" count="14" type="stmt"/>
        <line num="155" count="7" type="stmt"/>
        <line num="156" count="0" type="cond" truecount="0" falsecount="2"/>
        <line num="157" count="0" type="stmt"/>
        <line num="158" count="0" type="stmt"/>
        <line num="161" count="7" type="stmt"/>
        <line num="162" count="0" type="cond" truecount="0" falsecount="2"/>
        <line num="163" count="0" type="stmt"/>
        <line num="164" count="0" type="stmt"/>
        <line num="165" count="0" type="stmt"/>
        <line num="168" count="7" type="stmt"/>
        <line num="169" count="6" type="stmt"/>
        <line num="170" count="6" type="cond" truecount="1" falsecount="1"/>
        <line num="171" count="0" type="stmt"/>
        <line num="172" count="0" type="stmt"/>
        <line num="174" count="6" type="cond" truecount="2" falsecount="0"/>
        <line num="175" count="2" type="stmt"/>
        <line num="176" count="2" type="stmt"/>
        <line num="178" count="6" type="cond" truecount="1" falsecount="1"/>
        <line num="179" count="6" type="stmt"/>
        <line num="180" count="6" type="stmt"/>
        <line num="181" count="6" type="stmt"/>
        <line num="183" count="6" type="stmt"/>
        <line num="184" count="6" type="stmt"/>
        <line num="185" count="6" type="stmt"/>
        <line num="186" count="6" type="stmt"/>
        <line num="187" count="6" type="stmt"/>
        <line num="190" count="7" type="stmt"/>
        <line num="191" count="0" type="stmt"/>
        <line num="194" count="7" type="stmt"/>
        <line num="195" count="0" type="stmt"/>
        <line num="196" count="0" type="cond" truecount="0" falsecount="2"/>
        <line num="197" count="0" type="stmt"/>
        <line num="199" count="0" type="stmt"/>
        <line num="200" count="0" type="stmt"/>
        <line num="204" count="7" type="stmt"/>
        <line num="210" count="0" type="stmt"/>
        <line num="211" count="0" type="stmt"/>
      </file>
      <file name="simBridge.ts" path="D:\GitHub\NanoBotsIdle\src\simBridge\simBridge.ts">
        <metrics statements="5" coveredstatements="2" conditionals="2" coveredconditionals="0" methods="1" coveredmethods="0"/>
        <line num="7" count="2" type="stmt"/>
        <line num="9" count="2" type="stmt"/>
        <line num="10" count="0" type="cond" truecount="0" falsecount="2"/>
        <line num="11" count="0" type="stmt"/>
        <line num="13" count="0" type="stmt"/>
      </file>
      <file name="workerFactory.ts" path="D:\GitHub\NanoBotsIdle\src\simBridge\workerFactory.ts">
        <metrics statements="2" coveredstatements="1" conditionals="0" coveredconditionals="0" methods="1" coveredmethods="0"/>
        <line num="3" count="2" type="stmt"/>
        <line num="4" count="0" type="stmt"/>
      </file>
    </package>
    <package name="src.telemetry">
      <metrics statements="96" coveredstatements="90" conditionals="32" coveredconditionals="24" methods="22" coveredmethods="21"/>
      <file name="TelemetryCollector.ts" path="D:\GitHub\NanoBotsIdle\src\telemetry\TelemetryCollector.ts">
        <metrics statements="96" coveredstatements="90" conditionals="32" coveredconditionals="24" methods="22" coveredmethods="21"/>
        <line num="52" count="32" type="stmt"/>
        <line num="55" count="32" type="stmt"/>
        <line num="56" count="32" type="stmt"/>
        <line num="57" count="32" type="stmt"/>
        <line num="60" count="32" type="stmt"/>
        <line num="61" count="32" type="stmt"/>
        <line num="64" count="32" type="stmt"/>
        <line num="65" count="32" type="stmt"/>
        <line num="66" count="32" type="stmt"/>
        <line num="67" count="32" type="stmt"/>
        <line num="68" count="32" type="stmt"/>
        <line num="69" count="32" type="stmt"/>
        <line num="72" count="32" type="stmt"/>
        <line num="73" count="32" type="stmt"/>
        <line num="74" count="32" type="stmt"/>
        <line num="75" count="32" type="stmt"/>
        <line num="78" count="32" type="stmt"/>
        <line num="79" count="32" type="stmt"/>
        <line num="82" count="32" type="stmt"/>
        <line num="83" count="32" type="stmt"/>
        <line num="86" count="32" type="stmt"/>
        <line num="90" count="3" type="stmt"/>
        <line num="91" count="3" type="cond" truecount="2" falsecount="0"/>
        <line num="92" count="1" type="stmt"/>
        <line num="97" count="45" type="stmt"/>
        <line num="101" count="2" type="stmt"/>
        <line num="102" count="2" type="stmt"/>
        <line num="103" count="2" type="stmt"/>
        <line num="104" count="2" type="stmt"/>
        <line num="105" count="2" type="stmt"/>
        <line num="106" count="2" type="stmt"/>
        <line num="107" count="2" type="stmt"/>
        <line num="108" count="2" type="stmt"/>
        <line num="109" count="2" type="stmt"/>
        <line num="110" count="2" type="stmt"/>
        <line num="111" count="2" type="stmt"/>
        <line num="112" count="2" type="stmt"/>
        <line num="113" count="2" type="stmt"/>
        <line num="114" count="2" type="stmt"/>
        <line num="118" count="156" type="cond" truecount="2" falsecount="0"/>
        <line num="119" count="155" type="stmt"/>
        <line num="120" count="155" type="stmt"/>
        <line num="121" count="155" type="stmt"/>
        <line num="122" count="155" type="stmt"/>
        <line num="123" count="155" type="stmt"/>
        <line num="127" count="5" type="cond" truecount="2" falsecount="0"/>
        <line num="128" count="4" type="stmt"/>
        <line num="129" count="4" type="stmt"/>
        <line num="130" count="4" type="stmt"/>
        <line num="131" count="4" type="stmt"/>
        <line num="135" count="4" type="cond" truecount="1" falsecount="1"/>
        <line num="136" count="4" type="stmt"/>
        <line num="137" count="4" type="stmt"/>
        <line num="138" count="4" type="stmt"/>
        <line num="139" count="4" type="cond" truecount="1" falsecount="1"/>
        <line num="140" count="0" type="stmt"/>
        <line num="145" count="5" type="cond" truecount="1" falsecount="1"/>
        <line num="146" count="5" type="stmt"/>
        <line num="147" count="5" type="stmt"/>
        <line num="148" count="5" type="stmt"/>
        <line num="152" count="0" type="cond" truecount="0" falsecount="2"/>
        <line num="153" count="0" type="stmt"/>
        <line num="154" count="0" type="stmt"/>
        <line num="155" count="0" type="cond" truecount="0" falsecount="2"/>
        <line num="156" count="0" type="stmt"/>
        <line num="161" count="2" type="cond" truecount="1" falsecount="1"/>
        <line num="162" count="2" type="stmt"/>
        <line num="163" count="2" type="stmt"/>
        <line num="167" count="9" type="cond" truecount="2" falsecount="0"/>
        <line num="168" count="1" type="stmt"/>
        <line num="172" count="6" type="cond" truecount="2" falsecount="0"/>
        <line num="173" count="1" type="stmt"/>
        <line num="177" count="7" type="cond" truecount="2" falsecount="0"/>
        <line num="178" count="3" type="stmt"/>
        <line num="182" count="6" type="cond" truecount="2" falsecount="0"/>
        <line num="183" count="2" type="stmt"/>
        <line num="187" count="159" type="stmt"/>
        <line num="188" count="30" type="stmt"/>
        <line num="193" count="44" type="cond" truecount="2" falsecount="0"/>
        <line num="194" count="39" type="stmt"/>
        <line num="196" count="130" type="stmt"/>
        <line num="197" count="130" type="stmt"/>
        <line num="198" count="5" type="stmt"/>
        <line num="206" count="11" type="stmt"/>
        <line num="207" count="11" type="stmt"/>
        <line num="208" count="11" type="stmt"/>
        <line num="209" count="11" type="stmt"/>
        <line num="211" count="11" type="stmt"/>
        <line num="241" count="1" type="stmt"/>
        <line num="246" count="10" type="stmt"/>
        <line num="248" count="10" type="stmt"/>
        <line num="249" count="62" type="cond" truecount="2" falsecount="0"/>
        <line num="250" count="22" type="stmt"/>
        <line num="252" count="62" type="stmt"/>
        <line num="255" count="10" type="stmt"/>
        <line num="256" count="20" type="stmt"/>
      </file>
      <file name="index.ts" path="D:\GitHub\NanoBotsIdle\src\telemetry\index.ts">
        <metrics statements="0" coveredstatements="0" conditionals="0" coveredconditionals="0" methods="0" coveredmethods="0"/>
      </file>
    </package>
    <package name="src.utils">
      <metrics statements="70" coveredstatements="50" conditionals="43" coveredconditionals="29" methods="16" coveredmethods="12"/>
      <file name="chunkPriority.ts" path="D:\GitHub\NanoBotsIdle\src\utils\chunkPriority.ts">
        <metrics statements="31" coveredstatements="21" conditionals="9" coveredconditionals="9" methods="5" coveredmethods="2"/>
        <line num="8" count="10" type="stmt"/>
        <line num="9" count="0" type="stmt"/>
        <line num="10" count="0" type="stmt"/>
        <line num="11" count="0" type="stmt"/>
        <line num="12" count="0" type="stmt"/>
        <line num="15" count="10" type="stmt"/>
        <line num="16" count="0" type="stmt"/>
        <line num="17" count="0" type="stmt"/>
        <line num="18" count="0" type="stmt"/>
        <line num="23" count="10" type="cond" truecount="1" falsecount="0"/>
        <line num="24" count="2" type="stmt"/>
        <line num="25" count="2" type="stmt"/>
        <line num="26" count="2" type="stmt"/>
        <line num="28" count="2" type="stmt"/>
        <line num="29" count="10" type="stmt"/>
        <line num="30" count="50" type="cond" truecount="2" falsecount="0"/>
        <line num="31" count="25" type="stmt"/>
        <line num="33" count="25" type="stmt"/>
        <line num="34" count="125" type="stmt"/>
        <line num="40" count="2" type="stmt"/>
        <line num="41" count="789" type="stmt"/>
        <line num="42" count="789" type="stmt"/>
        <line num="43" count="789" type="cond" truecount="2" falsecount="0"/>
        <line num="45" count="319" type="cond" truecount="2" falsecount="0"/>
        <line num="46" count="184" type="cond" truecount="2" falsecount="0"/>
        <line num="47" count="60" type="stmt"/>
        <line num="50" count="2" type="stmt"/>
        <line num="53" count="10" type="stmt"/>
        <line num="59" count="0" type="stmt"/>
        <line num="60" count="0" type="stmt"/>
        <line num="61" count="0" type="stmt"/>
      </file>
      <file name="dynamicResScaler.ts" path="D:\GitHub\NanoBotsIdle\src\utils\dynamicResScaler.ts">
        <metrics statements="10" coveredstatements="10" conditionals="8" coveredconditionals="8" methods="2" coveredmethods="2"/>
        <line num="1" count="3" type="stmt"/>
        <line num="2" count="3" type="stmt"/>
        <line num="3" count="3" type="stmt"/>
        <line num="4" count="3" type="cond" truecount="2" falsecount="0"/>
        <line num="5" count="3" type="stmt"/>
        <line num="18" count="6" type="stmt"/>
        <line num="19" count="6" type="cond" truecount="2" falsecount="0"/>
        <line num="20" count="3" type="cond" truecount="2" falsecount="0"/>
        <line num="21" count="1" type="stmt"/>
        <line num="25" count="2" type="stmt"/>
      </file>
      <file name="logger.ts" path="D:\GitHub\NanoBotsIdle\src\utils\logger.ts">
        <metrics statements="29" coveredstatements="19" conditionals="26" coveredconditionals="12" methods="9" coveredmethods="8"/>
        <line num="12" count="12" type="stmt"/>
        <line num="15" count="12" type="stmt"/>
        <line num="21" count="12" type="stmt"/>
        <line num="22" count="5" type="cond" truecount="1" falsecount="1"/>
        <line num="23" count="0" type="stmt"/>
        <line num="30" count="12" type="stmt"/>
        <line num="31" count="1" type="cond" truecount="1" falsecount="1"/>
        <line num="32" count="0" type="stmt"/>
        <line num="40" count="12" type="stmt"/>
        <line num="41" count="0" type="cond" truecount="0" falsecount="2"/>
        <line num="42" count="0" type="stmt"/>
        <line num="44" count="0" type="stmt"/>
        <line num="51" count="12" type="stmt"/>
        <line num="52" count="3" type="cond" truecount="2" falsecount="2"/>
        <line num="53" count="0" type="stmt"/>
        <line num="61" count="12" type="stmt"/>
        <line num="62" count="2" type="cond" truecount="2" falsecount="2"/>
        <line num="63" count="0" type="stmt"/>
        <line num="71" count="12" type="stmt"/>
        <line num="72" count="28" type="cond" truecount="2" falsecount="2"/>
        <line num="73" count="0" type="stmt"/>
        <line num="81" count="12" type="stmt"/>
        <line num="82" count="5" type="stmt"/>
        <line num="89" count="12" type="stmt"/>
        <line num="90" count="2" type="cond" truecount="2" falsecount="2"/>
        <line num="91" count="0" type="stmt"/>
        <line num="99" count="12" type="stmt"/>
        <line num="100" count="2" type="cond" truecount="2" falsecount="2"/>
        <line num="101" count="0" type="stmt"/>
      </file>
    </package>
    <package name="src.utils.migrations">
      <metrics statements="59" coveredstatements="59" conditionals="75" coveredconditionals="75" methods="8" coveredmethods="8"/>
      <file name="registry.ts" path="D:\GitHub\NanoBotsIdle\src\utils\migrations\registry.ts">
        <metrics statements="21" coveredstatements="21" conditionals="8" coveredconditionals="8" methods="3" coveredmethods="3"/>
        <line num="15" count="2" type="stmt"/>
        <line num="29" count="12" type="cond" truecount="2" falsecount="0"/>
        <line num="30" count="1" type="stmt"/>
        <line num="33" count="11" type="cond" truecount="2" falsecount="0"/>
        <line num="34" count="1" type="stmt"/>
        <line num="37" count="10" type="stmt"/>
        <line num="38" count="10" type="stmt"/>
        <line num="40" count="10" type="stmt"/>
        <line num="41" count="11" type="stmt"/>
        <line num="42" count="11" type="cond" truecount="2" falsecount="0"/>
        <line num="45" count="11" type="cond" truecount="2" falsecount="0"/>
        <line num="46" count="1" type="stmt"/>
        <line num="52" count="10" type="stmt"/>
        <line num="53" count="10" type="stmt"/>
        <line num="56" count="9" type="stmt"/>
        <line num="66" count="8" type="stmt"/>
        <line num="68" count="8" type="stmt"/>
        <line num="69" count="8" type="stmt"/>
        <line num="70" count="8" type="stmt"/>
        <line num="72" count="1" type="stmt"/>
        <line num="78" count="7" type="stmt"/>
      </file>
      <file name="types.ts" path="D:\GitHub\NanoBotsIdle\src\utils\migrations\types.ts">
        <metrics statements="1" coveredstatements="1" conditionals="0" coveredconditionals="0" methods="0" coveredmethods="0"/>
        <line num="13" count="3" type="stmt"/>
      </file>
      <file name="v1-to-v2.ts" path="D:\GitHub\NanoBotsIdle\src\utils\migrations\v1-to-v2.ts">
        <metrics statements="5" coveredstatements="5" conditionals="18" coveredconditionals="18" methods="2" coveredmethods="2"/>
        <line num="46" count="7" type="stmt"/>
        <line num="61" count="2" type="stmt"/>
        <line num="67" count="8" type="cond" truecount="4" falsecount="0"/>
        <line num="68" count="1" type="stmt"/>
        <line num="71" count="7" type="stmt"/>
      </file>
      <file name="validation.ts" path="D:\GitHub\NanoBotsIdle\src\utils\migrations\validation.ts">
        <metrics statements="32" coveredstatements="32" conditionals="49" coveredconditionals="49" methods="3" coveredmethods="3"/>
        <line num="18" count="12" type="stmt"/>
        <line num="19" count="12" type="stmt"/>
        <line num="22" count="12" type="cond" truecount="4" falsecount="0"/>
        <line num="23" count="1" type="stmt"/>
        <line num="24" count="1" type="stmt"/>
        <line num="27" count="11" type="stmt"/>
        <line num="30" count="11" type="cond" truecount="2" falsecount="0"/>
        <line num="31" count="2" type="stmt"/>
        <line num="32" count="9" type="cond" truecount="2" falsecount="0"/>
        <line num="33" count="1" type="stmt"/>
        <line num="34" count="8" type="cond" truecount="2" falsecount="0"/>
        <line num="35" count="2" type="stmt"/>
        <line num="41" count="11" type="cond" truecount="2" falsecount="0"/>
        <line num="42" count="3" type="stmt"/>
        <line num="45" count="11" type="cond" truecount="4" falsecount="0"/>
        <line num="46" count="2" type="stmt"/>
        <line num="49" count="11" type="stmt"/>
        <line num="62" count="9" type="stmt"/>
        <line num="63" count="9" type="stmt"/>
        <line num="66" count="9" type="stmt"/>
        <line num="77" count="9" type="stmt"/>
        <line num="78" count="72" type="stmt"/>
        <line num="79" count="72" type="cond" truecount="5" falsecount="0"/>
        <line num="80" count="3" type="stmt"/>
        <line num="85" count="9" type="cond" truecount="4" falsecount="0"/>
        <line num="86" count="1" type="stmt"/>
        <line num="89" count="9" type="cond" truecount="4" falsecount="0"/>
        <line num="90" count="1" type="stmt"/>
        <line num="93" count="9" type="cond" truecount="4" falsecount="0"/>
        <line num="94" count="1" type="stmt"/>
        <line num="97" count="9" type="stmt"/>
        <line num="110" count="11" type="stmt"/>
      </file>
    </package>
  </project>
</coverage>
