{"D:\\GitHub\\NanoBotsIdle\\scripts\\find-magic-values.js": {"path":"D:\\GitHub\\NanoBotsIdle\\scripts\\find-magic-values.js","statementMap":{"0":{"start":{"line":4,"column":21},"end":{"line":4,"column":59}},"1":{"start":{"line":7,"column":18},"end":{"line":7,"column":64}},"2":{"start":{"line":8,"column":16},"end":{"line":8,"column":18}},"3":{"start":{"line":9,"column":2},"end":{"line":18,"column":null}},"4":{"start":{"line":10,"column":4},"end":{"line":10,"column":null}},"5":{"start":{"line":10,"column":77},"end":{"line":10,"column":null}},"6":{"start":{"line":11,"column":16},"end":{"line":11,"column":38}},"7":{"start":{"line":12,"column":4},"end":{"line":17,"column":null}},"8":{"start":{"line":13,"column":21},"end":{"line":13,"column":50}},"9":{"start":{"line":14,"column":6},"end":{"line":14,"column":null}},"10":{"start":{"line":15,"column":11},"end":{"line":17,"column":null}},"11":{"start":{"line":16,"column":6},"end":{"line":16,"column":null}},"12":{"start":{"line":19,"column":2},"end":{"line":19,"column":null}},"13":{"start":{"line":23,"column":16},"end":{"line":23,"column":40}},"14":{"start":{"line":24,"column":18},"end":{"line":24,"column":20}},"15":{"start":{"line":25,"column":2},"end":{"line":40,"column":null}},"16":{"start":{"line":27,"column":18},"end":{"line":27,"column":49}},"17":{"start":{"line":28,"column":20},"end":{"line":28,"column":38}},"18":{"start":{"line":29,"column":6},"end":{"line":38,"column":null}},"19":{"start":{"line":31,"column":8},"end":{"line":37,"column":null}},"20":{"start":{"line":32,"column":22},"end":{"line":32,"column":26}},"21":{"start":{"line":33,"column":24},"end":{"line":33,"column":35}},"22":{"start":{"line":35,"column":10},"end":{"line":35,"column":null}},"23":{"start":{"line":35,"column":58},"end":{"line":35,"column":null}},"24":{"start":{"line":36,"column":10},"end":{"line":36,"column":null}},"25":{"start":{"line":41,"column":2},"end":{"line":41,"column":null}},"26":{"start":{"line":45,"column":18},"end":{"line":45,"column":56}},"27":{"start":{"line":46,"column":2},"end":{"line":49,"column":null}},"28":{"start":{"line":47,"column":4},"end":{"line":47,"column":null}},"29":{"start":{"line":48,"column":4},"end":{"line":48,"column":null}},"30":{"start":{"line":50,"column":2},"end":{"line":50,"column":null}},"31":{"start":{"line":51,"column":2},"end":{"line":53,"column":null}},"32":{"start":{"line":52,"column":4},"end":{"line":52,"column":null}},"33":{"start":{"line":54,"column":2},"end":{"line":54,"column":null}},"34":{"start":{"line":57,"column":0},"end":{"line":64,"column":null}},"35":{"start":{"line":58,"column":2},"end":{"line":63,"column":null}},"36":{"start":{"line":59,"column":21},"end":{"line":59,"column":52}},"37":{"start":{"line":61,"column":6},"end":{"line":61,"column":null}},"38":{"start":{"line":62,"column":6},"end":{"line":62,"column":null}}},"fnMap":{"0":{"name":"collectFiles","decl":{"start":{"line":6,"column":15},"end":{"line":6,"column":27}},"loc":{"start":{"line":6,"column":57},"end":{"line":20,"column":null}},"line":6},"1":{"name":"findMagicValues","decl":{"start":{"line":22,"column":22},"end":{"line":22,"column":37}},"loc":{"start":{"line":22,"column":61},"end":{"line":42,"column":null}},"line":22},"2":{"name":"(anonymous_2)","decl":{"start":{"line":26,"column":14},"end":{"line":26,"column":19}},"loc":{"start":{"line":26,"column":30},"end":{"line":39,"column":5}},"line":26},"3":{"name":"(anonymous_3)","decl":{"start":{"line":29,"column":20},"end":{"line":29,"column":21}},"loc":{"start":{"line":29,"column":35},"end":{"line":38,"column":7}},"line":29},"4":{"name":"runCli","decl":{"start":{"line":44,"column":22},"end":{"line":44,"column":28}},"loc":{"start":{"line":44,"column":31},"end":{"line":55,"column":null}},"line":44},"5":{"name":"(anonymous_5)","decl":{"start":{"line":51,"column":32},"end":{"line":51,"column":33}},"loc":{"start":{"line":51,"column":39},"end":{"line":53,"column":3}},"line":51},"6":{"name":"(anonymous_6)","decl":{"start":{"line":59,"column":10},"end":{"line":59,"column":11}},"loc":{"start":{"line":59,"column":21},"end":{"line":59,"column":52}},"line":59},"7":{"name":"(anonymous_7)","decl":{"start":{"line":60,"column":11},"end":{"line":60,"column":12}},"loc":{"start":{"line":60,"column":20},"end":{"line":63,"column":5}},"line":60}},"branchMap":{"0":{"loc":{"start":{"line":6,"column":33},"end":{"line":6,"column":55}},"type":"default-arg","locations":[{"start":{"line":6,"column":40},"end":{"line":6,"column":55}}],"line":6},"1":{"loc":{"start":{"line":10,"column":4},"end":{"line":10,"column":null}},"type":"if","locations":[{"start":{"line":10,"column":4},"end":{"line":10,"column":null}},{"start":{},"end":{}}],"line":10},"2":{"loc":{"start":{"line":10,"column":8},"end":{"line":10,"column":75}},"type":"binary-expr","locations":[{"start":{"line":10,"column":8},"end":{"line":10,"column":33}},{"start":{"line":10,"column":37},"end":{"line":10,"column":54}},{"start":{"line":10,"column":58},"end":{"line":10,"column":75}}],"line":10},"3":{"loc":{"start":{"line":12,"column":4},"end":{"line":17,"column":null}},"type":"if","locations":[{"start":{"line":12,"column":4},"end":{"line":17,"column":null}},{"start":{"line":15,"column":11},"end":{"line":17,"column":null}}],"line":12},"4":{"loc":{"start":{"line":15,"column":11},"end":{"line":17,"column":null}},"type":"if","locations":[{"start":{"line":15,"column":11},"end":{"line":17,"column":null}},{"start":{},"end":{}}],"line":15},"5":{"loc":{"start":{"line":22,"column":38},"end":{"line":22,"column":59}},"type":"default-arg","locations":[{"start":{"line":22,"column":57},"end":{"line":22,"column":59}}],"line":22},"6":{"loc":{"start":{"line":22,"column":40},"end":{"line":22,"column":52}},"type":"default-arg","locations":[{"start":{"line":22,"column":47},"end":{"line":22,"column":52}}],"line":22},"7":{"loc":{"start":{"line":35,"column":10},"end":{"line":35,"column":null}},"type":"if","locations":[{"start":{"line":35,"column":10},"end":{"line":35,"column":null}},{"start":{},"end":{}}],"line":35},"8":{"loc":{"start":{"line":35,"column":14},"end":{"line":35,"column":56}},"type":"binary-expr","locations":[{"start":{"line":35,"column":14},"end":{"line":35,"column":25}},{"start":{"line":35,"column":29},"end":{"line":35,"column":40}},{"start":{"line":35,"column":44},"end":{"line":35,"column":56}}],"line":35},"9":{"loc":{"start":{"line":46,"column":2},"end":{"line":49,"column":null}},"type":"if","locations":[{"start":{"line":46,"column":2},"end":{"line":49,"column":null}},{"start":{},"end":{}}],"line":46},"10":{"loc":{"start":{"line":57,"column":0},"end":{"line":64,"column":null}},"type":"if","locations":[{"start":{"line":57,"column":0},"end":{"line":64,"column":null}},{"start":{},"end":{}}],"line":57},"11":{"loc":{"start":{"line":57,"column":4},"end":{"line":57,"column":71}},"type":"binary-expr","locations":[{"start":{"line":57,"column":4},"end":{"line":57,"column":19}},{"start":{"line":57,"column":23},"end":{"line":57,"column":71}}],"line":57},"12":{"loc":{"start":{"line":59,"column":34},"end":{"line":59,"column":51}},"type":"cond-expr","locations":[{"start":{"line":59,"column":46},"end":{"line":59,"column":47}},{"start":{"line":59,"column":50},"end":{"line":59,"column":51}}],"line":59}},"s":{"0":1,"1":22,"2":22,"3":22,"4":133,"5":0,"6":133,"7":133,"8":21,"9":21,"10":112,"11":110,"12":22,"13":1,"14":1,"15":1,"16":110,"17":110,"18":110,"19":8925,"20":1666,"21":1666,"22":1666,"23":839,"24":827,"25":1,"26":0,"27":0,"28":0,"29":0,"30":0,"31":0,"32":0,"33":0,"34":1,"35":0,"36":0,"37":0,"38":0},"f":{"0":22,"1":1,"2":110,"3":8925,"4":0,"5":0,"6":0,"7":0},"b":{"0":[22],"1":[0,133],"2":[133,133,133],"3":[21,112],"4":[110,2],"5":[1],"6":[1],"7":[839,827],"8":[1666,1196,844],"9":[0,0],"10":[0,1],"11":[1,1],"12":[0,0]},"meta":{"lastBranch":13,"lastFunction":8,"lastStatement":39,"seen":{"s:4:21:4:59":0,"f:6:15:6:27":0,"b:6:40:6:55":0,"s:7:18:7:64":1,"s:8:16:8:18":2,"s:9:2:18:Infinity":3,"b:10:4:10:Infinity:undefined:undefined:undefined:undefined":1,"s:10:4:10:Infinity":4,"b:10:8:10:33:10:37:10:54:10:58:10:75":2,"s:10:77:10:Infinity":5,"s:11:16:11:38":6,"b:12:4:17:Infinity:15:11:17:Infinity":3,"s:12:4:17:Infinity":7,"s:13:21:13:50":8,"s:14:6:14:Infinity":9,"b:15:11:17:Infinity:undefined:undefined:undefined:undefined":4,"s:15:11:17:Infinity":10,"s:16:6:16:Infinity":11,"s:19:2:19:Infinity":12,"f:22:22:22:37":1,"b:22:57:22:59":5,"b:22:47:22:52":6,"s:23:16:23:40":13,"s:24:18:24:20":14,"s:25:2:40:Infinity":15,"f:26:14:26:19":2,"s:27:18:27:49":16,"s:28:20:28:38":17,"s:29:6:38:Infinity":18,"f:29:20:29:21":3,"s:31:8:37:Infinity":19,"s:32:22:32:26":20,"s:33:24:33:35":21,"b:35:10:35:Infinity:undefined:undefined:undefined:undefined":7,"s:35:10:35:Infinity":22,"b:35:14:35:25:35:29:35:40:35:44:35:56":8,"s:35:58:35:Infinity":23,"s:36:10:36:Infinity":24,"s:41:2:41:Infinity":25,"f:44:22:44:28":4,"s:45:18:45:56":26,"b:46:2:49:Infinity:undefined:undefined:undefined:undefined":9,"s:46:2:49:Infinity":27,"s:47:4:47:Infinity":28,"s:48:4:48:Infinity":29,"s:50:2:50:Infinity":30,"s:51:2:53:Infinity":31,"f:51:32:51:33":5,"s:52:4:52:Infinity":32,"s:54:2:54:Infinity":33,"b:57:0:64:Infinity:undefined:undefined:undefined:undefined":10,"s:57:0:64:Infinity":34,"b:57:4:57:19:57:23:57:71":11,"s:58:2:63:Infinity":35,"f:59:10:59:11":6,"s:59:21:59:52":36,"b:59:46:59:47:59:50:59:51":12,"f:60:11:60:12":7,"s:61:6:61:Infinity":37,"s:62:6:62:Infinity":38}}}
,"D:\\GitHub\\NanoBotsIdle\\src\\constants.ts": {"path":"D:\\GitHub\\NanoBotsIdle\\src\\constants.ts","statementMap":{"0":{"start":{"line":3,"column":25},"end":{"line":3,"column":null}},"1":{"start":{"line":4,"column":35},"end":{"line":4,"column":null}},"2":{"start":{"line":5,"column":28},"end":{"line":5,"column":null}},"3":{"start":{"line":6,"column":27},"end":{"line":6,"column":null}},"4":{"start":{"line":8,"column":29},"end":{"line":8,"column":null}},"5":{"start":{"line":11,"column":29},"end":{"line":11,"column":null}},"6":{"start":{"line":12,"column":29},"end":{"line":12,"column":null}},"7":{"start":{"line":13,"column":26},"end":{"line":13,"column":null}},"8":{"start":{"line":14,"column":23},"end":{"line":14,"column":null}}},"fnMap":{},"branchMap":{},"s":{"0":3,"1":3,"2":3,"3":3,"4":3,"5":3,"6":3,"7":3,"8":3},"f":{},"b":{},"meta":{"lastBranch":0,"lastFunction":0,"lastStatement":9,"seen":{"s:3:25:3:Infinity":0,"s:4:35:4:Infinity":1,"s:5:28:5:Infinity":2,"s:6:27:6:Infinity":3,"s:8:29:8:Infinity":4,"s:11:29:11:Infinity":5,"s:12:29:12:Infinity":6,"s:13:26:13:Infinity":7,"s:14:23:14:Infinity":8}}}
,"D:\\GitHub\\NanoBotsIdle\\src\\store.ts": {"path":"D:\\GitHub\\NanoBotsIdle\\src\\store.ts","statementMap":{"0":{"start":{"line":34,"column":13},"end":{"line":94,"column":null}},"1":{"start":{"line":36,"column":19},"end":{"line":87,"column":null}},"2":{"start":{"line":50,"column":30},"end":{"line":50,"column":null}},"3":{"start":{"line":50,"column":46},"end":{"line":50,"column":82}},"4":{"start":{"line":52,"column":34},"end":{"line":52,"column":null}},"5":{"start":{"line":52,"column":50},"end":{"line":52,"column":89}},"6":{"start":{"line":54,"column":33},"end":{"line":54,"column":null}},"7":{"start":{"line":57,"column":8},"end":{"line":63,"column":null}},"8":{"start":{"line":57,"column":24},"end":{"line":63,"column":10}},"9":{"start":{"line":66,"column":22},"end":{"line":66,"column":null}},"10":{"start":{"line":67,"column":14},"end":{"line":67,"column":null}},"11":{"start":{"line":68,"column":8},"end":{"line":68,"column":null}},"12":{"start":{"line":72,"column":22},"end":{"line":72,"column":null}},"13":{"start":{"line":73,"column":21},"end":{"line":73,"column":null}},"14":{"start":{"line":75,"column":8},"end":{"line":85,"column":null}},"15":{"start":{"line":76,"column":10},"end":{"line":84,"column":null}},"16":{"start":{"line":77,"column":48},"end":{"line":77,"column":null}},"17":{"start":{"line":78,"column":12},"end":{"line":78,"column":null}},"18":{"start":{"line":78,"column":34},"end":{"line":78,"column":null}},"19":{"start":{"line":79,"column":12},"end":{"line":79,"column":null}},"20":{"start":{"line":79,"column":35},"end":{"line":79,"column":null}},"21":{"start":{"line":80,"column":12},"end":{"line":80,"column":null}},"22":{"start":{"line":80,"column":34},"end":{"line":80,"column":null}},"23":{"start":{"line":81,"column":12},"end":{"line":81,"column":null}},"24":{"start":{"line":81,"column":33},"end":{"line":81,"column":null}},"25":{"start":{"line":82,"column":12},"end":{"line":82,"column":null}},"26":{"start":{"line":82,"column":34},"end":{"line":82,"column":null}},"27":{"start":{"line":83,"column":12},"end":{"line":83,"column":null}}},"fnMap":{"0":{"name":"(anonymous_0)","decl":{"start":{"line":36,"column":4},"end":{"line":36,"column":5}},"loc":{"start":{"line":36,"column":19},"end":{"line":87,"column":null}},"line":36},"1":{"name":"(anonymous_1)","decl":{"start":{"line":50,"column":18},"end":{"line":50,"column":19}},"loc":{"start":{"line":50,"column":30},"end":{"line":50,"column":null}},"line":50},"2":{"name":"(anonymous_2)","decl":{"start":{"line":50,"column":34},"end":{"line":50,"column":35}},"loc":{"start":{"line":50,"column":46},"end":{"line":50,"column":82}},"line":50},"3":{"name":"(anonymous_3)","decl":{"start":{"line":52,"column":28},"end":{"line":52,"column":34}},"loc":{"start":{"line":52,"column":34},"end":{"line":52,"column":null}},"line":52},"4":{"name":"(anonymous_4)","decl":{"start":{"line":52,"column":38},"end":{"line":52,"column":39}},"loc":{"start":{"line":52,"column":50},"end":{"line":52,"column":89}},"line":52},"5":{"name":"(anonymous_5)","decl":{"start":{"line":54,"column":22},"end":{"line":54,"column":23}},"loc":{"start":{"line":54,"column":33},"end":{"line":54,"column":null}},"line":54},"6":{"name":"(anonymous_6)","decl":{"start":{"line":56,"column":21},"end":{"line":56,"column":null}},"loc":{"start":{"line":57,"column":8},"end":{"line":63,"column":null}},"line":57},"7":{"name":"(anonymous_7)","decl":{"start":{"line":57,"column":12},"end":{"line":57,"column":13}},"loc":{"start":{"line":57,"column":24},"end":{"line":63,"column":10}},"line":57},"8":{"name":"(anonymous_8)","decl":{"start":{"line":65,"column":22},"end":{"line":65,"column":23}},"loc":{"start":{"line":65,"column":32},"end":{"line":69,"column":null}},"line":65},"9":{"name":"(anonymous_9)","decl":{"start":{"line":71,"column":18},"end":{"line":71,"column":19}},"loc":{"start":{"line":71,"column":28},"end":{"line":86,"column":null}},"line":71},"10":{"name":"(anonymous_10)","decl":{"start":{"line":76,"column":14},"end":{"line":76,"column":15}},"loc":{"start":{"line":76,"column":24},"end":{"line":84,"column":11}},"line":76}},"branchMap":{"0":{"loc":{"start":{"line":75,"column":8},"end":{"line":85,"column":null}},"type":"if","locations":[{"start":{"line":75,"column":8},"end":{"line":85,"column":null}},{"start":{},"end":{}}],"line":75},"1":{"loc":{"start":{"line":78,"column":12},"end":{"line":78,"column":null}},"type":"if","locations":[{"start":{"line":78,"column":12},"end":{"line":78,"column":null}},{"start":{},"end":{}}],"line":78},"2":{"loc":{"start":{"line":79,"column":12},"end":{"line":79,"column":null}},"type":"if","locations":[{"start":{"line":79,"column":12},"end":{"line":79,"column":null}},{"start":{},"end":{}}],"line":79},"3":{"loc":{"start":{"line":80,"column":12},"end":{"line":80,"column":null}},"type":"if","locations":[{"start":{"line":80,"column":12},"end":{"line":80,"column":null}},{"start":{},"end":{}}],"line":80},"4":{"loc":{"start":{"line":81,"column":12},"end":{"line":81,"column":null}},"type":"if","locations":[{"start":{"line":81,"column":12},"end":{"line":81,"column":null}},{"start":{},"end":{}}],"line":81},"5":{"loc":{"start":{"line":82,"column":12},"end":{"line":82,"column":null}},"type":"if","locations":[{"start":{"line":82,"column":12},"end":{"line":82,"column":null}},{"start":{},"end":{}}],"line":82}},"s":{"0":4,"1":4,"2":9,"3":9,"4":4,"5":4,"6":1,"7":1,"8":1,"9":16,"10":16,"11":16,"12":6,"13":6,"14":6,"15":5,"16":5,"17":5,"18":1,"19":5,"20":1,"21":5,"22":1,"23":5,"24":1,"25":5,"26":1,"27":5},"f":{"0":4,"1":9,"2":9,"3":4,"4":4,"5":1,"6":1,"7":1,"8":16,"9":6,"10":5},"b":{"0":[5,1],"1":[1,4],"2":[1,4],"3":[1,4],"4":[1,4],"5":[1,4]},"meta":{"lastBranch":6,"lastFunction":11,"lastStatement":28,"seen":{"s:34:13:94:Infinity":0,"f:36:4:36:5":0,"s:36:19:87:Infinity":1,"f:50:18:50:19":1,"s:50:30:50:Infinity":2,"f:50:34:50:35":2,"s:50:46:50:82":3,"f:52:28:52:34":3,"s:52:34:52:Infinity":4,"f:52:38:52:39":4,"s:52:50:52:89":5,"f:54:22:54:23":5,"s:54:33:54:Infinity":6,"f:56:21:56:Infinity":6,"s:57:8:63:Infinity":7,"f:57:12:57:13":7,"s:57:24:63:10":8,"f:65:22:65:23":8,"s:66:22:66:Infinity":9,"s:67:14:67:Infinity":10,"s:68:8:68:Infinity":11,"f:71:18:71:19":9,"s:72:22:72:Infinity":12,"s:73:21:73:Infinity":13,"b:75:8:85:Infinity:undefined:undefined:undefined:undefined":0,"s:75:8:85:Infinity":14,"s:76:10:84:Infinity":15,"f:76:14:76:15":10,"s:77:48:77:Infinity":16,"b:78:12:78:Infinity:undefined:undefined:undefined:undefined":1,"s:78:12:78:Infinity":17,"s:78:34:78:Infinity":18,"b:79:12:79:Infinity:undefined:undefined:undefined:undefined":2,"s:79:12:79:Infinity":19,"s:79:35:79:Infinity":20,"b:80:12:80:Infinity:undefined:undefined:undefined:undefined":3,"s:80:12:80:Infinity":21,"s:80:34:80:Infinity":22,"b:81:12:81:Infinity:undefined:undefined:undefined:undefined":4,"s:81:12:81:Infinity":23,"s:81:33:81:Infinity":24,"b:82:12:82:Infinity:undefined:undefined:undefined:undefined":5,"s:82:12:82:Infinity":25,"s:82:34:82:Infinity":26,"s:83:12:83:Infinity":27}}}
,"D:\\GitHub\\NanoBotsIdle\\src\\utils.ts": {"path":"D:\\GitHub\\NanoBotsIdle\\src\\utils.ts","statementMap":{"0":{"start":{"line":15,"column":22},"end":{"line":18,"column":null}},"1":{"start":{"line":16,"column":12},"end":{"line":16,"column":null}},"2":{"start":{"line":17,"column":2},"end":{"line":17,"column":null}},"3":{"start":{"line":20,"column":29},"end":{"line":29,"column":null}},"4":{"start":{"line":22,"column":2},"end":{"line":22,"column":null}},"5":{"start":{"line":22,"column":26},"end":{"line":22,"column":null}},"6":{"start":{"line":23,"column":2},"end":{"line":23,"column":null}},"7":{"start":{"line":23,"column":28},"end":{"line":23,"column":null}},"8":{"start":{"line":24,"column":2},"end":{"line":24,"column":null}},"9":{"start":{"line":24,"column":28},"end":{"line":24,"column":null}},"10":{"start":{"line":25,"column":2},"end":{"line":25,"column":null}},"11":{"start":{"line":25,"column":26},"end":{"line":25,"column":null}},"12":{"start":{"line":26,"column":2},"end":{"line":26,"column":null}},"13":{"start":{"line":26,"column":27},"end":{"line":26,"column":null}},"14":{"start":{"line":27,"column":2},"end":{"line":27,"column":null}},"15":{"start":{"line":27,"column":27},"end":{"line":27,"column":null}},"16":{"start":{"line":28,"column":2},"end":{"line":28,"column":null}},"17":{"start":{"line":31,"column":28},"end":{"line":34,"column":null}},"18":{"start":{"line":32,"column":2},"end":{"line":32,"column":null}},"19":{"start":{"line":32,"column":23},"end":{"line":32,"column":null}},"20":{"start":{"line":33,"column":2},"end":{"line":33,"column":null}},"21":{"start":{"line":37,"column":32},"end":{"line":43,"column":null}},"22":{"start":{"line":39,"column":12},"end":{"line":39,"column":null}},"23":{"start":{"line":41,"column":2},"end":{"line":41,"column":null}},"24":{"start":{"line":41,"column":13},"end":{"line":41,"column":null}},"25":{"start":{"line":42,"column":2},"end":{"line":42,"column":null}},"26":{"start":{"line":46,"column":31},"end":{"line":48,"column":null}},"27":{"start":{"line":47,"column":2},"end":{"line":47,"column":null}}},"fnMap":{"0":{"name":"(anonymous_0)","decl":{"start":{"line":15,"column":22},"end":{"line":15,"column":23}},"loc":{"start":{"line":15,"column":40},"end":{"line":18,"column":null}},"line":15},"1":{"name":"(anonymous_1)","decl":{"start":{"line":20,"column":29},"end":{"line":20,"column":30}},"loc":{"start":{"line":20,"column":69},"end":{"line":29,"column":null}},"line":20},"2":{"name":"(anonymous_2)","decl":{"start":{"line":31,"column":28},"end":{"line":31,"column":29}},"loc":{"start":{"line":31,"column":80},"end":{"line":34,"column":null}},"line":31},"3":{"name":"(anonymous_3)","decl":{"start":{"line":37,"column":32},"end":{"line":37,"column":33}},"loc":{"start":{"line":37,"column":66},"end":{"line":43,"column":null}},"line":37},"4":{"name":"(anonymous_4)","decl":{"start":{"line":46,"column":31},"end":{"line":46,"column":32}},"loc":{"start":{"line":46,"column":65},"end":{"line":48,"column":null}},"line":46}},"branchMap":{"0":{"loc":{"start":{"line":20,"column":41},"end":{"line":20,"column":69}},"type":"default-arg","locations":[{"start":{"line":20,"column":54},"end":{"line":20,"column":69}}],"line":20},"1":{"loc":{"start":{"line":22,"column":2},"end":{"line":22,"column":null}},"type":"if","locations":[{"start":{"line":22,"column":2},"end":{"line":22,"column":null}},{"start":{},"end":{}}],"line":22},"2":{"loc":{"start":{"line":23,"column":2},"end":{"line":23,"column":null}},"type":"if","locations":[{"start":{"line":23,"column":2},"end":{"line":23,"column":null}},{"start":{},"end":{}}],"line":23},"3":{"loc":{"start":{"line":24,"column":2},"end":{"line":24,"column":null}},"type":"if","locations":[{"start":{"line":24,"column":2},"end":{"line":24,"column":null}},{"start":{},"end":{}}],"line":24},"4":{"loc":{"start":{"line":25,"column":2},"end":{"line":25,"column":null}},"type":"if","locations":[{"start":{"line":25,"column":2},"end":{"line":25,"column":null}},{"start":{},"end":{}}],"line":25},"5":{"loc":{"start":{"line":26,"column":2},"end":{"line":26,"column":null}},"type":"if","locations":[{"start":{"line":26,"column":2},"end":{"line":26,"column":null}},{"start":{},"end":{}}],"line":26},"6":{"loc":{"start":{"line":27,"column":2},"end":{"line":27,"column":null}},"type":"if","locations":[{"start":{"line":27,"column":2},"end":{"line":27,"column":null}},{"start":{},"end":{}}],"line":27},"7":{"loc":{"start":{"line":31,"column":40},"end":{"line":31,"column":80}},"type":"default-arg","locations":[{"start":{"line":31,"column":53},"end":{"line":31,"column":80}}],"line":31},"8":{"loc":{"start":{"line":32,"column":2},"end":{"line":32,"column":null}},"type":"if","locations":[{"start":{"line":32,"column":2},"end":{"line":32,"column":null}},{"start":{},"end":{}}],"line":32},"9":{"loc":{"start":{"line":41,"column":2},"end":{"line":41,"column":null}},"type":"if","locations":[{"start":{"line":41,"column":2},"end":{"line":41,"column":null}},{"start":{},"end":{}}],"line":41}},"s":{"0":9,"1":0,"2":0,"3":9,"4":1852907,"5":2109,"6":1850798,"7":1850798,"8":1844169,"9":1844169,"10":1833990,"11":1833990,"12":1797905,"13":1797905,"14":1526911,"15":1526911,"16":879137,"17":9,"18":0,"19":0,"20":0,"21":9,"22":0,"23":0,"24":0,"25":0,"26":9,"27":0},"f":{"0":0,"1":1852907,"2":0,"3":0,"4":0},"b":{"0":[1852907],"1":[2109,1850798],"2":[6629,1844169],"3":[10179,1833990],"4":[36085,1797905],"5":[270994,1526911],"6":[647774,879137],"7":[0],"8":[0,0],"9":[0,0]},"meta":{"lastBranch":10,"lastFunction":5,"lastStatement":28,"seen":{"s:15:22:18:Infinity":0,"f:15:22:15:23":0,"s:16:12:16:Infinity":1,"s:17:2:17:Infinity":2,"s:20:29:29:Infinity":3,"f:20:29:20:30":1,"b:20:54:20:69":0,"b:22:2:22:Infinity:undefined:undefined:undefined:undefined":1,"s:22:2:22:Infinity":4,"s:22:26:22:Infinity":5,"b:23:2:23:Infinity:undefined:undefined:undefined:undefined":2,"s:23:2:23:Infinity":6,"s:23:28:23:Infinity":7,"b:24:2:24:Infinity:undefined:undefined:undefined:undefined":3,"s:24:2:24:Infinity":8,"s:24:28:24:Infinity":9,"b:25:2:25:Infinity:undefined:undefined:undefined:undefined":4,"s:25:2:25:Infinity":10,"s:25:26:25:Infinity":11,"b:26:2:26:Infinity:undefined:undefined:undefined:undefined":5,"s:26:2:26:Infinity":12,"s:26:27:26:Infinity":13,"b:27:2:27:Infinity:undefined:undefined:undefined:undefined":6,"s:27:2:27:Infinity":14,"s:27:27:27:Infinity":15,"s:28:2:28:Infinity":16,"s:31:28:34:Infinity":17,"f:31:28:31:29":2,"b:31:53:31:80":7,"b:32:2:32:Infinity:undefined:undefined:undefined:undefined":8,"s:32:2:32:Infinity":18,"s:32:23:32:Infinity":19,"s:33:2:33:Infinity":20,"s:37:32:43:Infinity":21,"f:37:32:37:33":3,"s:39:12:39:Infinity":22,"b:41:2:41:Infinity:undefined:undefined:undefined:undefined":9,"s:41:2:41:Infinity":23,"s:41:13:41:Infinity":24,"s:42:2:42:Infinity":25,"s:46:31:48:Infinity":26,"f:46:31:46:32":4,"s:47:2:47:Infinity":27}}}
,"D:\\GitHub\\NanoBotsIdle\\src\\components\\DynamicResScaler.tsx": {"path":"D:\\GitHub\\NanoBotsIdle\\src\\components\\DynamicResScaler.tsx","statementMap":{"0":{"start":{"line":10,"column":23},"end":{"line":10,"column":null}},"1":{"start":{"line":12,"column":36},"end":{"line":59,"column":null}},"2":{"start":{"line":13,"column":8},"end":{"line":13,"column":null}},"3":{"start":{"line":13,"column":37},"end":{"line":13,"column":49}},"4":{"start":{"line":14,"column":8},"end":{"line":14,"column":null}},"5":{"start":{"line":15,"column":8},"end":{"line":15,"column":null}},"6":{"start":{"line":16,"column":8},"end":{"line":16,"column":null}},"7":{"start":{"line":17,"column":8},"end":{"line":17,"column":null}},"8":{"start":{"line":18,"column":8},"end":{"line":18,"column":null}},"9":{"start":{"line":20,"column":2},"end":{"line":27,"column":null}},"10":{"start":{"line":22,"column":4},"end":{"line":22,"column":null}},"11":{"start":{"line":23,"column":4},"end":{"line":23,"column":null}},"12":{"start":{"line":26,"column":4},"end":{"line":26,"column":null}},"13":{"start":{"line":29,"column":2},"end":{"line":55,"column":null}},"14":{"start":{"line":30,"column":4},"end":{"line":30,"column":null}},"15":{"start":{"line":31,"column":17},"end":{"line":31,"column":null}},"16":{"start":{"line":32,"column":20},"end":{"line":32,"column":null}},"17":{"start":{"line":34,"column":4},"end":{"line":54,"column":null}},"18":{"start":{"line":35,"column":18},"end":{"line":35,"column":null}},"19":{"start":{"line":36,"column":24},"end":{"line":36,"column":null}},"20":{"start":{"line":38,"column":6},"end":{"line":38,"column":null}},"21":{"start":{"line":39,"column":6},"end":{"line":39,"column":null}},"22":{"start":{"line":42,"column":6},"end":{"line":45,"column":null}},"23":{"start":{"line":43,"column":8},"end":{"line":43,"column":null}},"24":{"start":{"line":44,"column":8},"end":{"line":44,"column":null}},"25":{"start":{"line":47,"column":12},"end":{"line":47,"column":null}},"26":{"start":{"line":49,"column":6},"end":{"line":53,"column":null}},"27":{"start":{"line":50,"column":8},"end":{"line":50,"column":null}},"28":{"start":{"line":51,"column":8},"end":{"line":51,"column":null}},"29":{"start":{"line":52,"column":8},"end":{"line":52,"column":null}},"30":{"start":{"line":58,"column":2},"end":{"line":58,"column":null}}},"fnMap":{"0":{"name":"(anonymous_0)","decl":{"start":{"line":12,"column":36},"end":{"line":12,"column":42}},"loc":{"start":{"line":12,"column":42},"end":{"line":59,"column":null}},"line":12},"1":{"name":"(anonymous_1)","decl":{"start":{"line":13,"column":26},"end":{"line":13,"column":27}},"loc":{"start":{"line":13,"column":37},"end":{"line":13,"column":49}},"line":13},"2":{"name":"(anonymous_2)","decl":{"start":{"line":20,"column":12},"end":{"line":20,"column":18}},"loc":{"start":{"line":20,"column":18},"end":{"line":27,"column":5}},"line":20},"3":{"name":"(anonymous_3)","decl":{"start":{"line":29,"column":11},"end":{"line":29,"column":17}},"loc":{"start":{"line":29,"column":17},"end":{"line":55,"column":3}},"line":29}},"branchMap":{"0":{"loc":{"start":{"line":34,"column":4},"end":{"line":54,"column":null}},"type":"if","locations":[{"start":{"line":34,"column":4},"end":{"line":54,"column":null}},{"start":{},"end":{}}],"line":34},"1":{"loc":{"start":{"line":42,"column":6},"end":{"line":45,"column":null}},"type":"if","locations":[{"start":{"line":42,"column":6},"end":{"line":45,"column":null}},{"start":{},"end":{}}],"line":42},"2":{"loc":{"start":{"line":49,"column":6},"end":{"line":53,"column":null}},"type":"if","locations":[{"start":{"line":49,"column":6},"end":{"line":53,"column":null}},{"start":{},"end":{}}],"line":49}},"s":{"0":2,"1":2,"2":1,"3":1,"4":1,"5":1,"6":1,"7":1,"8":1,"9":1,"10":1,"11":1,"12":1,"13":1,"14":11,"15":11,"16":11,"17":11,"18":1,"19":1,"20":1,"21":1,"22":1,"23":0,"24":0,"25":1,"26":1,"27":1,"28":1,"29":1,"30":1},"f":{"0":1,"1":1,"2":1,"3":11},"b":{"0":[1,10],"1":[0,1],"2":[1,0]},"meta":{"lastBranch":3,"lastFunction":4,"lastStatement":31,"seen":{"s:10:23:10:Infinity":0,"s:12:36:59:Infinity":1,"f:12:36:12:42":0,"s:13:8:13:Infinity":2,"f:13:26:13:27":1,"s:13:37:13:49":3,"s:14:8:14:Infinity":4,"s:15:8:15:Infinity":5,"s:16:8:16:Infinity":6,"s:17:8:17:Infinity":7,"s:18:8:18:Infinity":8,"s:20:2:27:Infinity":9,"f:20:12:20:18":2,"s:22:4:22:Infinity":10,"s:23:4:23:Infinity":11,"s:26:4:26:Infinity":12,"s:29:2:55:Infinity":13,"f:29:11:29:17":3,"s:30:4:30:Infinity":14,"s:31:17:31:Infinity":15,"s:32:20:32:Infinity":16,"b:34:4:54:Infinity:undefined:undefined:undefined:undefined":0,"s:34:4:54:Infinity":17,"s:35:18:35:Infinity":18,"s:36:24:36:Infinity":19,"s:38:6:38:Infinity":20,"s:39:6:39:Infinity":21,"b:42:6:45:Infinity:undefined:undefined:undefined:undefined":1,"s:42:6:45:Infinity":22,"s:43:8:43:Infinity":23,"s:44:8:44:Infinity":24,"s:47:12:47:Infinity":25,"b:49:6:53:Infinity:undefined:undefined:undefined:undefined":2,"s:49:6:53:Infinity":26,"s:50:8:50:Infinity":27,"s:51:8:51:Infinity":28,"s:52:8:52:Infinity":29,"s:58:2:58:Infinity":30}}}
,"D:\\GitHub\\NanoBotsIdle\\src\\components\\world\\chunkHelpers.ts": {"path":"D:\\GitHub\\NanoBotsIdle\\src\\components\\world\\chunkHelpers.ts","statementMap":{"0":{"start":{"line":3,"column":24},"end":{"line":3,"column":null}},"1":{"start":{"line":3,"column":64},"end":{"line":3,"column":null}},"2":{"start":{"line":5,"column":12},"end":{"line":5,"column":null}},"3":{"start":{"line":5,"column":28},"end":{"line":5,"column":null}},"4":{"start":{"line":7,"column":35},"end":{"line":34,"column":null}},"5":{"start":{"line":15,"column":61},"end":{"line":15,"column":null}},"6":{"start":{"line":17,"column":15},"end":{"line":17,"column":null}},"7":{"start":{"line":18,"column":16},"end":{"line":18,"column":null}},"8":{"start":{"line":19,"column":16},"end":{"line":19,"column":null}},"9":{"start":{"line":20,"column":16},"end":{"line":20,"column":null}},"10":{"start":{"line":22,"column":2},"end":{"line":33,"column":null}},"11":{"start":{"line":22,"column":15},"end":{"line":22,"column":18}},"12":{"start":{"line":23,"column":4},"end":{"line":32,"column":null}},"13":{"start":{"line":23,"column":17},"end":{"line":23,"column":20}},"14":{"start":{"line":24,"column":6},"end":{"line":31,"column":null}},"15":{"start":{"line":24,"column":19},"end":{"line":24,"column":22}},"16":{"start":{"line":25,"column":19},"end":{"line":25,"column":null}},"17":{"start":{"line":26,"column":19},"end":{"line":26,"column":null}},"18":{"start":{"line":27,"column":19},"end":{"line":27,"column":null}},"19":{"start":{"line":28,"column":8},"end":{"line":30,"column":null}},"20":{"start":{"line":29,"column":10},"end":{"line":29,"column":null}},"21":{"start":{"line":36,"column":49},"end":{"line":59,"column":null}},"22":{"start":{"line":43,"column":43},"end":{"line":43,"column":null}},"23":{"start":{"line":45,"column":13},"end":{"line":45,"column":null}},"24":{"start":{"line":46,"column":13},"end":{"line":46,"column":null}},"25":{"start":{"line":47,"column":13},"end":{"line":47,"column":null}},"26":{"start":{"line":49,"column":13},"end":{"line":49,"column":null}},"27":{"start":{"line":50,"column":13},"end":{"line":50,"column":null}},"28":{"start":{"line":51,"column":13},"end":{"line":51,"column":null}},"29":{"start":{"line":53,"column":2},"end":{"line":53,"column":null}},"30":{"start":{"line":53,"column":16},"end":{"line":53,"column":null}},"31":{"start":{"line":54,"column":2},"end":{"line":54,"column":null}},"32":{"start":{"line":54,"column":28},"end":{"line":54,"column":null}},"33":{"start":{"line":55,"column":2},"end":{"line":55,"column":null}},"34":{"start":{"line":55,"column":16},"end":{"line":55,"column":null}},"35":{"start":{"line":56,"column":2},"end":{"line":56,"column":null}},"36":{"start":{"line":56,"column":28},"end":{"line":56,"column":null}},"37":{"start":{"line":57,"column":2},"end":{"line":57,"column":null}},"38":{"start":{"line":57,"column":16},"end":{"line":57,"column":null}},"39":{"start":{"line":58,"column":2},"end":{"line":58,"column":null}},"40":{"start":{"line":58,"column":28},"end":{"line":58,"column":null}}},"fnMap":{"0":{"name":"(anonymous_0)","decl":{"start":{"line":3,"column":24},"end":{"line":3,"column":25}},"loc":{"start":{"line":3,"column":64},"end":{"line":3,"column":null}},"line":3},"1":{"name":"(anonymous_1)","decl":{"start":{"line":5,"column":12},"end":{"line":5,"column":13}},"loc":{"start":{"line":5,"column":28},"end":{"line":5,"column":null}},"line":5},"2":{"name":"(anonymous_2)","decl":{"start":{"line":7,"column":35},"end":{"line":7,"column":36}},"loc":{"start":{"line":14,"column":6},"end":{"line":34,"column":null}},"line":14},"3":{"name":"(anonymous_3)","decl":{"start":{"line":36,"column":49},"end":{"line":36,"column":50}},"loc":{"start":{"line":42,"column":6},"end":{"line":59,"column":null}},"line":42}},"branchMap":{"0":{"loc":{"start":{"line":28,"column":8},"end":{"line":30,"column":null}},"type":"if","locations":[{"start":{"line":28,"column":8},"end":{"line":30,"column":null}},{"start":{},"end":{}}],"line":28},"1":{"loc":{"start":{"line":53,"column":2},"end":{"line":53,"column":null}},"type":"if","locations":[{"start":{"line":53,"column":2},"end":{"line":53,"column":null}},{"start":{},"end":{}}],"line":53},"2":{"loc":{"start":{"line":54,"column":2},"end":{"line":54,"column":null}},"type":"if","locations":[{"start":{"line":54,"column":2},"end":{"line":54,"column":null}},{"start":{},"end":{}}],"line":54},"3":{"loc":{"start":{"line":55,"column":2},"end":{"line":55,"column":null}},"type":"if","locations":[{"start":{"line":55,"column":2},"end":{"line":55,"column":null}},{"start":{},"end":{}}],"line":55},"4":{"loc":{"start":{"line":56,"column":2},"end":{"line":56,"column":null}},"type":"if","locations":[{"start":{"line":56,"column":2},"end":{"line":56,"column":null}},{"start":{},"end":{}}],"line":56},"5":{"loc":{"start":{"line":57,"column":2},"end":{"line":57,"column":null}},"type":"if","locations":[{"start":{"line":57,"column":2},"end":{"line":57,"column":null}},{"start":{},"end":{}}],"line":57},"6":{"loc":{"start":{"line":58,"column":2},"end":{"line":58,"column":null}},"type":"if","locations":[{"start":{"line":58,"column":2},"end":{"line":58,"column":null}},{"start":{},"end":{}}],"line":58}},"s":{"0":6,"1":2185,"2":6,"3":21,"4":6,"5":2,"6":2,"7":2,"8":2,"9":2,"10":2,"11":2,"12":4,"13":4,"14":8,"15":8,"16":16,"17":16,"18":16,"19":16,"20":1,"21":6,"22":7,"23":7,"24":7,"25":7,"26":7,"27":7,"28":7,"29":7,"30":1,"31":7,"32":1,"33":7,"34":1,"35":7,"36":1,"37":7,"38":1,"39":7,"40":1},"f":{"0":2185,"1":21,"2":2,"3":7},"b":{"0":[1,15],"1":[1,6],"2":[1,6],"3":[1,6],"4":[1,6],"5":[1,6],"6":[1,6]},"meta":{"lastBranch":7,"lastFunction":4,"lastStatement":41,"seen":{"s:3:24:3:Infinity":0,"f:3:24:3:25":0,"s:3:64:3:Infinity":1,"s:5:12:5:Infinity":2,"f:5:12:5:13":1,"s:5:28:5:Infinity":3,"s:7:35:34:Infinity":4,"f:7:35:7:36":2,"s:15:61:15:Infinity":5,"s:17:15:17:Infinity":6,"s:18:16:18:Infinity":7,"s:19:16:19:Infinity":8,"s:20:16:20:Infinity":9,"s:22:2:33:Infinity":10,"s:22:15:22:18":11,"s:23:4:32:Infinity":12,"s:23:17:23:20":13,"s:24:6:31:Infinity":14,"s:24:19:24:22":15,"s:25:19:25:Infinity":16,"s:26:19:26:Infinity":17,"s:27:19:27:Infinity":18,"b:28:8:30:Infinity:undefined:undefined:undefined:undefined":0,"s:28:8:30:Infinity":19,"s:29:10:29:Infinity":20,"s:36:49:59:Infinity":21,"f:36:49:36:50":3,"s:43:43:43:Infinity":22,"s:45:13:45:Infinity":23,"s:46:13:46:Infinity":24,"s:47:13:47:Infinity":25,"s:49:13:49:Infinity":26,"s:50:13:50:Infinity":27,"s:51:13:51:Infinity":28,"b:53:2:53:Infinity:undefined:undefined:undefined:undefined":1,"s:53:2:53:Infinity":29,"s:53:16:53:Infinity":30,"b:54:2:54:Infinity:undefined:undefined:undefined:undefined":2,"s:54:2:54:Infinity":31,"s:54:28:54:Infinity":32,"b:55:2:55:Infinity:undefined:undefined:undefined:undefined":3,"s:55:2:55:Infinity":33,"s:55:16:55:Infinity":34,"b:56:2:56:Infinity:undefined:undefined:undefined:undefined":4,"s:56:2:56:Infinity":35,"s:56:28:56:Infinity":36,"b:57:2:57:Infinity:undefined:undefined:undefined:undefined":5,"s:57:2:57:Infinity":37,"s:57:16:57:Infinity":38,"b:58:2:58:Infinity:undefined:undefined:undefined:undefined":6,"s:58:2:58:Infinity":39,"s:58:28:58:Infinity":40}}}
,"D:\\GitHub\\NanoBotsIdle\\src\\components\\world\\instancedVoxels\\voxelInstanceStore.ts": {"path":"D:\\GitHub\\NanoBotsIdle\\src\\components\\world\\instancedVoxels\\voxelInstanceStore.ts","statementMap":{"0":{"start":{"line":9,"column":40},"end":{"line":11,"column":null}},"1":{"start":{"line":10,"column":2},"end":{"line":10,"column":null}},"2":{"start":{"line":13,"column":31},"end":{"line":23,"column":null}},"3":{"start":{"line":14,"column":8},"end":{"line":14,"column":null}},"4":{"start":{"line":15,"column":2},"end":{"line":15,"column":null}},"5":{"start":{"line":15,"column":33},"end":{"line":15,"column":null}},"6":{"start":{"line":17,"column":16},"end":{"line":17,"column":null}},"7":{"start":{"line":18,"column":2},"end":{"line":18,"column":null}},"8":{"start":{"line":19,"column":2},"end":{"line":19,"column":null}},"9":{"start":{"line":20,"column":2},"end":{"line":20,"column":null}},"10":{"start":{"line":22,"column":2},"end":{"line":22,"column":null}},"11":{"start":{"line":25,"column":36},"end":{"line":59,"column":null}},"12":{"start":{"line":31,"column":8},"end":{"line":31,"column":null}},"13":{"start":{"line":32,"column":16},"end":{"line":32,"column":null}},"14":{"start":{"line":33,"column":2},"end":{"line":33,"column":null}},"15":{"start":{"line":33,"column":27},"end":{"line":33,"column":null}},"16":{"start":{"line":35,"column":20},"end":{"line":35,"column":null}},"17":{"start":{"line":37,"column":58},"end":{"line":37,"column":null}},"18":{"start":{"line":39,"column":2},"end":{"line":52,"column":null}},"19":{"start":{"line":40,"column":22},"end":{"line":40,"column":null}},"20":{"start":{"line":41,"column":21},"end":{"line":41,"column":null}},"21":{"start":{"line":42,"column":18},"end":{"line":42,"column":null}},"22":{"start":{"line":43,"column":18},"end":{"line":43,"column":null}},"23":{"start":{"line":44,"column":18},"end":{"line":44,"column":null}},"24":{"start":{"line":46,"column":4},"end":{"line":46,"column":null}},"25":{"start":{"line":47,"column":4},"end":{"line":47,"column":null}},"26":{"start":{"line":48,"column":4},"end":{"line":48,"column":null}},"27":{"start":{"line":50,"column":4},"end":{"line":50,"column":null}},"28":{"start":{"line":51,"column":4},"end":{"line":51,"column":null}},"29":{"start":{"line":54,"column":2},"end":{"line":54,"column":null}},"30":{"start":{"line":55,"column":2},"end":{"line":55,"column":null}},"31":{"start":{"line":56,"column":2},"end":{"line":56,"column":null}},"32":{"start":{"line":58,"column":2},"end":{"line":58,"column":null}},"33":{"start":{"line":61,"column":31},"end":{"line":65,"column":null}},"34":{"start":{"line":62,"column":2},"end":{"line":62,"column":null}},"35":{"start":{"line":63,"column":2},"end":{"line":63,"column":null}},"36":{"start":{"line":64,"column":2},"end":{"line":64,"column":null}}},"fnMap":{"0":{"name":"(anonymous_0)","decl":{"start":{"line":9,"column":40},"end":{"line":9,"column":66}},"loc":{"start":{"line":9,"column":66},"end":{"line":11,"column":null}},"line":9},"1":{"name":"(anonymous_1)","decl":{"start":{"line":13,"column":31},"end":{"line":13,"column":32}},"loc":{"start":{"line":13,"column":95},"end":{"line":23,"column":null}},"line":13},"2":{"name":"(anonymous_2)","decl":{"start":{"line":25,"column":36},"end":{"line":25,"column":null}},"loc":{"start":{"line":30,"column":5},"end":{"line":59,"column":null}},"line":30},"3":{"name":"(anonymous_3)","decl":{"start":{"line":61,"column":31},"end":{"line":61,"column":32}},"loc":{"start":{"line":61,"column":62},"end":{"line":65,"column":null}},"line":61}},"branchMap":{"0":{"loc":{"start":{"line":15,"column":2},"end":{"line":15,"column":null}},"type":"if","locations":[{"start":{"line":15,"column":2},"end":{"line":15,"column":null}},{"start":{},"end":{}}],"line":15},"1":{"loc":{"start":{"line":33,"column":2},"end":{"line":33,"column":null}},"type":"if","locations":[{"start":{"line":33,"column":2},"end":{"line":33,"column":null}},{"start":{},"end":{}}],"line":33},"2":{"loc":{"start":{"line":39,"column":2},"end":{"line":52,"column":null}},"type":"if","locations":[{"start":{"line":39,"column":2},"end":{"line":52,"column":null}},{"start":{},"end":{}}],"line":39}},"s":{"0":1,"1":2,"2":1,"3":5,"4":5,"5":1,"6":4,"7":4,"8":4,"9":4,"10":4,"11":1,"12":3,"13":3,"14":3,"15":0,"16":3,"17":3,"18":3,"19":2,"20":2,"21":2,"22":2,"23":2,"24":2,"25":2,"26":2,"27":2,"28":2,"29":3,"30":3,"31":3,"32":3,"33":1,"34":0,"35":0,"36":0},"f":{"0":2,"1":5,"2":3,"3":0},"b":{"0":[1,4],"1":[0,3],"2":[2,1]},"meta":{"lastBranch":3,"lastFunction":4,"lastStatement":37,"seen":{"s:9:40:11:Infinity":0,"f:9:40:9:66":0,"s:10:2:10:Infinity":1,"s:13:31:23:Infinity":2,"f:13:31:13:32":1,"s:14:8:14:Infinity":3,"b:15:2:15:Infinity:undefined:undefined:undefined:undefined":0,"s:15:2:15:Infinity":4,"s:15:33:15:Infinity":5,"s:17:16:17:Infinity":6,"s:18:2:18:Infinity":7,"s:19:2:19:Infinity":8,"s:20:2:20:Infinity":9,"s:22:2:22:Infinity":10,"s:25:36:59:Infinity":11,"f:25:36:25:Infinity":2,"s:31:8:31:Infinity":12,"s:32:16:32:Infinity":13,"b:33:2:33:Infinity:undefined:undefined:undefined:undefined":1,"s:33:2:33:Infinity":14,"s:33:27:33:Infinity":15,"s:35:20:35:Infinity":16,"s:37:58:37:Infinity":17,"b:39:2:52:Infinity:undefined:undefined:undefined:undefined":2,"s:39:2:52:Infinity":18,"s:40:22:40:Infinity":19,"s:41:21:41:Infinity":20,"s:42:18:42:Infinity":21,"s:43:18:43:Infinity":22,"s:44:18:44:Infinity":23,"s:46:4:46:Infinity":24,"s:47:4:47:Infinity":25,"s:48:4:48:Infinity":26,"s:50:4:50:Infinity":27,"s:51:4:51:Infinity":28,"s:54:2:54:Infinity":29,"s:55:2:55:Infinity":30,"s:56:2:56:Infinity":31,"s:58:2:58:Infinity":32,"s:61:31:65:Infinity":33,"f:61:31:61:32":3,"s:62:2:62:Infinity":34,"s:63:2:63:Infinity":35,"s:64:2:64:Infinity":36}}}
,"D:\\GitHub\\NanoBotsIdle\\src\\config\\drones.ts": {"path":"D:\\GitHub\\NanoBotsIdle\\src\\config\\drones.ts","statementMap":{"0":{"start":{"line":57,"column":49},"end":{"line":111,"column":null}},"1":{"start":{"line":115,"column":33},"end":{"line":118,"column":null}},"2":{"start":{"line":116,"column":2},"end":{"line":116,"column":null}},"3":{"start":{"line":116,"column":12},"end":{"line":116,"column":null}},"4":{"start":{"line":117,"column":2},"end":{"line":117,"column":null}},"5":{"start":{"line":120,"column":31},"end":{"line":126,"column":null}},"6":{"start":{"line":121,"column":2},"end":{"line":121,"column":null}},"7":{"start":{"line":121,"column":12},"end":{"line":121,"column":null}},"8":{"start":{"line":122,"column":2},"end":{"line":125,"column":null}},"9":{"start":{"line":128,"column":29},"end":{"line":131,"column":null}},"10":{"start":{"line":129,"column":2},"end":{"line":129,"column":null}},"11":{"start":{"line":129,"column":12},"end":{"line":129,"column":null}},"12":{"start":{"line":130,"column":2},"end":{"line":130,"column":null}}},"fnMap":{"0":{"name":"(anonymous_0)","decl":{"start":{"line":115,"column":33},"end":{"line":115,"column":34}},"loc":{"start":{"line":115,"column":66},"end":{"line":118,"column":null}},"line":115},"1":{"name":"(anonymous_1)","decl":{"start":{"line":120,"column":31},"end":{"line":120,"column":32}},"loc":{"start":{"line":120,"column":64},"end":{"line":126,"column":null}},"line":120},"2":{"name":"(anonymous_2)","decl":{"start":{"line":128,"column":29},"end":{"line":128,"column":30}},"loc":{"start":{"line":128,"column":62},"end":{"line":131,"column":null}},"line":128}},"branchMap":{"0":{"loc":{"start":{"line":116,"column":2},"end":{"line":116,"column":null}},"type":"if","locations":[{"start":{"line":116,"column":2},"end":{"line":116,"column":null}},{"start":{},"end":{}}],"line":116},"1":{"loc":{"start":{"line":121,"column":2},"end":{"line":121,"column":null}},"type":"if","locations":[{"start":{"line":121,"column":2},"end":{"line":121,"column":null}},{"start":{},"end":{}}],"line":121},"2":{"loc":{"start":{"line":129,"column":2},"end":{"line":129,"column":null}},"type":"if","locations":[{"start":{"line":129,"column":2},"end":{"line":129,"column":null}},{"start":{},"end":{}}],"line":129}},"s":{"0":25,"1":25,"2":2,"3":0,"4":2,"5":25,"6":2,"7":0,"8":2,"9":25,"10":0,"11":0,"12":0},"f":{"0":2,"1":2,"2":0},"b":{"0":[0,2],"1":[0,2],"2":[0,0]},"meta":{"lastBranch":3,"lastFunction":3,"lastStatement":13,"seen":{"s:57:49:111:Infinity":0,"s:115:33:118:Infinity":1,"f:115:33:115:34":0,"b:116:2:116:Infinity:undefined:undefined:undefined:undefined":0,"s:116:2:116:Infinity":2,"s:116:12:116:Infinity":3,"s:117:2:117:Infinity":4,"s:120:31:126:Infinity":5,"f:120:31:120:32":1,"b:121:2:121:Infinity:undefined:undefined:undefined:undefined":1,"s:121:2:121:Infinity":6,"s:121:12:121:Infinity":7,"s:122:2:125:Infinity":8,"s:128:29:131:Infinity":9,"f:128:29:128:30":2,"b:129:2:129:Infinity:undefined:undefined:undefined:undefined":2,"s:129:2:129:Infinity":10,"s:129:12:129:Infinity":11,"s:130:2:130:Infinity":12}}}
,"D:\\GitHub\\NanoBotsIdle\\src\\config\\economy.ts": {"path":"D:\\GitHub\\NanoBotsIdle\\src\\config\\economy.ts","statementMap":{"0":{"start":{"line":12,"column":51},"end":{"line":21,"column":null}}},"fnMap":{},"branchMap":{},"s":{"0":25},"f":{},"b":{},"meta":{"lastBranch":0,"lastFunction":0,"lastStatement":1,"seen":{"s:12:51:21:Infinity":0}}}
,"D:\\GitHub\\NanoBotsIdle\\src\\config\\env.ts": {"path":"D:\\GitHub\\NanoBotsIdle\\src\\config\\env.ts","statementMap":{"0":{"start":{"line":3,"column":32},"end":{"line":20,"column":null}},"1":{"start":{"line":4,"column":29},"end":{"line":4,"column":null}},"2":{"start":{"line":5,"column":2},"end":{"line":18,"column":null}},"3":{"start":{"line":6,"column":4},"end":{"line":6,"column":null}},"4":{"start":{"line":6,"column":12},"end":{"line":6,"column":null}},"5":{"start":{"line":8,"column":4},"end":{"line":8,"column":null}},"6":{"start":{"line":8,"column":32},"end":{"line":8,"column":null}},"7":{"start":{"line":9,"column":16},"end":{"line":9,"column":null}},"8":{"start":{"line":10,"column":18},"end":{"line":10,"column":null}},"9":{"start":{"line":10,"column":44},"end":{"line":10,"column":59}},"10":{"start":{"line":11,"column":4},"end":{"line":11,"column":null}},"11":{"start":{"line":11,"column":26},"end":{"line":11,"column":null}},"12":{"start":{"line":12,"column":21},"end":{"line":12,"column":null}},"13":{"start":{"line":13,"column":17},"end":{"line":13,"column":null}},"14":{"start":{"line":14,"column":22},"end":{"line":14,"column":null}},"15":{"start":{"line":14,"column":58},"end":{"line":14,"column":73}},"16":{"start":{"line":15,"column":4},"end":{"line":15,"column":null}},"17":{"start":{"line":15,"column":28},"end":{"line":15,"column":null}},"18":{"start":{"line":16,"column":16},"end":{"line":16,"column":null}},"19":{"start":{"line":17,"column":4},"end":{"line":17,"column":null}},"20":{"start":{"line":19,"column":2},"end":{"line":19,"column":null}},"21":{"start":{"line":22,"column":34},"end":{"line":23,"column":null}},"22":{"start":{"line":23,"column":2},"end":{"line":23,"column":null}}},"fnMap":{"0":{"name":"(anonymous_0)","decl":{"start":{"line":3,"column":32},"end":{"line":3,"column":33}},"loc":{"start":{"line":3,"column":88},"end":{"line":20,"column":null}},"line":3},"1":{"name":"(anonymous_1)","decl":{"start":{"line":5,"column":30},"end":{"line":5,"column":31}},"loc":{"start":{"line":5,"column":42},"end":{"line":18,"column":3}},"line":5},"2":{"name":"(anonymous_2)","decl":{"start":{"line":10,"column":37},"end":{"line":10,"column":38}},"loc":{"start":{"line":10,"column":44},"end":{"line":10,"column":59}},"line":10},"3":{"name":"(anonymous_3)","decl":{"start":{"line":14,"column":48},"end":{"line":14,"column":49}},"loc":{"start":{"line":14,"column":58},"end":{"line":14,"column":73}},"line":14},"4":{"name":"(anonymous_4)","decl":{"start":{"line":22,"column":34},"end":{"line":22,"column":35}},"loc":{"start":{"line":23,"column":2},"end":{"line":23,"column":null}},"line":23}},"branchMap":{"0":{"loc":{"start":{"line":6,"column":4},"end":{"line":6,"column":null}},"type":"if","locations":[{"start":{"line":6,"column":4},"end":{"line":6,"column":null}},{"start":{},"end":{}}],"line":6},"1":{"loc":{"start":{"line":8,"column":4},"end":{"line":8,"column":null}},"type":"if","locations":[{"start":{"line":8,"column":4},"end":{"line":8,"column":null}},{"start":{},"end":{}}],"line":8},"2":{"loc":{"start":{"line":11,"column":4},"end":{"line":11,"column":null}},"type":"if","locations":[{"start":{"line":11,"column":4},"end":{"line":11,"column":null}},{"start":{},"end":{}}],"line":11},"3":{"loc":{"start":{"line":15,"column":4},"end":{"line":15,"column":null}},"type":"if","locations":[{"start":{"line":15,"column":4},"end":{"line":15,"column":null}},{"start":{},"end":{}}],"line":15},"4":{"loc":{"start":{"line":17,"column":35},"end":{"line":17,"column":null}},"type":"cond-expr","locations":[{"start":{"line":17,"column":55},"end":{"line":17,"column":59}},{"start":{"line":17,"column":59},"end":{"line":17,"column":null}}],"line":17}},"s":{"0":1,"1":1,"2":1,"3":3,"4":0,"5":3,"6":0,"7":3,"8":3,"9":9,"10":3,"11":0,"12":3,"13":3,"14":3,"15":3,"16":3,"17":2,"18":3,"19":3,"20":1,"21":1,"22":0},"f":{"0":1,"1":3,"2":9,"3":3,"4":0},"b":{"0":[0,3],"1":[0,3],"2":[0,3],"3":[2,1],"4":[0,3]},"meta":{"lastBranch":5,"lastFunction":5,"lastStatement":23,"seen":{"s:3:32:20:Infinity":0,"f:3:32:3:33":0,"s:4:29:4:Infinity":1,"s:5:2:18:Infinity":2,"f:5:30:5:31":1,"b:6:4:6:Infinity:undefined:undefined:undefined:undefined":0,"s:6:4:6:Infinity":3,"s:6:12:6:Infinity":4,"b:8:4:8:Infinity:undefined:undefined:undefined:undefined":1,"s:8:4:8:Infinity":5,"s:8:32:8:Infinity":6,"s:9:16:9:Infinity":7,"s:10:18:10:Infinity":8,"f:10:37:10:38":2,"s:10:44:10:59":9,"b:11:4:11:Infinity:undefined:undefined:undefined:undefined":2,"s:11:4:11:Infinity":10,"s:11:26:11:Infinity":11,"s:12:21:12:Infinity":12,"s:13:17:13:Infinity":13,"s:14:22:14:Infinity":14,"f:14:48:14:49":3,"s:14:58:14:73":15,"b:15:4:15:Infinity:undefined:undefined:undefined:undefined":3,"s:15:4:15:Infinity":16,"s:15:28:15:Infinity":17,"s:16:16:16:Infinity":18,"s:17:4:17:Infinity":19,"b:17:55:17:59:17:59:17:Infinity":4,"s:19:2:19:Infinity":20,"s:22:34:23:Infinity":21,"f:22:34:22:35":4,"s:23:2:23:Infinity":22}}}
,"D:\\GitHub\\NanoBotsIdle\\src\\config\\index.ts": {"path":"D:\\GitHub\\NanoBotsIdle\\src\\config\\index.ts","statementMap":{"0":{"start":{"line":27,"column":19},"end":{"line":27,"column":null}},"1":{"start":{"line":29,"column":31},"end":{"line":34,"column":null}},"2":{"start":{"line":30,"column":2},"end":{"line":30,"column":null}},"3":{"start":{"line":31,"column":2},"end":{"line":33,"column":null}},"4":{"start":{"line":32,"column":4},"end":{"line":32,"column":null}},"5":{"start":{"line":36,"column":28},"end":{"line":38,"column":null}},"6":{"start":{"line":37,"column":2},"end":{"line":37,"column":null}},"7":{"start":{"line":37,"column":28},"end":{"line":37,"column":31}},"8":{"start":{"line":45,"column":22},"end":{"line":47,"column":null}},"9":{"start":{"line":46,"column":2},"end":{"line":46,"column":null}},"10":{"start":{"line":49,"column":18},"end":{"line":62,"column":null}},"11":{"start":{"line":50,"column":14},"end":{"line":50,"column":null}},"12":{"start":{"line":51,"column":3},"end":{"line":60,"column":null}},"13":{"start":{"line":52,"column":17},"end":{"line":52,"column":null}},"14":{"start":{"line":53,"column":4},"end":{"line":53,"column":null}},"15":{"start":{"line":53,"column":28},"end":{"line":53,"column":null}},"16":{"start":{"line":54,"column":20},"end":{"line":54,"column":null}},"17":{"start":{"line":55,"column":4},"end":{"line":59,"column":null}},"18":{"start":{"line":56,"column":6},"end":{"line":56,"column":null}},"19":{"start":{"line":58,"column":6},"end":{"line":58,"column":null}},"20":{"start":{"line":61,"column":2},"end":{"line":61,"column":null}},"21":{"start":{"line":64,"column":22},"end":{"line":72,"column":null}},"22":{"start":{"line":74,"column":25},"end":{"line":74,"column":null}},"23":{"start":{"line":74,"column":39},"end":{"line":74,"column":null}},"24":{"start":{"line":76,"column":28},"end":{"line":80,"column":null}},"25":{"start":{"line":77,"column":2},"end":{"line":77,"column":null}},"26":{"start":{"line":78,"column":2},"end":{"line":78,"column":null}},"27":{"start":{"line":79,"column":2},"end":{"line":79,"column":null}},"28":{"start":{"line":82,"column":27},"end":{"line":94,"column":null}},"29":{"start":{"line":83,"column":2},"end":{"line":91,"column":null}},"30":{"start":{"line":92,"column":2},"end":{"line":92,"column":null}},"31":{"start":{"line":93,"column":2},"end":{"line":93,"column":null}}},"fnMap":{"0":{"name":"(anonymous_0)","decl":{"start":{"line":29,"column":31},"end":{"line":29,"column":32}},"loc":{"start":{"line":29,"column":61},"end":{"line":34,"column":null}},"line":29},"1":{"name":"(anonymous_1)","decl":{"start":{"line":31,"column":9},"end":{"line":31,"column":15}},"loc":{"start":{"line":31,"column":15},"end":{"line":33,"column":null}},"line":31},"2":{"name":"(anonymous_2)","decl":{"start":{"line":36,"column":28},"end":{"line":36,"column":34}},"loc":{"start":{"line":36,"column":34},"end":{"line":38,"column":null}},"line":36},"3":{"name":"(anonymous_3)","decl":{"start":{"line":37,"column":21},"end":{"line":37,"column":22}},"loc":{"start":{"line":37,"column":28},"end":{"line":37,"column":31}},"line":37},"4":{"name":"(anonymous_4)","decl":{"start":{"line":45,"column":22},"end":{"line":45,"column":23}},"loc":{"start":{"line":45,"column":64},"end":{"line":47,"column":null}},"line":45},"5":{"name":"(anonymous_5)","decl":{"start":{"line":49,"column":18},"end":{"line":49,"column":19}},"loc":{"start":{"line":49,"column":67},"end":{"line":62,"column":null}},"line":49},"6":{"name":"(anonymous_6)","decl":{"start":{"line":51,"column":58},"end":{"line":51,"column":59}},"loc":{"start":{"line":51,"column":67},"end":{"line":60,"column":3}},"line":51},"7":{"name":"(anonymous_7)","decl":{"start":{"line":74,"column":25},"end":{"line":74,"column":39}},"loc":{"start":{"line":74,"column":39},"end":{"line":74,"column":null}},"line":74},"8":{"name":"(anonymous_8)","decl":{"start":{"line":76,"column":28},"end":{"line":76,"column":29}},"loc":{"start":{"line":76,"column":62},"end":{"line":80,"column":null}},"line":76},"9":{"name":"(anonymous_9)","decl":{"start":{"line":82,"column":27},"end":{"line":82,"column":33}},"loc":{"start":{"line":82,"column":33},"end":{"line":94,"column":null}},"line":82}},"branchMap":{"0":{"loc":{"start":{"line":46,"column":9},"end":{"line":46,"column":null}},"type":"binary-expr","locations":[{"start":{"line":46,"column":9},"end":{"line":46,"column":38}},{"start":{"line":46,"column":38},"end":{"line":46,"column":56}},{"start":{"line":46,"column":56},"end":{"line":46,"column":null}}],"line":46},"1":{"loc":{"start":{"line":51,"column":15},"end":{"line":51,"column":22}},"type":"binary-expr","locations":[{"start":{"line":51,"column":15},"end":{"line":51,"column":20}},{"start":{"line":51,"column":20},"end":{"line":51,"column":22}}],"line":51},"2":{"loc":{"start":{"line":53,"column":4},"end":{"line":53,"column":null}},"type":"if","locations":[{"start":{"line":53,"column":4},"end":{"line":53,"column":null}},{"start":{},"end":{}}],"line":53},"3":{"loc":{"start":{"line":55,"column":4},"end":{"line":59,"column":null}},"type":"if","locations":[{"start":{"line":55,"column":4},"end":{"line":59,"column":null}},{"start":{"line":57,"column":11},"end":{"line":59,"column":null}}],"line":55},"4":{"loc":{"start":{"line":55,"column":8},"end":{"line":55,"column":55}},"type":"binary-expr","locations":[{"start":{"line":55,"column":8},"end":{"line":55,"column":34}},{"start":{"line":55,"column":34},"end":{"line":55,"column":55}}],"line":55}},"s":{"0":25,"1":25,"2":1,"3":1,"4":1,"5":25,"6":89,"7":0,"8":25,"9":426,"10":25,"11":114,"12":114,"13":368,"14":368,"15":0,"16":368,"17":368,"18":58,"19":310,"20":114,"21":25,"22":25,"23":2079310,"24":25,"25":56,"26":56,"27":56,"28":25,"29":33,"30":33,"31":33},"f":{"0":1,"1":1,"2":89,"3":0,"4":426,"5":114,"6":368,"7":2079310,"8":56,"9":33},"b":{"0":[426,116,116],"1":[114,0],"2":[0,368],"3":[58,310],"4":[368,58]},"meta":{"lastBranch":5,"lastFunction":10,"lastStatement":32,"seen":{"s:27:19:27:Infinity":0,"s:29:31:34:Infinity":1,"f:29:31:29:32":0,"s:30:2:30:Infinity":2,"s:31:2:33:Infinity":3,"f:31:9:31:15":1,"s:32:4:32:Infinity":4,"s:36:28:38:Infinity":5,"f:36:28:36:34":2,"s:37:2:37:Infinity":6,"f:37:21:37:22":3,"s:37:28:37:31":7,"s:45:22:47:Infinity":8,"f:45:22:45:23":4,"s:46:2:46:Infinity":9,"b:46:9:46:38:46:38:46:56:46:56:46:Infinity":0,"s:49:18:62:Infinity":10,"f:49:18:49:19":5,"s:50:14:50:Infinity":11,"s:51:3:60:Infinity":12,"b:51:15:51:20:51:20:51:22":1,"f:51:58:51:59":6,"s:52:17:52:Infinity":13,"b:53:4:53:Infinity:undefined:undefined:undefined:undefined":2,"s:53:4:53:Infinity":14,"s:53:28:53:Infinity":15,"s:54:20:54:Infinity":16,"b:55:4:59:Infinity:57:11:59:Infinity":3,"s:55:4:59:Infinity":17,"b:55:8:55:34:55:34:55:55":4,"s:56:6:56:Infinity":18,"s:58:6:58:Infinity":19,"s:61:2:61:Infinity":20,"s:64:22:72:Infinity":21,"s:74:25:74:Infinity":22,"f:74:25:74:39":7,"s:74:39:74:Infinity":23,"s:76:28:80:Infinity":24,"f:76:28:76:29":8,"s:77:2:77:Infinity":25,"s:78:2:78:Infinity":26,"s:79:2:79:Infinity":27,"s:82:27:94:Infinity":28,"f:82:27:82:33":9,"s:83:2:91:Infinity":29,"s:92:2:92:Infinity":30,"s:93:2:93:Infinity":31}}}
,"D:\\GitHub\\NanoBotsIdle\\src\\config\\meshing.ts": {"path":"D:\\GitHub\\NanoBotsIdle\\src\\config\\meshing.ts","statementMap":{"0":{"start":{"line":6,"column":51},"end":{"line":9,"column":null}}},"fnMap":{},"branchMap":{},"s":{"0":25},"f":{},"b":{},"meta":{"lastBranch":0,"lastFunction":0,"lastStatement":1,"seen":{"s:6:51:9:Infinity":0}}}
,"D:\\GitHub\\NanoBotsIdle\\src\\config\\player.ts": {"path":"D:\\GitHub\\NanoBotsIdle\\src\\config\\player.ts","statementMap":{"0":{"start":{"line":17,"column":49},"end":{"line":31,"column":null}}},"fnMap":{},"branchMap":{},"s":{"0":25},"f":{},"b":{},"meta":{"lastBranch":0,"lastFunction":0,"lastStatement":1,"seen":{"s:17:49:31:Infinity":0}}}
,"D:\\GitHub\\NanoBotsIdle\\src\\config\\render.ts": {"path":"D:\\GitHub\\NanoBotsIdle\\src\\config\\render.ts","statementMap":{"0":{"start":{"line":45,"column":32},"end":{"line":45,"column":null}},"1":{"start":{"line":77,"column":49},"end":{"line":128,"column":null}}},"fnMap":{},"branchMap":{},"s":{"0":26,"1":26},"f":{},"b":{},"meta":{"lastBranch":0,"lastFunction":0,"lastStatement":2,"seen":{"s:45:32:45:Infinity":0,"s:77:49:128:Infinity":1}}}
,"D:\\GitHub\\NanoBotsIdle\\src\\config\\telemetry.ts": {"path":"D:\\GitHub\\NanoBotsIdle\\src\\config\\telemetry.ts","statementMap":{"0":{"start":{"line":10,"column":55},"end":{"line":17,"column":null}}},"fnMap":{},"branchMap":{},"s":{"0":25},"f":{},"b":{},"meta":{"lastBranch":0,"lastFunction":0,"lastStatement":1,"seen":{"s:10:55:17:Infinity":0}}}
,"D:\\GitHub\\NanoBotsIdle\\src\\config\\terrain.ts": {"path":"D:\\GitHub\\NanoBotsIdle\\src\\config\\terrain.ts","statementMap":{"0":{"start":{"line":15,"column":51},"end":{"line":26,"column":null}}},"fnMap":{},"branchMap":{},"s":{"0":25},"f":{},"b":{},"meta":{"lastBranch":0,"lastFunction":0,"lastStatement":1,"seen":{"s:15:51:26:Infinity":0}}}
,"D:\\GitHub\\NanoBotsIdle\\src\\config\\useConfig.ts": {"path":"D:\\GitHub\\NanoBotsIdle\\src\\config\\useConfig.ts","statementMap":{"0":{"start":{"line":5,"column":25},"end":{"line":7,"column":null}},"1":{"start":{"line":6,"column":2},"end":{"line":6,"column":null}}},"fnMap":{"0":{"name":"(anonymous_0)","decl":{"start":{"line":5,"column":25},"end":{"line":5,"column":31}},"loc":{"start":{"line":5,"column":31},"end":{"line":7,"column":null}},"line":5}},"branchMap":{},"s":{"0":2,"1":1},"f":{"0":1},"b":{},"meta":{"lastBranch":0,"lastFunction":1,"lastStatement":2,"seen":{"s:5:25:7:Infinity":0,"f:5:25:5:31":0,"s:6:2:6:Infinity":1}}}
,"D:\\GitHub\\NanoBotsIdle\\src\\economy\\upgrades.ts": {"path":"D:\\GitHub\\NanoBotsIdle\\src\\economy\\upgrades.ts","statementMap":{"0":{"start":{"line":11,"column":30},"end":{"line":26,"column":null}},"1":{"start":{"line":12,"column":20},"end":{"line":12,"column":null}},"2":{"start":{"line":14,"column":2},"end":{"line":25,"column":null}},"3":{"start":{"line":16,"column":6},"end":{"line":16,"column":null}},"4":{"start":{"line":18,"column":6},"end":{"line":18,"column":null}},"5":{"start":{"line":20,"column":6},"end":{"line":20,"column":null}},"6":{"start":{"line":22,"column":6},"end":{"line":22,"column":null}},"7":{"start":{"line":24,"column":6},"end":{"line":24,"column":null}},"8":{"start":{"line":28,"column":39},"end":{"line":36,"column":null}},"9":{"start":{"line":29,"column":2},"end":{"line":35,"column":null}},"10":{"start":{"line":38,"column":29},"end":{"line":61,"column":null}},"11":{"start":{"line":39,"column":15},"end":{"line":39,"column":null}},"12":{"start":{"line":40,"column":2},"end":{"line":40,"column":null}},"13":{"start":{"line":40,"column":31},"end":{"line":40,"column":null}},"14":{"start":{"line":42,"column":2},"end":{"line":42,"column":null}},"15":{"start":{"line":44,"column":2},"end":{"line":60,"column":null}},"16":{"start":{"line":46,"column":6},"end":{"line":46,"column":null}},"17":{"start":{"line":47,"column":6},"end":{"line":47,"column":null}},"18":{"start":{"line":49,"column":6},"end":{"line":49,"column":null}},"19":{"start":{"line":50,"column":6},"end":{"line":50,"column":null}},"20":{"start":{"line":52,"column":6},"end":{"line":52,"column":null}},"21":{"start":{"line":53,"column":6},"end":{"line":53,"column":null}},"22":{"start":{"line":55,"column":6},"end":{"line":55,"column":null}},"23":{"start":{"line":56,"column":6},"end":{"line":56,"column":null}},"24":{"start":{"line":58,"column":6},"end":{"line":58,"column":null}},"25":{"start":{"line":59,"column":6},"end":{"line":59,"column":null}}},"fnMap":{"0":{"name":"(anonymous_0)","decl":{"start":{"line":11,"column":30},"end":{"line":11,"column":31}},"loc":{"start":{"line":11,"column":89},"end":{"line":26,"column":null}},"line":11},"1":{"name":"(anonymous_1)","decl":{"start":{"line":28,"column":39},"end":{"line":28,"column":40}},"loc":{"start":{"line":28,"column":79},"end":{"line":36,"column":null}},"line":28},"2":{"name":"(anonymous_2)","decl":{"start":{"line":38,"column":29},"end":{"line":38,"column":30}},"loc":{"start":{"line":38,"column":87},"end":{"line":61,"column":null}},"line":38}},"branchMap":{"0":{"loc":{"start":{"line":14,"column":2},"end":{"line":25,"column":null}},"type":"switch","locations":[{"start":{"line":15,"column":4},"end":{"line":16,"column":null}},{"start":{"line":17,"column":4},"end":{"line":18,"column":null}},{"start":{"line":19,"column":4},"end":{"line":20,"column":null}},{"start":{"line":21,"column":4},"end":{"line":22,"column":null}},{"start":{"line":23,"column":4},"end":{"line":24,"column":null}}],"line":14},"1":{"loc":{"start":{"line":40,"column":2},"end":{"line":40,"column":null}},"type":"if","locations":[{"start":{"line":40,"column":2},"end":{"line":40,"column":null}},{"start":{},"end":{}}],"line":40},"2":{"loc":{"start":{"line":44,"column":2},"end":{"line":60,"column":null}},"type":"switch","locations":[{"start":{"line":45,"column":4},"end":{"line":47,"column":null}},{"start":{"line":48,"column":4},"end":{"line":50,"column":null}},{"start":{"line":51,"column":4},"end":{"line":53,"column":null}},{"start":{"line":54,"column":4},"end":{"line":56,"column":null}},{"start":{"line":57,"column":4},"end":{"line":59,"column":null}}],"line":44}},"s":{"0":5,"1":43,"2":43,"3":15,"4":7,"5":7,"6":7,"7":7,"8":5,"9":1,"10":5,"11":6,"12":6,"13":1,"14":5,"15":5,"16":1,"17":1,"18":1,"19":1,"20":1,"21":1,"22":1,"23":1,"24":1,"25":1},"f":{"0":43,"1":1,"2":6},"b":{"0":[15,7,7,7,7],"1":[1,5],"2":[5,1,1,1,1]},"meta":{"lastBranch":3,"lastFunction":3,"lastStatement":26,"seen":{"s:11:30:26:Infinity":0,"f:11:30:11:31":0,"s:12:20:12:Infinity":1,"b:15:4:16:Infinity:17:4:18:Infinity:19:4:20:Infinity:21:4:22:Infinity:23:4:24:Infinity":0,"s:14:2:25:Infinity":2,"s:16:6:16:Infinity":3,"s:18:6:18:Infinity":4,"s:20:6:20:Infinity":5,"s:22:6:22:Infinity":6,"s:24:6:24:Infinity":7,"s:28:39:36:Infinity":8,"f:28:39:28:40":1,"s:29:2:35:Infinity":9,"s:38:29:61:Infinity":10,"f:38:29:38:30":2,"s:39:15:39:Infinity":11,"b:40:2:40:Infinity:undefined:undefined:undefined:undefined":1,"s:40:2:40:Infinity":12,"s:40:31:40:Infinity":13,"s:42:2:42:Infinity":14,"b:45:4:47:Infinity:48:4:50:Infinity:51:4:53:Infinity:54:4:56:Infinity:57:4:59:Infinity":2,"s:44:2:60:Infinity":15,"s:46:6:46:Infinity":16,"s:47:6:47:Infinity":17,"s:49:6:49:Infinity":18,"s:50:6:50:Infinity":19,"s:52:6:52:Infinity":20,"s:53:6:53:Infinity":21,"s:55:6:55:Infinity":22,"s:56:6:56:Infinity":23,"s:58:6:58:Infinity":24,"s:59:6:59:Infinity":25}}}
,"D:\\GitHub\\NanoBotsIdle\\src\\engine\\world\\initWorld.ts": {"path":"D:\\GitHub\\NanoBotsIdle\\src\\engine\\world\\initWorld.ts","statementMap":{"0":{"start":{"line":13,"column":36},"end":{"line":42,"column":null}},"1":{"start":{"line":14,"column":8},"end":{"line":14,"column":null}},"2":{"start":{"line":15,"column":21},"end":{"line":15,"column":null}},"3":{"start":{"line":16,"column":20},"end":{"line":16,"column":null}},"4":{"start":{"line":18,"column":2},"end":{"line":31,"column":null}},"5":{"start":{"line":18,"column":21},"end":{"line":18,"column":24}},"6":{"start":{"line":19,"column":26},"end":{"line":19,"column":null}},"7":{"start":{"line":20,"column":27},"end":{"line":20,"column":null}},"8":{"start":{"line":21,"column":23},"end":{"line":21,"column":null}},"9":{"start":{"line":22,"column":4},"end":{"line":30,"column":null}},"10":{"start":{"line":23,"column":6},"end":{"line":29,"column":null}},"11":{"start":{"line":33,"column":16},"end":{"line":33,"column":null}},"12":{"start":{"line":34,"column":21},"end":{"line":34,"column":null}},"13":{"start":{"line":35,"column":2},"end":{"line":41,"column":null}}},"fnMap":{"0":{"name":"(anonymous_0)","decl":{"start":{"line":13,"column":36},"end":{"line":13,"column":37}},"loc":{"start":{"line":13,"column":93},"end":{"line":42,"column":null}},"line":13}},"branchMap":{"0":{"loc":{"start":{"line":15,"column":21},"end":{"line":15,"column":null}},"type":"binary-expr","locations":[{"start":{"line":15,"column":21},"end":{"line":15,"column":47}},{"start":{"line":15,"column":47},"end":{"line":15,"column":null}}],"line":15},"1":{"loc":{"start":{"line":22,"column":4},"end":{"line":30,"column":null}},"type":"if","locations":[{"start":{"line":22,"column":4},"end":{"line":30,"column":null}},{"start":{},"end":{}}],"line":22}},"s":{"0":1,"1":2,"2":2,"3":2,"4":2,"5":2,"6":4,"7":4,"8":4,"9":4,"10":1,"11":1,"12":1,"13":1},"f":{"0":2},"b":{"0":[2,0],"1":[1,3]},"meta":{"lastBranch":2,"lastFunction":1,"lastStatement":14,"seen":{"s:13:36:42:Infinity":0,"f:13:36:13:37":0,"s:14:8:14:Infinity":1,"s:15:21:15:Infinity":2,"b:15:21:15:47:15:47:15:Infinity":0,"s:16:20:16:Infinity":3,"s:18:2:31:Infinity":4,"s:18:21:18:24":5,"s:19:26:19:Infinity":6,"s:20:27:20:Infinity":7,"s:21:23:21:Infinity":8,"b:22:4:30:Infinity:undefined:undefined:undefined:undefined":1,"s:22:4:30:Infinity":9,"s:23:6:29:Infinity":10,"s:33:16:33:Infinity":11,"s:34:21:34:Infinity":12,"s:35:2:41:Infinity":13}}}
,"D:\\GitHub\\NanoBotsIdle\\src\\engine\\world\\world.ts": {"path":"D:\\GitHub\\NanoBotsIdle\\src\\engine\\world\\world.ts","statementMap":{"0":{"start":{"line":16,"column":25},"end":{"line":23,"column":null}},"1":{"start":{"line":25,"column":32},"end":{"line":25,"column":null}},"2":{"start":{"line":41,"column":2},"end":{"line":41,"column":null}},"3":{"start":{"line":44,"column":2},"end":{"line":44,"column":null}},"4":{"start":{"line":45,"column":2},"end":{"line":45,"column":null}},"5":{"start":{"line":46,"column":2},"end":{"line":46,"column":null}},"6":{"start":{"line":47,"column":2},"end":{"line":47,"column":null}},"7":{"start":{"line":50,"column":4},"end":{"line":50,"column":null}},"8":{"start":{"line":51,"column":10},"end":{"line":51,"column":null}},"9":{"start":{"line":52,"column":4},"end":{"line":52,"column":null}},"10":{"start":{"line":53,"column":4},"end":{"line":53,"column":null}},"11":{"start":{"line":57,"column":4},"end":{"line":57,"column":null}},"12":{"start":{"line":61,"column":4},"end":{"line":67,"column":null}},"13":{"start":{"line":71,"column":4},"end":{"line":71,"column":null}},"14":{"start":{"line":75,"column":4},"end":{"line":75,"column":null}},"15":{"start":{"line":75,"column":36},"end":{"line":75,"column":null}},"16":{"start":{"line":76,"column":15},"end":{"line":76,"column":null}},"17":{"start":{"line":77,"column":15},"end":{"line":77,"column":null}},"18":{"start":{"line":79,"column":4},"end":{"line":85,"column":null}},"19":{"start":{"line":80,"column":12},"end":{"line":80,"column":null}},"20":{"start":{"line":81,"column":6},"end":{"line":84,"column":null}},"21":{"start":{"line":82,"column":8},"end":{"line":82,"column":null}},"22":{"start":{"line":83,"column":8},"end":{"line":83,"column":null}},"23":{"start":{"line":86,"column":4},"end":{"line":86,"column":null}},"24":{"start":{"line":90,"column":4},"end":{"line":90,"column":null}},"25":{"start":{"line":94,"column":4},"end":{"line":94,"column":null}},"26":{"start":{"line":98,"column":10},"end":{"line":98,"column":null}},"27":{"start":{"line":99,"column":4},"end":{"line":99,"column":null}},"28":{"start":{"line":103,"column":17},"end":{"line":103,"column":null}},"29":{"start":{"line":104,"column":4},"end":{"line":104,"column":null}},"30":{"start":{"line":104,"column":28},"end":{"line":104,"column":null}},"31":{"start":{"line":105,"column":4},"end":{"line":105,"column":null}},"32":{"start":{"line":109,"column":4},"end":{"line":109,"column":null}},"33":{"start":{"line":109,"column":53},"end":{"line":109,"column":null}},"34":{"start":{"line":110,"column":4},"end":{"line":112,"column":null}},"35":{"start":{"line":111,"column":6},"end":{"line":111,"column":null}},"36":{"start":{"line":111,"column":68},"end":{"line":111,"column":null}},"37":{"start":{"line":113,"column":4},"end":{"line":113,"column":null}},"38":{"start":{"line":117,"column":16},"end":{"line":117,"column":null}},"39":{"start":{"line":118,"column":4},"end":{"line":126,"column":null}},"40":{"start":{"line":119,"column":6},"end":{"line":119,"column":null}},"41":{"start":{"line":120,"column":6},"end":{"line":124,"column":null}},"42":{"start":{"line":121,"column":8},"end":{"line":121,"column":null}},"43":{"start":{"line":123,"column":8},"end":{"line":123,"column":null}},"44":{"start":{"line":125,"column":6},"end":{"line":125,"column":null}},"45":{"start":{"line":127,"column":4},"end":{"line":127,"column":null}},"46":{"start":{"line":128,"column":4},"end":{"line":128,"column":null}},"47":{"start":{"line":138,"column":10},"end":{"line":144,"column":null}},"48":{"start":{"line":145,"column":4},"end":{"line":145,"column":null}},"49":{"start":{"line":145,"column":28},"end":{"line":145,"column":null}},"50":{"start":{"line":147,"column":26},"end":{"line":147,"column":null}},"51":{"start":{"line":150,"column":19},"end":{"line":150,"column":null}},"52":{"start":{"line":151,"column":4},"end":{"line":158,"column":null}},"53":{"start":{"line":152,"column":6},"end":{"line":152,"column":null}},"54":{"start":{"line":153,"column":6},"end":{"line":153,"column":null}},"55":{"start":{"line":153,"column":20},"end":{"line":153,"column":null}},"56":{"start":{"line":154,"column":6},"end":{"line":157,"column":null}},"57":{"start":{"line":155,"column":8},"end":{"line":155,"column":null}},"58":{"start":{"line":156,"column":8},"end":{"line":156,"column":null}},"59":{"start":{"line":161,"column":23},"end":{"line":161,"column":null}},"60":{"start":{"line":163,"column":18},"end":{"line":172,"column":null}},"61":{"start":{"line":164,"column":12},"end":{"line":170,"column":null}},"62":{"start":{"line":171,"column":6},"end":{"line":171,"column":null}},"63":{"start":{"line":171,"column":29},"end":{"line":171,"column":null}},"64":{"start":{"line":174,"column":4},"end":{"line":174,"column":null}},"65":{"start":{"line":175,"column":4},"end":{"line":175,"column":null}},"66":{"start":{"line":176,"column":4},"end":{"line":176,"column":null}},"67":{"start":{"line":177,"column":4},"end":{"line":177,"column":null}},"68":{"start":{"line":183,"column":20},"end":{"line":183,"column":null}},"69":{"start":{"line":185,"column":4},"end":{"line":195,"column":null}},"70":{"start":{"line":185,"column":18},"end":{"line":185,"column":25}},"71":{"start":{"line":186,"column":19},"end":{"line":186,"column":null}},"72":{"start":{"line":187,"column":6},"end":{"line":187,"column":null}},"73":{"start":{"line":187,"column":40},"end":{"line":187,"column":null}},"74":{"start":{"line":189,"column":6},"end":{"line":189,"column":null}},"75":{"start":{"line":190,"column":6},"end":{"line":190,"column":null}},"76":{"start":{"line":190,"column":20},"end":{"line":190,"column":null}},"77":{"start":{"line":191,"column":6},"end":{"line":194,"column":null}},"78":{"start":{"line":192,"column":8},"end":{"line":192,"column":null}},"79":{"start":{"line":193,"column":8},"end":{"line":193,"column":null}},"80":{"start":{"line":196,"column":4},"end":{"line":196,"column":null}},"81":{"start":{"line":200,"column":4},"end":{"line":200,"column":null}},"82":{"start":{"line":201,"column":4},"end":{"line":201,"column":null}},"83":{"start":{"line":202,"column":4},"end":{"line":202,"column":null}},"84":{"start":{"line":203,"column":26},"end":{"line":203,"column":null}},"85":{"start":{"line":204,"column":10},"end":{"line":204,"column":null}},"86":{"start":{"line":205,"column":22},"end":{"line":205,"column":null}},"87":{"start":{"line":207,"column":4},"end":{"line":211,"column":null}},"88":{"start":{"line":207,"column":17},"end":{"line":207,"column":31}},"89":{"start":{"line":208,"column":6},"end":{"line":210,"column":null}},"90":{"start":{"line":208,"column":19},"end":{"line":208,"column":33}},"91":{"start":{"line":209,"column":8},"end":{"line":209,"column":null}},"92":{"start":{"line":221,"column":16},"end":{"line":221,"column":null}},"93":{"start":{"line":222,"column":4},"end":{"line":228,"column":null}},"94":{"start":{"line":223,"column":6},"end":{"line":227,"column":null}},"95":{"start":{"line":223,"column":20},"end":{"line":223,"column":26}},"96":{"start":{"line":224,"column":8},"end":{"line":226,"column":null}},"97":{"start":{"line":224,"column":22},"end":{"line":224,"column":28}},"98":{"start":{"line":225,"column":10},"end":{"line":225,"column":null}},"99":{"start":{"line":230,"column":4},"end":{"line":230,"column":null}},"100":{"start":{"line":234,"column":16},"end":{"line":234,"column":null}},"101":{"start":{"line":235,"column":4},"end":{"line":235,"column":null}},"102":{"start":{"line":235,"column":37},"end":{"line":235,"column":null}},"103":{"start":{"line":236,"column":4},"end":{"line":236,"column":null}},"104":{"start":{"line":238,"column":10},"end":{"line":238,"column":null}},"105":{"start":{"line":239,"column":22},"end":{"line":239,"column":null}},"106":{"start":{"line":240,"column":19},"end":{"line":240,"column":null}},"107":{"start":{"line":241,"column":19},"end":{"line":241,"column":null}},"108":{"start":{"line":242,"column":17},"end":{"line":242,"column":null}},"109":{"start":{"line":243,"column":17},"end":{"line":243,"column":null}},"110":{"start":{"line":246,"column":4},"end":{"line":250,"column":null}},"111":{"start":{"line":247,"column":6},"end":{"line":249,"column":null}},"112":{"start":{"line":252,"column":57},"end":{"line":252,"column":null}},"113":{"start":{"line":254,"column":4},"end":{"line":258,"column":null}},"114":{"start":{"line":254,"column":17},"end":{"line":254,"column":25}},"115":{"start":{"line":255,"column":6},"end":{"line":257,"column":null}},"116":{"start":{"line":255,"column":19},"end":{"line":255,"column":27}},"117":{"start":{"line":256,"column":8},"end":{"line":256,"column":null}},"118":{"start":{"line":260,"column":4},"end":{"line":264,"column":null}},"119":{"start":{"line":261,"column":6},"end":{"line":263,"column":null}},"120":{"start":{"line":262,"column":8},"end":{"line":262,"column":null}},"121":{"start":{"line":266,"column":4},"end":{"line":266,"column":null}},"122":{"start":{"line":270,"column":4},"end":{"line":270,"column":null}},"123":{"start":{"line":274,"column":22},"end":{"line":274,"column":null}},"124":{"start":{"line":275,"column":14},"end":{"line":275,"column":null}},"125":{"start":{"line":276,"column":4},"end":{"line":282,"column":null}},"126":{"start":{"line":277,"column":21},"end":{"line":277,"column":null}},"127":{"start":{"line":278,"column":6},"end":{"line":278,"column":null}},"128":{"start":{"line":279,"column":6},"end":{"line":279,"column":null}},"129":{"start":{"line":280,"column":6},"end":{"line":280,"column":null}},"130":{"start":{"line":281,"column":6},"end":{"line":281,"column":null}},"131":{"start":{"line":283,"column":4},"end":{"line":283,"column":null}},"132":{"start":{"line":287,"column":4},"end":{"line":287,"column":null}},"133":{"start":{"line":291,"column":20},"end":{"line":291,"column":null}},"134":{"start":{"line":292,"column":4},"end":{"line":292,"column":null}},"135":{"start":{"line":292,"column":36},"end":{"line":292,"column":null}},"136":{"start":{"line":293,"column":4},"end":{"line":293,"column":null}},"137":{"start":{"line":293,"column":28},"end":{"line":293,"column":null}},"138":{"start":{"line":295,"column":4},"end":{"line":295,"column":null}},"139":{"start":{"line":295,"column":35},"end":{"line":295,"column":null}},"140":{"start":{"line":297,"column":28},"end":{"line":297,"column":null}},"141":{"start":{"line":298,"column":4},"end":{"line":298,"column":null}},"142":{"start":{"line":300,"column":65},"end":{"line":300,"column":null}},"143":{"start":{"line":301,"column":67},"end":{"line":301,"column":null}},"144":{"start":{"line":303,"column":19},"end":{"line":310,"column":null}},"145":{"start":{"line":304,"column":18},"end":{"line":304,"column":null}},"146":{"start":{"line":305,"column":18},"end":{"line":305,"column":null}},"147":{"start":{"line":306,"column":6},"end":{"line":306,"column":null}},"148":{"start":{"line":307,"column":18},"end":{"line":307,"column":null}},"149":{"start":{"line":308,"column":6},"end":{"line":308,"column":null}},"150":{"start":{"line":308,"column":23},"end":{"line":308,"column":null}},"151":{"start":{"line":309,"column":6},"end":{"line":309,"column":null}},"152":{"start":{"line":309,"column":23},"end":{"line":309,"column":null}},"153":{"start":{"line":312,"column":4},"end":{"line":314,"column":null}},"154":{"start":{"line":313,"column":6},"end":{"line":313,"column":null}},"155":{"start":{"line":316,"column":4},"end":{"line":316,"column":null}}},"fnMap":{"0":{"name":"(anonymous_0)","decl":{"start":{"line":49,"column":2},"end":{"line":49,"column":14}},"loc":{"start":{"line":49,"column":37},"end":{"line":58,"column":null}},"line":49},"1":{"name":"(anonymous_1)","decl":{"start":{"line":60,"column":2},"end":{"line":60,"column":13}},"loc":{"start":{"line":60,"column":46},"end":{"line":68,"column":null}},"line":60},"2":{"name":"(anonymous_2)","decl":{"start":{"line":70,"column":2},"end":{"line":70,"column":16}},"loc":{"start":{"line":70,"column":16},"end":{"line":72,"column":null}},"line":70},"3":{"name":"(anonymous_3)","decl":{"start":{"line":74,"column":2},"end":{"line":74,"column":20}},"loc":{"start":{"line":74,"column":69},"end":{"line":87,"column":null}},"line":74},"4":{"name":"(anonymous_4)","decl":{"start":{"line":89,"column":2},"end":{"line":89,"column":6}},"loc":{"start":{"line":89,"column":39},"end":{"line":91,"column":null}},"line":89},"5":{"name":"(anonymous_5)","decl":{"start":{"line":93,"column":2},"end":{"line":93,"column":16}},"loc":{"start":{"line":93,"column":29},"end":{"line":95,"column":null}},"line":93},"6":{"name":"(anonymous_6)","decl":{"start":{"line":97,"column":2},"end":{"line":97,"column":17}},"loc":{"start":{"line":97,"column":50},"end":{"line":100,"column":nu
[...]
,"D:\\GitHub\\NanoBotsIdle\\src\\utils\\migrations\\registry.ts": {"path":"D:\\GitHub\\NanoBotsIdle\\src\\utils\\migrations\\registry.ts","statementMap":{"0":{"start":{"line":15,"column":32},"end":{"line":20,"column":null}},"1":{"start":{"line":29,"column":2},"end":{"line":31,"column":null}},"2":{"start":{"line":30,"column":4},"end":{"line":30,"column":null}},"3":{"start":{"line":33,"column":2},"end":{"line":35,"column":null}},"4":{"start":{"line":34,"column":4},"end":{"line":34,"column":null}},"5":{"start":{"line":37,"column":28},"end":{"line":37,"column":null}},"6":{"start":{"line":38,"column":23},"end":{"line":38,"column":null}},"7":{"start":{"line":40,"column":2},"end":{"line":54,"column":null}},"8":{"start":{"line":41,"column":22},"end":{"line":43,"column":null}},"9":{"start":{"line":42,"column":13},"end":{"line":42,"column":null}},"10":{"start":{"line":45,"column":4},"end":{"line":50,"column":null}},"11":{"start":{"line":46,"column":6},"end":{"line":49,"column":null}},"12":{"start":{"line":52,"column":4},"end":{"line":52,"column":null}},"13":{"start":{"line":53,"column":4},"end":{"line":53,"column":null}},"14":{"start":{"line":56,"column":2},"end":{"line":56,"column":null}},"15":{"start":{"line":66,"column":16},"end":{"line":66,"column":null}},"16":{"start":{"line":68,"column":2},"end":{"line":76,"column":null}},"17":{"start":{"line":69,"column":4},"end":{"line":75,"column":null}},"18":{"start":{"line":70,"column":6},"end":{"line":70,"column":null}},"19":{"start":{"line":72,"column":6},"end":{"line":74,"column":null}},"20":{"start":{"line":78,"column":2},"end":{"line":78,"column":null}}},"fnMap":{"0":{"name":"getMigrationsPath","decl":{"start":{"line":28,"column":16},"end":{"line":28,"column":34}},"loc":{"start":{"line":28,"column":87},"end":{"line":57,"column":null}},"line":28},"1":{"name":"(anonymous_1)","decl":{"start":{"line":42,"column":6},"end":{"line":42,"column":7}},"loc":{"start":{"line":42,"column":13},"end":{"line":42,"column":null}},"line":42},"2":{"name":"applyMigrations","decl":{"start":{"line":65,"column":16},"end":{"line":65,"column":32}},"loc":{"start":{"line":65,"column":88},"end":{"line":79,"column":null}},"line":65}},"branchMap":{"0":{"loc":{"start":{"line":29,"column":2},"end":{"line":31,"column":null}},"type":"if","locations":[{"start":{"line":29,"column":2},"end":{"line":31,"column":null}},{"start":{},"end":{}}],"line":29},"1":{"loc":{"start":{"line":33,"column":2},"end":{"line":35,"column":null}},"type":"if","locations":[{"start":{"line":33,"column":2},"end":{"line":35,"column":null}},{"start":{},"end":{}}],"line":33},"2":{"loc":{"start":{"line":42,"column":13},"end":{"line":42,"column":null}},"type":"binary-expr","locations":[{"start":{"line":42,"column":13},"end":{"line":42,"column":49}},{"start":{"line":42,"column":49},"end":{"line":42,"column":null}}],"line":42},"3":{"loc":{"start":{"line":45,"column":4},"end":{"line":50,"column":null}},"type":"if","locations":[{"start":{"line":45,"column":4},"end":{"line":50,"column":null}},{"start":{},"end":{}}],"line":45}},"s":{"0":2,"1":12,"2":1,"3":11,"4":1,"5":10,"6":10,"7":10,"8":11,"9":11,"10":11,"11":1,"12":10,"13":10,"14":9,"15":8,"16":8,"17":8,"18":8,"19":1,"20":7},"f":{"0":12,"1":11,"2":8},"b":{"0":[1,11],"1":[1,10],"2":[11,10],"3":[1,10]},"meta":{"lastBranch":4,"lastFunction":3,"lastStatement":21,"seen":{"s:15:32:20:Infinity":0,"f:28:16:28:34":0,"b:29:2:31:Infinity:undefined:undefined:undefined:undefined":0,"s:29:2:31:Infinity":1,"s:30:4:30:Infinity":2,"b:33:2:35:Infinity:undefined:undefined:undefined:undefined":1,"s:33:2:35:Infinity":3,"s:34:4:34:Infinity":4,"s:37:28:37:Infinity":5,"s:38:23:38:Infinity":6,"s:40:2:54:Infinity":7,"s:41:22:43:Infinity":8,"f:42:6:42:7":1,"s:42:13:42:Infinity":9,"b:42:13:42:49:42:49:42:Infinity":2,"b:45:4:50:Infinity:undefined:undefined:undefined:undefined":3,"s:45:4:50:Infinity":10,"s:46:6:49:Infinity":11,"s:52:4:52:Infinity":12,"s:53:4:53:Infinity":13,"s:56:2:56:Infinity":14,"f:65:16:65:32":2,"s:66:16:66:Infinity":15,"s:68:2:76:Infinity":16,"s:69:4:75:Infinity":17,"s:70:6:70:Infinity":18,"s:72:6:74:Infinity":19,"s:78:2:78:Infinity":20}}}
,"D:\\GitHub\\NanoBotsIdle\\src\\utils\\migrations\\types.ts": {"path":"D:\\GitHub\\NanoBotsIdle\\src\\utils\\migrations\\types.ts","statementMap":{"0":{"start":{"line":13,"column":36},"end":{"line":13,"column":null}}},"fnMap":{},"branchMap":{},"s":{"0":3},"f":{},"b":{},"meta":{"lastBranch":0,"lastFunction":0,"lastStatement":1,"seen":{"s:13:36:13:Infinity":0}}}
,"D:\\GitHub\\NanoBotsIdle\\src\\utils\\migrations\\v1-to-v2.ts": {"path":"D:\\GitHub\\NanoBotsIdle\\src\\utils\\migrations\\v1-to-v2.ts","statementMap":{"0":{"start":{"line":46,"column":2},"end":{"line":55,"column":null}},"1":{"start":{"line":61,"column":40},"end":{"line":73,"column":null}},"2":{"start":{"line":67,"column":4},"end":{"line":69,"column":null}},"3":{"start":{"line":68,"column":6},"end":{"line":68,"column":null}},"4":{"start":{"line":71,"column":4},"end":{"line":71,"column":null}}},"fnMap":{"0":{"name":"transformV1ToV2","decl":{"start":{"line":45,"column":9},"end":{"line":45,"column":25}},"loc":{"start":{"line":45,"column":57},"end":{"line":56,"column":null}},"line":45},"1":{"name":"(anonymous_1)","decl":{"start":{"line":65,"column":11},"end":{"line":65,"column":12}},"loc":{"start":{"line":65,"column":42},"end":{"line":72,"column":null}},"line":65}},"branchMap":{"0":{"loc":{"start":{"line":47,"column":13},"end":{"line":47,"column":null}},"type":"binary-expr","locations":[{"start":{"line":47,"column":13},"end":{"line":47,"column":31}},{"start":{"line":47,"column":31},"end":{"line":47,"column":null}}],"line":47},"1":{"loc":{"start":{"line":48,"column":19},"end":{"line":48,"column":null}},"type":"binary-expr","locations":[{"start":{"line":48,"column":19},"end":{"line":48,"column":43}},{"start":{"line":48,"column":43},"end":{"line":48,"column":null}}],"line":48},"2":{"loc":{"start":{"line":49,"column":16},"end":{"line":49,"column":null}},"type":"binary-expr","locations":[{"start":{"line":49,"column":16},"end":{"line":49,"column":37}},{"start":{"line":49,"column":37},"end":{"line":49,"column":null}}],"line":49},"3":{"loc":{"start":{"line":50,"column":22},"end":{"line":50,"column":null}},"type":"binary-expr","locations":[{"start":{"line":50,"column":22},"end":{"line":50,"column":49}},{"start":{"line":50,"column":49},"end":{"line":50,"column":null}}],"line":50},"4":{"loc":{"start":{"line":51,"column":20},"end":{"line":51,"column":null}},"type":"binary-expr","locations":[{"start":{"line":51,"column":20},"end":{"line":51,"column":45}},{"start":{"line":51,"column":45},"end":{"line":51,"column":null}}],"line":51},"5":{"loc":{"start":{"line":52,"column":21},"end":{"line":52,"column":null}},"type":"binary-expr","locations":[{"start":{"line":52,"column":21},"end":{"line":52,"column":47}},{"start":{"line":52,"column":47},"end":{"line":52,"column":null}}],"line":52},"6":{"loc":{"start":{"line":53,"column":17},"end":{"line":53,"column":null}},"type":"binary-expr","locations":[{"start":{"line":53,"column":17},"end":{"line":53,"column":39}},{"start":{"line":53,"column":39},"end":{"line":53,"column":null}}],"line":53},"7":{"loc":{"start":{"line":67,"column":4},"end":{"line":69,"column":null}},"type":"if","locations":[{"start":{"line":67,"column":4},"end":{"line":69,"column":null}},{"start":{},"end":{}}],"line":67},"8":{"loc":{"start":{"line":67,"column":8},"end":{"line":67,"column":43}},"type":"binary-expr","locations":[{"start":{"line":67,"column":8},"end":{"line":67,"column":17}},{"start":{"line":67,"column":17},"end":{"line":67,"column":43}}],"line":67}},"s":{"0":7,"1":2,"2":8,"3":1,"4":7},"f":{"0":7,"1":8},"b":{"0":[7,1],"1":[7,1],"2":[7,1],"3":[7,3],"4":[7,3],"5":[7,3],"6":[7,2],"7":[1,7],"8":[8,8]},"meta":{"lastBranch":9,"lastFunction":2,"lastStatement":5,"seen":{"f:45:9:45:25":0,"s:46:2:55:Infinity":0,"b:47:13:47:31:47:31:47:Infinity":0,"b:48:19:48:43:48:43:48:Infinity":1,"b:49:16:49:37:49:37:49:Infinity":2,"b:50:22:50:49:50:49:50:Infinity":3,"b:51:20:51:45:51:45:51:Infinity":4,"b:52:21:52:47:52:47:52:Infinity":5,"b:53:17:53:39:53:39:53:Infinity":6,"s:61:40:73:Infinity":1,"f:65:11:65:12":1,"b:67:4:69:Infinity:undefined:undefined:undefined:undefined":7,"s:67:4:69:Infinity":2,"b:67:8:67:17:67:17:67:43":8,"s:68:6:68:Infinity":3,"s:71:4:71:Infinity":4}}}
,"D:\\GitHub\\NanoBotsIdle\\src\\utils\\migrations\\validation.ts": {"path":"D:\\GitHub\\NanoBotsIdle\\src\\utils\\migrations\\validation.ts","statementMap":{"0":{"start":{"line":18,"column":27},"end":{"line":18,"column":null}},"1":{"start":{"line":19,"column":29},"end":{"line":19,"column":null}},"2":{"start":{"line":22,"column":2},"end":{"line":25,"column":null}},"3":{"start":{"line":23,"column":4},"end":{"line":23,"column":null}},"4":{"start":{"line":24,"column":4},"end":{"line":24,"column":null}},"5":{"start":{"line":27,"column":15},"end":{"line":27,"column":null}},"6":{"start":{"line":30,"column":2},"end":{"line":39,"column":null}},"7":{"start":{"line":31,"column":4},"end":{"line":31,"column":null}},"8":{"start":{"line":32,"column":2},"end":{"line":39,"column":null}},"9":{"start":{"line":33,"column":4},"end":{"line":33,"column":null}},"10":{"start":{"line":34,"column":2},"end":{"line":39,"column":null}},"11":{"start":{"line":35,"column":4},"end":{"line":38,"column":null}},"12":{"start":{"line":41,"column":2},"end":{"line":43,"column":null}},"13":{"start":{"line":42,"column":4},"end":{"line":42,"column":null}},"14":{"start":{"line":45,"column":2},"end":{"line":47,"column":null}},"15":{"start":{"line":46,"column":4},"end":{"line":46,"column":null}},"16":{"start":{"line":49,"column":2},"end":{"line":53,"column":null}},"17":{"start":{"line":62,"column":27},"end":{"line":62,"column":null}},"18":{"start":{"line":63,"column":29},"end":{"line":63,"column":null}},"19":{"start":{"line":66,"column":45},"end":{"line":75,"column":null}},"20":{"start":{"line":77,"column":2},"end":{"line":82,"column":null}},"21":{"start":{"line":78,"column":18},"end":{"line":78,"column":null}},"22":{"start":{"line":79,"column":4},"end":{"line":81,"column":null}},"23":{"start":{"line":80,"column":6},"end":{"line":80,"column":null}},"24":{"start":{"line":85,"column":2},"end":{"line":87,"column":null}},"25":{"start":{"line":86,"column":4},"end":{"line":86,"column":null}},"26":{"start":{"line":89,"column":2},"end":{"line":91,"column":null}},"27":{"start":{"line":90,"column":4},"end":{"line":90,"column":null}},"28":{"start":{"line":93,"column":2},"end":{"line":95,"column":null}},"29":{"start":{"line":94,"column":4},"end":{"line":94,"column":null}},"30":{"start":{"line":97,"column":2},"end":{"line":101,"column":null}},"31":{"start":{"line":110,"column":2},"end":{"line":120,"column":null}}},"fnMap":{"0":{"name":"validateSaveStructure","decl":{"start":{"line":17,"column":16},"end":{"line":17,"column":38}},"loc":{"start":{"line":17,"column":71},"end":{"line":54,"column":null}},"line":17},"1":{"name":"validateGameState","decl":{"start":{"line":61,"column":16},"end":{"line":61,"column":34}},"loc":{"start":{"line":61,"column":78},"end":{"line":102,"column":null}},"line":61},"2":{"name":"sanitizeGameState","decl":{"start":{"line":109,"column":16},"end":{"line":109,"column":34}},"loc":{"start":{"line":109,"column":80},"end":{"line":121,"column":null}},"line":109}},"branchMap":{"0":{"loc":{"start":{"line":22,"column":2},"end":{"line":25,"column":null}},"type":"if","locations":[{"start":{"line":22,"column":2},"end":{"line":25,"column":null}},{"start":{},"end":{}}],"line":22},"1":{"loc":{"start":{"line":22,"column":6},"end":{"line":22,"column":41}},"type":"binary-expr","locations":[{"start":{"line":22,"column":6},"end":{"line":22,"column":15}},{"start":{"line":22,"column":15},"end":{"line":22,"column":41}}],"line":22},"2":{"loc":{"start":{"line":30,"column":2},"end":{"line":39,"column":null}},"type":"if","locations":[{"start":{"line":30,"column":2},"end":{"line":39,"column":null}},{"start":{"line":32,"column":2},"end":{"line":39,"column":null}}],"line":30},"3":{"loc":{"start":{"line":32,"column":2},"end":{"line":39,"column":null}},"type":"if","locations":[{"start":{"line":32,"column":2},"end":{"line":39,"column":null}},{"start":{"line":34,"column":2},"end":{"line":39,"column":null}}],"line":32},"4":{"loc":{"start":{"line":34,"column":2},"end":{"line":39,"column":null}},"type":"if","locations":[{"start":{"line":34,"column":2},"end":{"line":39,"column":null}},{"start":{},"end":{}}],"line":34},"5":{"loc":{"start":{"line":41,"column":2},"end":{"line":43,"column":null}},"type":"if","locations":[{"start":{"line":41,"column":2},"end":{"line":43,"column":null}},{"start":{},"end":{}}],"line":41},"6":{"loc":{"start":{"line":45,"column":2},"end":{"line":47,"column":null}},"type":"if","locations":[{"start":{"line":45,"column":2},"end":{"line":47,"column":null}},{"start":{},"end":{}}],"line":45},"7":{"loc":{"start":{"line":45,"column":6},"end":{"line":45,"column":51}},"type":"binary-expr","locations":[{"start":{"line":45,"column":6},"end":{"line":45,"column":20}},{"start":{"line":45,"column":20},"end":{"line":45,"column":51}}],"line":45},"8":{"loc":{"start":{"line":79,"column":4},"end":{"line":81,"column":null}},"type":"if","locations":[{"start":{"line":79,"column":4},"end":{"line":81,"column":null}},{"start":{},"end":{}}],"line":79},"9":{"loc":{"start":{"line":79,"column":8},"end":{"line":79,"column":87}},"type":"binary-expr","locations":[{"start":{"line":79,"column":8},"end":{"line":79,"column":32}},{"start":{"line":79,"column":32},"end":{"line":79,"column":61}},{"start":{"line":79,"column":61},"end":{"line":79,"column":87}}],"line":79},"10":{"loc":{"start":{"line":85,"column":2},"end":{"line":87,"column":null}},"type":"if","locations":[{"start":{"line":85,"column":2},"end":{"line":87,"column":null}},{"start":{},"end":{}}],"line":85},"11":{"loc":{"start":{"line":85,"column":6},"end":{"line":85,"column":60}},"type":"binary-expr","locations":[{"start":{"line":85,"column":6},"end":{"line":85,"column":42}},{"start":{"line":85,"column":42},"end":{"line":85,"column":60}}],"line":85},"12":{"loc":{"start":{"line":89,"column":2},"end":{"line":91,"column":null}},"type":"if","locations":[{"start":{"line":89,"column":2},"end":{"line":91,"column":null}},{"start":{},"end":{}}],"line":89},"13":{"loc":{"start":{"line":89,"column":6},"end":{"line":89,"column":72}},"type":"binary-expr","locations":[{"start":{"line":89,"column":6},"end":{"line":89,"column":48}},{"start":{"line":89,"column":48},"end":{"line":89,"column":72}}],"line":89},"14":{"loc":{"start":{"line":93,"column":2},"end":{"line":95,"column":null}},"type":"if","locations":[{"start":{"line":93,"column":2},"end":{"line":95,"column":null}},{"start":{},"end":{}}],"line":93},"15":{"loc":{"start":{"line":93,"column":6},"end":{"line":93,"column":66}},"type":"binary-expr","locations":[{"start":{"line":93,"column":6},"end":{"line":93,"column":45}},{"start":{"line":93,"column":45},"end":{"line":93,"column":66}}],"line":93},"16":{"loc":{"start":{"line":112,"column":25},"end":{"line":112,"column":42}},"type":"binary-expr","locations":[{"start":{"line":112,"column":25},"end":{"line":112,"column":41}},{"start":{"line":112,"column":41},"end":{"line":112,"column":42}}],"line":112},"17":{"loc":{"start":{"line":113,"column":31},"end":{"line":113,"column":54}},"type":"binary-expr","locations":[{"start":{"line":113,"column":31},"end":{"line":113,"column":53}},{"start":{"line":113,"column":53},"end":{"line":113,"column":54}}],"line":113},"18":{"loc":{"start":{"line":114,"column":28},"end":{"line":114,"column":48}},"type":"binary-expr","locations":[{"start":{"line":114,"column":28},"end":{"line":114,"column":47}},{"start":{"line":114,"column":47},"end":{"line":114,"column":48}}],"line":114},"19":{"loc":{"start":{"line":115,"column":34},"end":{"line":115,"column":60}},"type":"binary-expr","locations":[{"start":{"line":115,"column":34},"end":{"line":115,"column":59}},{"start":{"line":115,"column":59},"end":{"line":115,"column":60}}],"line":115},"20":{"loc":{"start":{"line":116,"column":32},"end":{"line":116,"column":56}},"type":"binary-expr","locations":[{"start":{"line":116,"column":32},"end":{"line":116,"column":55}},{"start":{"line":116,"column":55},"end":{"line":116,"column":56}}],"line":116},"21":{"loc":{"start":{"line":117,"column":33},"end":{"line":117,"column":58}},"type":"binary-expr","locations":[{"start":{"line":117,"column":33},"end":{"line":117,"column":57}},{"start":{"line":117,"column":57},"end":{"line":117,"column":58}}],"line":117},"22":{"loc":{"start":{"line":118,"column":29},"end":{"line":118,"column":50}},"type":"binary-expr","locations":[{"start":{"line":118,"column":29},"end":{"line":118,"column":49}},{"start":{"line":118,"column":49},"end":{"line":118,"column":50}}],"line":118},"23":{"loc":{"start":{"line":119,"column":29},"end":{"line":119,"column":50}},"type":"binary-expr","locations":[{"start":{"line":119,"column":29},"end":{"line":119,"column":49}},{"start":{"line":119,"column":49},"end":{"line":119,"column":50}}],"line":119}},"s":{"0":12,"1":12,"2":12,"3":1,"4":1,"5":11,"6":11,"7":2,"8":9,"9":1,"10":8,"11":2,"12":11,"13":3,"14":11,"15":2,"16":11,"17":9,"18":9,"19":9,"20":9,"21":72,"22":72,"23":3,"24":9,"25":1,"26":9,"27":1,"28":9,"29":1,"30":9,"31":11},"f":{"0":12,"1":9,"2":11},"b":{"0":[1,11],"1":[12,12],"2":[2,9],"3":[1,8],"4":[2,6],"5":[3,8],"6":[2,9],"7":[11,9],"8":[3,69],"9":[72,30,29],"10":[1,8],"11":[9,6],"12":[1,8],"13":[9,4],"14":[1,8],"15":[9,4],"16":[11,3],"17":[11,4],"18":[11,4],"19":[11,6],"20":[11,6],"21":[11,6],"22":[11,6],"23":[11,6]},"meta":{"lastBranch":24,"lastFunction":3,"lastStatement":32,"seen":{"f:17:16:17:38":0,"s:18:27:18:Infinity":0,"s:19:29:19:Infinity":1,"b:22:2:25:Infinity:undefined:undefined:undefined:undefined":0,"s:22:2:25:Infinity":2,"b:22:6:22:15:22:15:22:41":1,"s:23:4:23:Infinity":3,"s:24:4:24:Infinity":4,"s:27:15:27:Infinity":5,"b:30:2:39:Infinity:32:2:39:Infinity":2,"s:30:2:39:Infinity":6,"s:31:4:31:Infinity":7,"b:32:2:39:Infinity:34:2:39:Infinity":3,"s:32:2:39:Infinity":8,"s:33:4:33:Infinity":9,"b:34:2:39:Infinity:undefined:undefined:undefined:undefined":4,"s:34:2:39:Infinity":10,"s:35:4:38:Infinity":11,"b:41:2:43:Infinity:undefined:undefined:undefined:undefined":5,"s:41:2:43:Infinity":12,"s:42:4:42:Infinity":13,"b:45:2:47:Infinity:undefined:undefined:undefined:undefined":6,"s:45:2:47:Infinity":14,"b:45:6:45:20:45:20:45:51":7,"s:46:4:46:Infinity":15,"s:49:2:53:Infinity":16,"f:61:16:61:34":1,"s:62:27:62:Infinity":17,"s:63:29:63:Infinity":18,"s:66:45:75:Infinity":19,"s:77:2:82:Infinity":20,"s:78:18:78:Infinity":21,"b:79:4:81:Infinity:undefined:undefined:undefined:undefined":8,"s:79:4:81:Infinity":22,"b:79:8:79:32:79:32:79:61:79:61:79:87":9,"s:80:6:80:Infinity":23,"b:85:2:87:Infinity:undefined:undefined:undefined:undefined":10,"s:85:2:87:Infinity":24,"b:85:6:85:42:85:42:85:60":11,"s:86:4:86:Infinity":25,"b:89:2:91:Infinity:undefined:undefined:undefined:undefined":12,"s:89:2:91:Infinity":26,"b:89:6:89:48:89:48:89:72":13,"s:90:4:90:Infinity":27,"b:93:2:95:Infinity:undefined:undefined:undefined:undefined":14,"s:93:2:95:Infinity":28,"b:93:6:93:45:93:45:93:66":15,"s:94:4:94:Infinity":29,"s:97:2:101:Infinity":30,"f:109:16:109:34":2,"s:110:2:120:Infinity":31,"b:112:25:112:41:112:41:112:42":16,"b:113:31:113:53:113:53:113:54":17,"b:114:28:114:47:114:47:114:48":18,"b:115:34:115:59:115:59:115:60":19,"b:116:32:116:55:116:55:116:56":20,"b:117:33:117:57:117:57:117:58":21,"b:118:29:118:49:118:49:118:50":22,"b:119:29:119:49:119:49:119:50":23}}}
}
